[2025-04-15T17:56:43.689+0000] {local_task_job_runner.py:123} INFO - ::group::Pre task execution logs
[2025-04-15T17:56:43.719+0000] {taskinstance.py:2614} INFO - Dependencies all met for dep_context=non-requeueable deps ti=<TaskInstance: flight_price_prediction.extract_data manual__2025-04-15T17:56:34.597942+00:00 [queued]>
[2025-04-15T17:56:43.729+0000] {taskinstance.py:2614} INFO - Dependencies all met for dep_context=requeueable deps ti=<TaskInstance: flight_price_prediction.extract_data manual__2025-04-15T17:56:34.597942+00:00 [queued]>
[2025-04-15T17:56:43.729+0000] {taskinstance.py:2867} INFO - Starting attempt 1 of 2
[2025-04-15T17:56:43.752+0000] {taskinstance.py:2890} INFO - Executing <Task(PythonOperator): extract_data> on 2025-04-15 17:56:34.597942+00:00
[2025-04-15T17:56:43.766+0000] {warnings.py:112} WARNING - /home/***/.local/lib/python3.12/site-packages/***/task/task_runner/standard_task_runner.py:70: DeprecationWarning: This process (pid=100) is multi-threaded, use of fork() may lead to deadlocks in the child.
  pid = os.fork()

[2025-04-15T17:56:43.769+0000] {standard_task_runner.py:72} INFO - Started process 109 to run task
[2025-04-15T17:56:43.768+0000] {standard_task_runner.py:104} INFO - Running: ['***', 'tasks', 'run', 'flight_price_prediction', 'extract_data', 'manual__2025-04-15T17:56:34.597942+00:00', '--job-id', '5', '--raw', '--subdir', 'DAGS_FOLDER/flight_prediction_dag.py', '--cfg-path', '/tmp/tmp30muu390']
[2025-04-15T17:56:43.770+0000] {standard_task_runner.py:105} INFO - Job 5: Subtask extract_data
[2025-04-15T17:56:43.823+0000] {task_command.py:467} INFO - Running <TaskInstance: flight_price_prediction.extract_data manual__2025-04-15T17:56:34.597942+00:00 [running]> on host ***-worker
[2025-04-15T17:56:43.915+0000] {taskinstance.py:3134} INFO - Exporting env vars: AIRFLOW_CTX_DAG_OWNER='***' AIRFLOW_CTX_DAG_ID='flight_price_prediction' AIRFLOW_CTX_TASK_ID='extract_data' AIRFLOW_CTX_EXECUTION_DATE='2025-04-15T17:56:34.597942+00:00' AIRFLOW_CTX_TRY_NUMBER='1' AIRFLOW_CTX_DAG_RUN_ID='manual__2025-04-15T17:56:34.597942+00:00'
[2025-04-15T17:56:43.917+0000] {logging_mixin.py:190} INFO - Task instance is in running state
[2025-04-15T17:56:43.918+0000] {logging_mixin.py:190} INFO -  Previous state of the Task instance: queued
[2025-04-15T17:56:43.919+0000] {logging_mixin.py:190} INFO - Current task name:extract_data state:running start_date:2025-04-15 17:56:43.720402+00:00
[2025-04-15T17:56:43.920+0000] {logging_mixin.py:190} INFO - Dag name:flight_price_prediction and current dag run status:running
[2025-04-15T17:56:43.921+0000] {taskinstance.py:732} INFO - ::endgroup::
[2025-04-15T17:56:44.873+0000] {logging_mixin.py:190} INFO - ✅ Data loaded successfully.
[2025-04-15T17:56:47.713+0000] {logging_mixin.py:190} INFO - ✅ Data extracted and saved to cleaned.csv
[2025-04-15T17:56:47.725+0000] {python.py:240} INFO - Done. Returned value was: None
[2025-04-15T17:56:47.740+0000] {taskinstance.py:341} INFO - ::group::Post task execution logs
[2025-04-15T17:56:47.741+0000] {taskinstance.py:353} INFO - Marking task as SUCCESS. dag_id=flight_price_prediction, task_id=extract_data, run_id=manual__2025-04-15T17:56:34.597942+00:00, execution_date=20250415T175634, start_date=20250415T175643, end_date=20250415T175647
[2025-04-15T17:56:47.782+0000] {logging_mixin.py:190} INFO - Task instance in success state
[2025-04-15T17:56:47.783+0000] {logging_mixin.py:190} INFO -  Previous state of the Task instance: running
[2025-04-15T17:56:47.784+0000] {logging_mixin.py:190} INFO - Dag name:flight_price_prediction queued_at:2025-04-15 17:56:34.642465+00:00
[2025-04-15T17:56:47.785+0000] {logging_mixin.py:190} INFO - Task hostname:***-worker operator:PythonOperator
[2025-04-15T17:56:47.841+0000] {local_task_job_runner.py:266} INFO - Task exited with return code 0
[2025-04-15T17:56:47.934+0000] {taskinstance.py:3901} INFO - 1 downstream tasks scheduled from follow-on schedule check
[2025-04-15T17:56:47.941+0000] {local_task_job_runner.py:245} INFO - ::endgroup::
