[2025-04-14T16:25:15.894+0000] {processor.py:186} INFO - Started process (PID=107) to work on /home/airflow/.local/lib/python3.12/site-packages/airflow/example_dags/example_params_ui_tutorial.py
[2025-04-14T16:25:15.896+0000] {processor.py:914} INFO - Processing file /home/airflow/.local/lib/python3.12/site-packages/airflow/example_dags/example_params_ui_tutorial.py for tasks to queue
[2025-04-14T16:25:15.900+0000] {logging_mixin.py:190} INFO - [2025-04-14T16:25:15.899+0000] {dagbag.py:588} INFO - Filling up the DagBag from /home/airflow/.local/lib/python3.12/site-packages/airflow/example_dags/example_params_ui_tutorial.py
[2025-04-14T16:25:15.917+0000] {processor.py:925} INFO - DAG(s) 'example_params_ui_tutorial' retrieved from /home/airflow/.local/lib/python3.12/site-packages/airflow/example_dags/example_params_ui_tutorial.py
[2025-04-14T16:25:16.149+0000] {logging_mixin.py:190} INFO - [2025-04-14T16:25:16.148+0000] {dag.py:3239} INFO - Sync 1 DAGs
[2025-04-14T16:25:16.169+0000] {logging_mixin.py:190} INFO - [2025-04-14T16:25:16.168+0000] {dag.py:4180} INFO - Setting next_dagrun for example_params_ui_tutorial to None, run_after=None
[2025-04-14T16:25:16.203+0000] {processor.py:208} INFO - Processing /home/airflow/.local/lib/python3.12/site-packages/airflow/example_dags/example_params_ui_tutorial.py took 0.321 seconds
[2025-04-14T16:25:46.771+0000] {processor.py:186} INFO - Started process (PID=170) to work on /home/airflow/.local/lib/python3.12/site-packages/airflow/example_dags/example_params_ui_tutorial.py
[2025-04-14T16:25:46.772+0000] {processor.py:914} INFO - Processing file /home/airflow/.local/lib/python3.12/site-packages/airflow/example_dags/example_params_ui_tutorial.py for tasks to queue
[2025-04-14T16:25:46.778+0000] {logging_mixin.py:190} INFO - [2025-04-14T16:25:46.777+0000] {dagbag.py:588} INFO - Filling up the DagBag from /home/airflow/.local/lib/python3.12/site-packages/airflow/example_dags/example_params_ui_tutorial.py
[2025-04-14T16:25:46.807+0000] {processor.py:925} INFO - DAG(s) 'example_params_ui_tutorial' retrieved from /home/airflow/.local/lib/python3.12/site-packages/airflow/example_dags/example_params_ui_tutorial.py
[2025-04-14T16:25:47.058+0000] {logging_mixin.py:190} INFO - [2025-04-14T16:25:47.058+0000] {dag.py:3239} INFO - Sync 1 DAGs
[2025-04-14T16:25:47.148+0000] {logging_mixin.py:190} INFO - [2025-04-14T16:25:47.147+0000] {dag.py:4180} INFO - Setting next_dagrun for example_params_ui_tutorial to None, run_after=None
[2025-04-14T16:25:47.243+0000] {processor.py:208} INFO - Processing /home/airflow/.local/lib/python3.12/site-packages/airflow/example_dags/example_params_ui_tutorial.py took 0.492 seconds
[2025-04-14T16:26:19.467+0000] {processor.py:186} INFO - Started process (PID=233) to work on /home/airflow/.local/lib/python3.12/site-packages/airflow/example_dags/example_params_ui_tutorial.py
[2025-04-14T16:26:19.475+0000] {processor.py:914} INFO - Processing file /home/airflow/.local/lib/python3.12/site-packages/airflow/example_dags/example_params_ui_tutorial.py for tasks to queue
[2025-04-14T16:26:19.481+0000] {logging_mixin.py:190} INFO - [2025-04-14T16:26:19.480+0000] {dagbag.py:588} INFO - Filling up the DagBag from /home/airflow/.local/lib/python3.12/site-packages/airflow/example_dags/example_params_ui_tutorial.py
[2025-04-14T16:26:19.507+0000] {processor.py:925} INFO - DAG(s) 'example_params_ui_tutorial' retrieved from /home/airflow/.local/lib/python3.12/site-packages/airflow/example_dags/example_params_ui_tutorial.py
[2025-04-14T16:26:20.141+0000] {logging_mixin.py:190} INFO - [2025-04-14T16:26:20.139+0000] {dag.py:3239} INFO - Sync 1 DAGs
[2025-04-14T16:26:20.318+0000] {logging_mixin.py:190} INFO - [2025-04-14T16:26:20.309+0000] {dag.py:4180} INFO - Setting next_dagrun for example_params_ui_tutorial to None, run_after=None
[2025-04-14T16:26:20.586+0000] {processor.py:208} INFO - Processing /home/airflow/.local/lib/python3.12/site-packages/airflow/example_dags/example_params_ui_tutorial.py took 1.145 seconds
[2025-04-14T16:26:55.595+0000] {processor.py:186} INFO - Started process (PID=296) to work on /home/airflow/.local/lib/python3.12/site-packages/airflow/example_dags/example_params_ui_tutorial.py
[2025-04-14T16:26:55.596+0000] {processor.py:914} INFO - Processing file /home/airflow/.local/lib/python3.12/site-packages/airflow/example_dags/example_params_ui_tutorial.py for tasks to queue
[2025-04-14T16:26:55.598+0000] {logging_mixin.py:190} INFO - [2025-04-14T16:26:55.598+0000] {dagbag.py:588} INFO - Filling up the DagBag from /home/airflow/.local/lib/python3.12/site-packages/airflow/example_dags/example_params_ui_tutorial.py
[2025-04-14T16:26:55.608+0000] {processor.py:925} INFO - DAG(s) 'example_params_ui_tutorial' retrieved from /home/airflow/.local/lib/python3.12/site-packages/airflow/example_dags/example_params_ui_tutorial.py
[2025-04-14T16:26:55.659+0000] {logging_mixin.py:190} INFO - [2025-04-14T16:26:55.659+0000] {dag.py:3239} INFO - Sync 1 DAGs
[2025-04-14T16:26:55.674+0000] {logging_mixin.py:190} INFO - [2025-04-14T16:26:55.674+0000] {dag.py:4180} INFO - Setting next_dagrun for example_params_ui_tutorial to None, run_after=None
[2025-04-14T16:26:55.695+0000] {processor.py:208} INFO - Processing /home/airflow/.local/lib/python3.12/site-packages/airflow/example_dags/example_params_ui_tutorial.py took 0.106 seconds
