[2025-04-14T16:25:20.015+0000] {processor.py:186} INFO - Started process (PID=125) to work on /home/airflow/.local/lib/python3.12/site-packages/airflow/example_dags/example_datasets.py
[2025-04-14T16:25:20.016+0000] {processor.py:914} INFO - Processing file /home/airflow/.local/lib/python3.12/site-packages/airflow/example_dags/example_datasets.py for tasks to queue
[2025-04-14T16:25:20.020+0000] {logging_mixin.py:190} INFO - [2025-04-14T16:25:20.019+0000] {dagbag.py:588} INFO - Filling up the DagBag from /home/airflow/.local/lib/python3.12/site-packages/airflow/example_dags/example_datasets.py
[2025-04-14T16:25:20.943+0000] {processor.py:925} INFO - DAG(s) 'dataset_consumes_1_never_scheduled', 'dataset_consumes_1', 'conditional_dataset_and_time_based_timetable', 'dataset_consumes_1_and_2', 'consume_1_and_2_with_dataset_expressions', 'dataset_produces_1', 'consume_1_or_both_2_and_3_with_dataset_expressions', 'dataset_consumes_unknown_never_scheduled', 'dataset_produces_2', 'consume_1_or_2_with_dataset_expressions' retrieved from /home/airflow/.local/lib/python3.12/site-packages/airflow/example_dags/example_datasets.py
[2025-04-14T16:25:21.350+0000] {logging_mixin.py:190} INFO - [2025-04-14T16:25:21.349+0000] {dag.py:3239} INFO - Sync 10 DAGs
[2025-04-14T16:25:21.385+0000] {logging_mixin.py:190} INFO - [2025-04-14T16:25:21.385+0000] {dag.py:4180} INFO - Setting next_dagrun for conditional_dataset_and_time_based_timetable to 2025-04-09 01:00:00+00:00, run_after=2025-04-09 01:00:00+00:00
[2025-04-14T16:25:21.390+0000] {logging_mixin.py:190} INFO - [2025-04-14T16:25:21.390+0000] {dag.py:4180} INFO - Setting next_dagrun for consume_1_and_2_with_dataset_expressions to None, run_after=None
[2025-04-14T16:25:21.392+0000] {logging_mixin.py:190} INFO - [2025-04-14T16:25:21.392+0000] {dag.py:4180} INFO - Setting next_dagrun for consume_1_or_2_with_dataset_expressions to None, run_after=None
[2025-04-14T16:25:21.394+0000] {logging_mixin.py:190} INFO - [2025-04-14T16:25:21.394+0000] {dag.py:4180} INFO - Setting next_dagrun for consume_1_or_both_2_and_3_with_dataset_expressions to None, run_after=None
[2025-04-14T16:25:21.396+0000] {logging_mixin.py:190} INFO - [2025-04-14T16:25:21.396+0000] {dag.py:4180} INFO - Setting next_dagrun for dataset_consumes_1 to None, run_after=None
[2025-04-14T16:25:21.399+0000] {logging_mixin.py:190} INFO - [2025-04-14T16:25:21.398+0000] {dag.py:4180} INFO - Setting next_dagrun for dataset_consumes_1_and_2 to None, run_after=None
[2025-04-14T16:25:21.401+0000] {logging_mixin.py:190} INFO - [2025-04-14T16:25:21.400+0000] {dag.py:4180} INFO - Setting next_dagrun for dataset_consumes_1_never_scheduled to None, run_after=None
[2025-04-14T16:25:21.403+0000] {logging_mixin.py:190} INFO - [2025-04-14T16:25:21.402+0000] {dag.py:4180} INFO - Setting next_dagrun for dataset_consumes_unknown_never_scheduled to None, run_after=None
[2025-04-14T16:25:21.406+0000] {logging_mixin.py:190} INFO - [2025-04-14T16:25:21.406+0000] {dag.py:4180} INFO - Setting next_dagrun for dataset_produces_1 to 2025-04-13 00:00:00+00:00, run_after=2025-04-14 00:00:00+00:00
[2025-04-14T16:25:21.409+0000] {logging_mixin.py:190} INFO - [2025-04-14T16:25:21.408+0000] {dag.py:4180} INFO - Setting next_dagrun for dataset_produces_2 to None, run_after=None
[2025-04-14T16:25:21.459+0000] {processor.py:208} INFO - Processing /home/airflow/.local/lib/python3.12/site-packages/airflow/example_dags/example_datasets.py took 1.454 seconds
[2025-04-14T16:25:53.735+0000] {processor.py:186} INFO - Started process (PID=188) to work on /home/airflow/.local/lib/python3.12/site-packages/airflow/example_dags/example_datasets.py
[2025-04-14T16:25:53.740+0000] {processor.py:914} INFO - Processing file /home/airflow/.local/lib/python3.12/site-packages/airflow/example_dags/example_datasets.py for tasks to queue
[2025-04-14T16:25:53.751+0000] {logging_mixin.py:190} INFO - [2025-04-14T16:25:53.750+0000] {dagbag.py:588} INFO - Filling up the DagBag from /home/airflow/.local/lib/python3.12/site-packages/airflow/example_dags/example_datasets.py
[2025-04-14T16:25:59.904+0000] {processor.py:925} INFO - DAG(s) 'conditional_dataset_and_time_based_timetable', 'dataset_produces_2', 'dataset_produces_1', 'consume_1_or_both_2_and_3_with_dataset_expressions', 'consume_1_and_2_with_dataset_expressions', 'consume_1_or_2_with_dataset_expressions', 'dataset_consumes_unknown_never_scheduled', 'dataset_consumes_1_and_2', 'dataset_consumes_1_never_scheduled', 'dataset_consumes_1' retrieved from /home/airflow/.local/lib/python3.12/site-packages/airflow/example_dags/example_datasets.py
[2025-04-14T16:26:00.022+0000] {logging_mixin.py:190} INFO - [2025-04-14T16:26:00.021+0000] {dag.py:3239} INFO - Sync 10 DAGs
[2025-04-14T16:26:00.067+0000] {logging_mixin.py:190} INFO - [2025-04-14T16:26:00.066+0000] {dag.py:4180} INFO - Setting next_dagrun for conditional_dataset_and_time_based_timetable to 2025-04-09 01:00:00+00:00, run_after=2025-04-09 01:00:00+00:00
[2025-04-14T16:26:00.072+0000] {logging_mixin.py:190} INFO - [2025-04-14T16:26:00.072+0000] {dag.py:4180} INFO - Setting next_dagrun for consume_1_and_2_with_dataset_expressions to None, run_after=None
[2025-04-14T16:26:00.075+0000] {logging_mixin.py:190} INFO - [2025-04-14T16:26:00.074+0000] {dag.py:4180} INFO - Setting next_dagrun for consume_1_or_2_with_dataset_expressions to None, run_after=None
[2025-04-14T16:26:00.077+0000] {logging_mixin.py:190} INFO - [2025-04-14T16:26:00.077+0000] {dag.py:4180} INFO - Setting next_dagrun for consume_1_or_both_2_and_3_with_dataset_expressions to None, run_after=None
[2025-04-14T16:26:00.079+0000] {logging_mixin.py:190} INFO - [2025-04-14T16:26:00.079+0000] {dag.py:4180} INFO - Setting next_dagrun for dataset_consumes_1 to None, run_after=None
[2025-04-14T16:26:00.082+0000] {logging_mixin.py:190} INFO - [2025-04-14T16:26:00.081+0000] {dag.py:4180} INFO - Setting next_dagrun for dataset_consumes_1_and_2 to None, run_after=None
[2025-04-14T16:26:00.084+0000] {logging_mixin.py:190} INFO - [2025-04-14T16:26:00.084+0000] {dag.py:4180} INFO - Setting next_dagrun for dataset_consumes_1_never_scheduled to None, run_after=None
[2025-04-14T16:26:00.087+0000] {logging_mixin.py:190} INFO - [2025-04-14T16:26:00.087+0000] {dag.py:4180} INFO - Setting next_dagrun for dataset_consumes_unknown_never_scheduled to None, run_after=None
[2025-04-14T16:26:00.091+0000] {logging_mixin.py:190} INFO - [2025-04-14T16:26:00.091+0000] {dag.py:4180} INFO - Setting next_dagrun for dataset_produces_1 to 2025-04-13 00:00:00+00:00, run_after=2025-04-14 00:00:00+00:00
[2025-04-14T16:26:00.093+0000] {logging_mixin.py:190} INFO - [2025-04-14T16:26:00.093+0000] {dag.py:4180} INFO - Setting next_dagrun for dataset_produces_2 to None, run_after=None
[2025-04-14T16:26:00.150+0000] {processor.py:208} INFO - Processing /home/airflow/.local/lib/python3.12/site-packages/airflow/example_dags/example_datasets.py took 6.459 seconds
[2025-04-14T16:26:31.480+0000] {processor.py:186} INFO - Started process (PID=254) to work on /home/airflow/.local/lib/python3.12/site-packages/airflow/example_dags/example_datasets.py
[2025-04-14T16:26:31.486+0000] {processor.py:914} INFO - Processing file /home/airflow/.local/lib/python3.12/site-packages/airflow/example_dags/example_datasets.py for tasks to queue
[2025-04-14T16:26:31.516+0000] {logging_mixin.py:190} INFO - [2025-04-14T16:26:31.503+0000] {dagbag.py:588} INFO - Filling up the DagBag from /home/airflow/.local/lib/python3.12/site-packages/airflow/example_dags/example_datasets.py
[2025-04-14T16:26:37.411+0000] {processor.py:925} INFO - DAG(s) 'consume_1_or_2_with_dataset_expressions', 'dataset_consumes_1_and_2', 'dataset_consumes_1_never_scheduled', 'dataset_produces_1', 'conditional_dataset_and_time_based_timetable', 'dataset_consumes_1', 'dataset_produces_2', 'dataset_consumes_unknown_never_scheduled', 'consume_1_and_2_with_dataset_expressions', 'consume_1_or_both_2_and_3_with_dataset_expressions' retrieved from /home/airflow/.local/lib/python3.12/site-packages/airflow/example_dags/example_datasets.py
[2025-04-14T16:26:39.147+0000] {logging_mixin.py:190} INFO - [2025-04-14T16:26:39.147+0000] {dag.py:3239} INFO - Sync 10 DAGs
[2025-04-14T16:26:39.303+0000] {logging_mixin.py:190} INFO - [2025-04-14T16:26:39.303+0000] {dag.py:4180} INFO - Setting next_dagrun for conditional_dataset_and_time_based_timetable to 2025-04-09 01:00:00+00:00, run_after=2025-04-09 01:00:00+00:00
[2025-04-14T16:26:39.310+0000] {logging_mixin.py:190} INFO - [2025-04-14T16:26:39.310+0000] {dag.py:4180} INFO - Setting next_dagrun for consume_1_and_2_with_dataset_expressions to None, run_after=None
[2025-04-14T16:26:39.313+0000] {logging_mixin.py:190} INFO - [2025-04-14T16:26:39.313+0000] {dag.py:4180} INFO - Setting next_dagrun for consume_1_or_2_with_dataset_expressions to None, run_after=None
[2025-04-14T16:26:39.318+0000] {logging_mixin.py:190} INFO - [2025-04-14T16:26:39.317+0000] {dag.py:4180} INFO - Setting next_dagrun for consume_1_or_both_2_and_3_with_dataset_expressions to None, run_after=None
[2025-04-14T16:26:39.320+0000] {logging_mixin.py:190} INFO - [2025-04-14T16:26:39.320+0000] {dag.py:4180} INFO - Setting next_dagrun for dataset_consumes_1 to None, run_after=None
[2025-04-14T16:26:39.323+0000] {logging_mixin.py:190} INFO - [2025-04-14T16:26:39.322+0000] {dag.py:4180} INFO - Setting next_dagrun for dataset_consumes_1_and_2 to None, run_after=None
[2025-04-14T16:26:39.326+0000] {logging_mixin.py:190} INFO - [2025-04-14T16:26:39.325+0000] {dag.py:4180} INFO - Setting next_dagrun for dataset_consumes_1_never_scheduled to None, run_after=None
[2025-04-14T16:26:39.328+0000] {logging_mixin.py:190} INFO - [2025-04-14T16:26:39.328+0000] {dag.py:4180} INFO - Setting next_dagrun for dataset_consumes_unknown_never_scheduled to None, run_after=None
[2025-04-14T16:26:39.335+0000] {logging_mixin.py:190} INFO - [2025-04-14T16:26:39.334+0000] {dag.py:4180} INFO - Setting next_dagrun for dataset_produces_1 to 2025-04-13 00:00:00+00:00, run_after=2025-04-14 00:00:00+00:00
[2025-04-14T16:26:39.337+0000] {logging_mixin.py:190} INFO - [2025-04-14T16:26:39.337+0000] {dag.py:4180} INFO - Setting next_dagrun for dataset_produces_2 to None, run_after=None
[2025-04-14T16:26:39.422+0000] {processor.py:208} INFO - Processing /home/airflow/.local/lib/python3.12/site-packages/airflow/example_dags/example_datasets.py took 8.068 seconds
