[2025-04-14T16:25:13.408+0000] {processor.py:186} INFO - Started process (PID=100) to work on /home/airflow/.local/lib/python3.12/site-packages/airflow/example_dags/example_skip_dag.py
[2025-04-14T16:25:13.410+0000] {processor.py:914} INFO - Processing file /home/airflow/.local/lib/python3.12/site-packages/airflow/example_dags/example_skip_dag.py for tasks to queue
[2025-04-14T16:25:13.424+0000] {logging_mixin.py:190} INFO - [2025-04-14T16:25:13.423+0000] {dagbag.py:588} INFO - Filling up the DagBag from /home/airflow/.local/lib/python3.12/site-packages/airflow/example_dags/example_skip_dag.py
[2025-04-14T16:25:13.456+0000] {processor.py:925} INFO - DAG(s) 'example_skip_dag' retrieved from /home/airflow/.local/lib/python3.12/site-packages/airflow/example_dags/example_skip_dag.py
[2025-04-14T16:25:14.174+0000] {logging_mixin.py:190} INFO - [2025-04-14T16:25:14.174+0000] {dag.py:3239} INFO - Sync 1 DAGs
[2025-04-14T16:25:14.292+0000] {logging_mixin.py:190} INFO - [2025-04-14T16:25:14.292+0000] {dag.py:4180} INFO - Setting next_dagrun for example_skip_dag to 2025-04-13 00:00:00+00:00, run_after=2025-04-14 00:00:00+00:00
[2025-04-14T16:25:14.412+0000] {processor.py:208} INFO - Processing /home/airflow/.local/lib/python3.12/site-packages/airflow/example_dags/example_skip_dag.py took 1.039 seconds
[2025-04-14T16:25:45.079+0000] {processor.py:186} INFO - Started process (PID=163) to work on /home/airflow/.local/lib/python3.12/site-packages/airflow/example_dags/example_skip_dag.py
[2025-04-14T16:25:45.080+0000] {processor.py:914} INFO - Processing file /home/airflow/.local/lib/python3.12/site-packages/airflow/example_dags/example_skip_dag.py for tasks to queue
[2025-04-14T16:25:45.096+0000] {logging_mixin.py:190} INFO - [2025-04-14T16:25:45.086+0000] {dagbag.py:588} INFO - Filling up the DagBag from /home/airflow/.local/lib/python3.12/site-packages/airflow/example_dags/example_skip_dag.py
[2025-04-14T16:25:45.126+0000] {processor.py:925} INFO - DAG(s) 'example_skip_dag' retrieved from /home/airflow/.local/lib/python3.12/site-packages/airflow/example_dags/example_skip_dag.py
[2025-04-14T16:25:45.193+0000] {logging_mixin.py:190} INFO - [2025-04-14T16:25:45.193+0000] {dag.py:3239} INFO - Sync 1 DAGs
[2025-04-14T16:25:45.265+0000] {logging_mixin.py:190} INFO - [2025-04-14T16:25:45.264+0000] {dag.py:4180} INFO - Setting next_dagrun for example_skip_dag to 2025-04-13 00:00:00+00:00, run_after=2025-04-14 00:00:00+00:00
[2025-04-14T16:25:45.326+0000] {processor.py:208} INFO - Processing /home/airflow/.local/lib/python3.12/site-packages/airflow/example_dags/example_skip_dag.py took 0.275 seconds
[2025-04-14T16:26:15.475+0000] {processor.py:186} INFO - Started process (PID=226) to work on /home/airflow/.local/lib/python3.12/site-packages/airflow/example_dags/example_skip_dag.py
[2025-04-14T16:26:15.477+0000] {processor.py:914} INFO - Processing file /home/airflow/.local/lib/python3.12/site-packages/airflow/example_dags/example_skip_dag.py for tasks to queue
[2025-04-14T16:26:15.481+0000] {logging_mixin.py:190} INFO - [2025-04-14T16:26:15.480+0000] {dagbag.py:588} INFO - Filling up the DagBag from /home/airflow/.local/lib/python3.12/site-packages/airflow/example_dags/example_skip_dag.py
[2025-04-14T16:26:15.492+0000] {processor.py:925} INFO - DAG(s) 'example_skip_dag' retrieved from /home/airflow/.local/lib/python3.12/site-packages/airflow/example_dags/example_skip_dag.py
[2025-04-14T16:26:15.524+0000] {logging_mixin.py:190} INFO - [2025-04-14T16:26:15.524+0000] {dag.py:3239} INFO - Sync 1 DAGs
[2025-04-14T16:26:15.568+0000] {logging_mixin.py:190} INFO - [2025-04-14T16:26:15.567+0000] {dag.py:4180} INFO - Setting next_dagrun for example_skip_dag to 2025-04-13 00:00:00+00:00, run_after=2025-04-14 00:00:00+00:00
[2025-04-14T16:26:15.620+0000] {processor.py:208} INFO - Processing /home/airflow/.local/lib/python3.12/site-packages/airflow/example_dags/example_skip_dag.py took 0.154 seconds
[2025-04-14T16:26:55.100+0000] {processor.py:186} INFO - Started process (PID=289) to work on /home/airflow/.local/lib/python3.12/site-packages/airflow/example_dags/example_skip_dag.py
[2025-04-14T16:26:55.102+0000] {processor.py:914} INFO - Processing file /home/airflow/.local/lib/python3.12/site-packages/airflow/example_dags/example_skip_dag.py for tasks to queue
[2025-04-14T16:26:55.105+0000] {logging_mixin.py:190} INFO - [2025-04-14T16:26:55.105+0000] {dagbag.py:588} INFO - Filling up the DagBag from /home/airflow/.local/lib/python3.12/site-packages/airflow/example_dags/example_skip_dag.py
[2025-04-14T16:26:55.116+0000] {processor.py:925} INFO - DAG(s) 'example_skip_dag' retrieved from /home/airflow/.local/lib/python3.12/site-packages/airflow/example_dags/example_skip_dag.py
[2025-04-14T16:26:55.141+0000] {logging_mixin.py:190} INFO - [2025-04-14T16:26:55.141+0000] {dag.py:3239} INFO - Sync 1 DAGs
[2025-04-14T16:26:55.173+0000] {logging_mixin.py:190} INFO - [2025-04-14T16:26:55.173+0000] {dag.py:4180} INFO - Setting next_dagrun for example_skip_dag to 2025-04-13 00:00:00+00:00, run_after=2025-04-14 00:00:00+00:00
[2025-04-14T16:26:55.210+0000] {processor.py:208} INFO - Processing /home/airflow/.local/lib/python3.12/site-packages/airflow/example_dags/example_skip_dag.py took 0.120 seconds
