[2025-04-14T16:25:18.775+0000] {processor.py:186} INFO - Started process (PID=121) to work on /home/airflow/.local/lib/python3.12/site-packages/airflow/example_dags/example_workday_timetable.py
[2025-04-14T16:25:18.777+0000] {processor.py:914} INFO - Processing file /home/airflow/.local/lib/python3.12/site-packages/airflow/example_dags/example_workday_timetable.py for tasks to queue
[2025-04-14T16:25:18.781+0000] {logging_mixin.py:190} INFO - [2025-04-14T16:25:18.780+0000] {dagbag.py:588} INFO - Filling up the DagBag from /home/airflow/.local/lib/python3.12/site-packages/airflow/example_dags/example_workday_timetable.py
[2025-04-14T16:25:18.793+0000] {processor.py:925} INFO - DAG(s) 'example_workday_timetable' retrieved from /home/airflow/.local/lib/python3.12/site-packages/airflow/example_dags/example_workday_timetable.py
[2025-04-14T16:25:19.010+0000] {logging_mixin.py:190} INFO - [2025-04-14T16:25:19.010+0000] {dag.py:3239} INFO - Sync 1 DAGs
[2025-04-14T16:25:19.170+0000] {logging_mixin.py:190} INFO - [2025-04-14T16:25:19.170+0000] {dag.py:4180} INFO - Setting next_dagrun for example_workday_timetable to 2021-01-04 00:00:00+00:00, run_after=2021-01-05 00:00:00+00:00
[2025-04-14T16:25:19.205+0000] {processor.py:208} INFO - Processing /home/airflow/.local/lib/python3.12/site-packages/airflow/example_dags/example_workday_timetable.py took 0.441 seconds
[2025-04-14T16:25:51.994+0000] {processor.py:186} INFO - Started process (PID=184) to work on /home/airflow/.local/lib/python3.12/site-packages/airflow/example_dags/example_workday_timetable.py
[2025-04-14T16:25:52.001+0000] {processor.py:914} INFO - Processing file /home/airflow/.local/lib/python3.12/site-packages/airflow/example_dags/example_workday_timetable.py for tasks to queue
[2025-04-14T16:25:52.015+0000] {logging_mixin.py:190} INFO - [2025-04-14T16:25:52.013+0000] {dagbag.py:588} INFO - Filling up the DagBag from /home/airflow/.local/lib/python3.12/site-packages/airflow/example_dags/example_workday_timetable.py
[2025-04-14T16:25:52.065+0000] {processor.py:925} INFO - DAG(s) 'example_workday_timetable' retrieved from /home/airflow/.local/lib/python3.12/site-packages/airflow/example_dags/example_workday_timetable.py
[2025-04-14T16:25:52.188+0000] {logging_mixin.py:190} INFO - [2025-04-14T16:25:52.187+0000] {dag.py:3239} INFO - Sync 1 DAGs
[2025-04-14T16:25:52.606+0000] {logging_mixin.py:190} INFO - [2025-04-14T16:25:52.605+0000] {dag.py:4180} INFO - Setting next_dagrun for example_workday_timetable to 2021-01-04 00:00:00+00:00, run_after=2021-01-05 00:00:00+00:00
[2025-04-14T16:25:52.708+0000] {processor.py:208} INFO - Processing /home/airflow/.local/lib/python3.12/site-packages/airflow/example_dags/example_workday_timetable.py took 0.752 seconds
[2025-04-14T16:26:24.294+0000] {processor.py:186} INFO - Started process (PID=247) to work on /home/airflow/.local/lib/python3.12/site-packages/airflow/example_dags/example_workday_timetable.py
[2025-04-14T16:26:24.296+0000] {processor.py:914} INFO - Processing file /home/airflow/.local/lib/python3.12/site-packages/airflow/example_dags/example_workday_timetable.py for tasks to queue
[2025-04-14T16:26:24.300+0000] {logging_mixin.py:190} INFO - [2025-04-14T16:26:24.300+0000] {dagbag.py:588} INFO - Filling up the DagBag from /home/airflow/.local/lib/python3.12/site-packages/airflow/example_dags/example_workday_timetable.py
[2025-04-14T16:26:24.308+0000] {processor.py:925} INFO - DAG(s) 'example_workday_timetable' retrieved from /home/airflow/.local/lib/python3.12/site-packages/airflow/example_dags/example_workday_timetable.py
[2025-04-14T16:26:24.338+0000] {logging_mixin.py:190} INFO - [2025-04-14T16:26:24.337+0000] {dag.py:3239} INFO - Sync 1 DAGs
[2025-04-14T16:26:24.437+0000] {logging_mixin.py:190} INFO - [2025-04-14T16:26:24.437+0000] {dag.py:4180} INFO - Setting next_dagrun for example_workday_timetable to 2021-01-04 00:00:00+00:00, run_after=2021-01-05 00:00:00+00:00
[2025-04-14T16:26:24.463+0000] {processor.py:208} INFO - Processing /home/airflow/.local/lib/python3.12/site-packages/airflow/example_dags/example_workday_timetable.py took 0.177 seconds
[2025-04-14T16:26:57.288+0000] {processor.py:186} INFO - Started process (PID=310) to work on /home/airflow/.local/lib/python3.12/site-packages/airflow/example_dags/example_workday_timetable.py
[2025-04-14T16:26:57.289+0000] {processor.py:914} INFO - Processing file /home/airflow/.local/lib/python3.12/site-packages/airflow/example_dags/example_workday_timetable.py for tasks to queue
[2025-04-14T16:26:57.303+0000] {logging_mixin.py:190} INFO - [2025-04-14T16:26:57.302+0000] {dagbag.py:588} INFO - Filling up the DagBag from /home/airflow/.local/lib/python3.12/site-packages/airflow/example_dags/example_workday_timetable.py
[2025-04-14T16:26:57.320+0000] {processor.py:925} INFO - DAG(s) 'example_workday_timetable' retrieved from /home/airflow/.local/lib/python3.12/site-packages/airflow/example_dags/example_workday_timetable.py
[2025-04-14T16:26:57.369+0000] {logging_mixin.py:190} INFO - [2025-04-14T16:26:57.368+0000] {dag.py:3239} INFO - Sync 1 DAGs
[2025-04-14T16:26:57.657+0000] {logging_mixin.py:190} INFO - [2025-04-14T16:26:57.656+0000] {dag.py:4180} INFO - Setting next_dagrun for example_workday_timetable to 2021-01-04 00:00:00+00:00, run_after=2021-01-05 00:00:00+00:00
[2025-04-14T16:26:57.723+0000] {processor.py:208} INFO - Processing /home/airflow/.local/lib/python3.12/site-packages/airflow/example_dags/example_workday_timetable.py took 0.455 seconds
