[2025-04-14T16:25:22.096+0000] {processor.py:186} INFO - Started process (PID=132) to work on /home/airflow/.local/lib/python3.12/site-packages/airflow/example_dags/example_outlet_event_extra.py
[2025-04-14T16:25:22.097+0000] {processor.py:914} INFO - Processing file /home/airflow/.local/lib/python3.12/site-packages/airflow/example_dags/example_outlet_event_extra.py for tasks to queue
[2025-04-14T16:25:22.102+0000] {logging_mixin.py:190} INFO - [2025-04-14T16:25:22.100+0000] {dagbag.py:588} INFO - Filling up the DagBag from /home/airflow/.local/lib/python3.12/site-packages/airflow/example_dags/example_outlet_event_extra.py
[2025-04-14T16:25:22.997+0000] {processor.py:925} INFO - DAG(s) 'dataset_with_extra_by_yield', 'dataset_with_extra_by_context', 'dataset_with_extra_from_classic_operator' retrieved from /home/airflow/.local/lib/python3.12/site-packages/airflow/example_dags/example_outlet_event_extra.py
[2025-04-14T16:25:23.328+0000] {logging_mixin.py:190} INFO - [2025-04-14T16:25:23.327+0000] {dag.py:3239} INFO - Sync 3 DAGs
[2025-04-14T16:25:23.357+0000] {logging_mixin.py:190} INFO - [2025-04-14T16:25:23.357+0000] {dag.py:4180} INFO - Setting next_dagrun for dataset_with_extra_by_context to 2025-04-13 00:00:00+00:00, run_after=2025-04-14 00:00:00+00:00
[2025-04-14T16:25:23.364+0000] {logging_mixin.py:190} INFO - [2025-04-14T16:25:23.364+0000] {dag.py:4180} INFO - Setting next_dagrun for dataset_with_extra_by_yield to 2025-04-13 00:00:00+00:00, run_after=2025-04-14 00:00:00+00:00
[2025-04-14T16:25:23.368+0000] {logging_mixin.py:190} INFO - [2025-04-14T16:25:23.368+0000] {dag.py:4180} INFO - Setting next_dagrun for dataset_with_extra_from_classic_operator to 2025-04-13 00:00:00+00:00, run_after=2025-04-14 00:00:00+00:00
[2025-04-14T16:25:23.396+0000] {processor.py:208} INFO - Processing /home/airflow/.local/lib/python3.12/site-packages/airflow/example_dags/example_outlet_event_extra.py took 1.310 seconds
[2025-04-14T16:26:00.677+0000] {processor.py:186} INFO - Started process (PID=197) to work on /home/airflow/.local/lib/python3.12/site-packages/airflow/example_dags/example_outlet_event_extra.py
[2025-04-14T16:26:00.678+0000] {processor.py:914} INFO - Processing file /home/airflow/.local/lib/python3.12/site-packages/airflow/example_dags/example_outlet_event_extra.py for tasks to queue
[2025-04-14T16:26:00.682+0000] {logging_mixin.py:190} INFO - [2025-04-14T16:26:00.681+0000] {dagbag.py:588} INFO - Filling up the DagBag from /home/airflow/.local/lib/python3.12/site-packages/airflow/example_dags/example_outlet_event_extra.py
[2025-04-14T16:26:01.610+0000] {processor.py:925} INFO - DAG(s) 'dataset_with_extra_by_context', 'dataset_with_extra_by_yield', 'dataset_with_extra_from_classic_operator' retrieved from /home/airflow/.local/lib/python3.12/site-packages/airflow/example_dags/example_outlet_event_extra.py
[2025-04-14T16:26:01.644+0000] {logging_mixin.py:190} INFO - [2025-04-14T16:26:01.644+0000] {dag.py:3239} INFO - Sync 3 DAGs
[2025-04-14T16:26:01.677+0000] {logging_mixin.py:190} INFO - [2025-04-14T16:26:01.676+0000] {dag.py:4180} INFO - Setting next_dagrun for dataset_with_extra_by_context to 2025-04-13 00:00:00+00:00, run_after=2025-04-14 00:00:00+00:00
[2025-04-14T16:26:01.683+0000] {logging_mixin.py:190} INFO - [2025-04-14T16:26:01.683+0000] {dag.py:4180} INFO - Setting next_dagrun for dataset_with_extra_by_yield to 2025-04-13 00:00:00+00:00, run_after=2025-04-14 00:00:00+00:00
[2025-04-14T16:26:01.687+0000] {logging_mixin.py:190} INFO - [2025-04-14T16:26:01.686+0000] {dag.py:4180} INFO - Setting next_dagrun for dataset_with_extra_from_classic_operator to 2025-04-13 00:00:00+00:00, run_after=2025-04-14 00:00:00+00:00
[2025-04-14T16:26:01.716+0000] {processor.py:208} INFO - Processing /home/airflow/.local/lib/python3.12/site-packages/airflow/example_dags/example_outlet_event_extra.py took 1.052 seconds
[2025-04-14T16:26:39.468+0000] {processor.py:186} INFO - Started process (PID=266) to work on /home/airflow/.local/lib/python3.12/site-packages/airflow/example_dags/example_outlet_event_extra.py
[2025-04-14T16:26:39.469+0000] {processor.py:914} INFO - Processing file /home/airflow/.local/lib/python3.12/site-packages/airflow/example_dags/example_outlet_event_extra.py for tasks to queue
[2025-04-14T16:26:39.473+0000] {logging_mixin.py:190} INFO - [2025-04-14T16:26:39.473+0000] {dagbag.py:588} INFO - Filling up the DagBag from /home/airflow/.local/lib/python3.12/site-packages/airflow/example_dags/example_outlet_event_extra.py
[2025-04-14T16:26:48.850+0000] {processor.py:925} INFO - DAG(s) 'dataset_with_extra_from_classic_operator', 'dataset_with_extra_by_context', 'dataset_with_extra_by_yield' retrieved from /home/airflow/.local/lib/python3.12/site-packages/airflow/example_dags/example_outlet_event_extra.py
[2025-04-14T16:26:49.373+0000] {logging_mixin.py:190} INFO - [2025-04-14T16:26:49.372+0000] {dag.py:3239} INFO - Sync 3 DAGs
[2025-04-14T16:26:49.587+0000] {logging_mixin.py:190} INFO - [2025-04-14T16:26:49.585+0000] {dag.py:4180} INFO - Setting next_dagrun for dataset_with_extra_by_context to 2025-04-13 00:00:00+00:00, run_after=2025-04-14 00:00:00+00:00
[2025-04-14T16:26:49.661+0000] {logging_mixin.py:190} INFO - [2025-04-14T16:26:49.660+0000] {dag.py:4180} INFO - Setting next_dagrun for dataset_with_extra_by_yield to 2025-04-13 00:00:00+00:00, run_after=2025-04-14 00:00:00+00:00
[2025-04-14T16:26:49.815+0000] {logging_mixin.py:190} INFO - [2025-04-14T16:26:49.809+0000] {dag.py:4180} INFO - Setting next_dagrun for dataset_with_extra_from_classic_operator to 2025-04-13 00:00:00+00:00, run_after=2025-04-14 00:00:00+00:00
[2025-04-14T16:26:50.574+0000] {processor.py:208} INFO - Processing /home/airflow/.local/lib/python3.12/site-packages/airflow/example_dags/example_outlet_event_extra.py took 11.115 seconds
