[2025-04-14T16:25:15.728+0000] {processor.py:186} INFO - Started process (PID=106) to work on /home/airflow/.local/lib/python3.12/site-packages/airflow/example_dags/example_python_operator.py
[2025-04-14T16:25:15.729+0000] {processor.py:914} INFO - Processing file /home/airflow/.local/lib/python3.12/site-packages/airflow/example_dags/example_python_operator.py for tasks to queue
[2025-04-14T16:25:15.733+0000] {logging_mixin.py:190} INFO - [2025-04-14T16:25:15.733+0000] {dagbag.py:588} INFO - Filling up the DagBag from /home/airflow/.local/lib/python3.12/site-packages/airflow/example_dags/example_python_operator.py
[2025-04-14T16:25:15.757+0000] {processor.py:925} INFO - DAG(s) 'example_python_operator' retrieved from /home/airflow/.local/lib/python3.12/site-packages/airflow/example_dags/example_python_operator.py
[2025-04-14T16:25:15.989+0000] {logging_mixin.py:190} INFO - [2025-04-14T16:25:15.988+0000] {dag.py:3239} INFO - Sync 1 DAGs
[2025-04-14T16:25:16.008+0000] {logging_mixin.py:190} INFO - [2025-04-14T16:25:16.007+0000] {dag.py:4180} INFO - Setting next_dagrun for example_python_operator to None, run_after=None
[2025-04-14T16:25:16.035+0000] {processor.py:208} INFO - Processing /home/airflow/.local/lib/python3.12/site-packages/airflow/example_dags/example_python_operator.py took 0.317 seconds
[2025-04-14T16:25:46.574+0000] {processor.py:186} INFO - Started process (PID=169) to work on /home/airflow/.local/lib/python3.12/site-packages/airflow/example_dags/example_python_operator.py
[2025-04-14T16:25:46.576+0000] {processor.py:914} INFO - Processing file /home/airflow/.local/lib/python3.12/site-packages/airflow/example_dags/example_python_operator.py for tasks to queue
[2025-04-14T16:25:46.581+0000] {logging_mixin.py:190} INFO - [2025-04-14T16:25:46.580+0000] {dagbag.py:588} INFO - Filling up the DagBag from /home/airflow/.local/lib/python3.12/site-packages/airflow/example_dags/example_python_operator.py
[2025-04-14T16:25:46.598+0000] {processor.py:925} INFO - DAG(s) 'example_python_operator' retrieved from /home/airflow/.local/lib/python3.12/site-packages/airflow/example_dags/example_python_operator.py
[2025-04-14T16:25:46.634+0000] {logging_mixin.py:190} INFO - [2025-04-14T16:25:46.633+0000] {dag.py:3239} INFO - Sync 1 DAGs
[2025-04-14T16:25:46.658+0000] {logging_mixin.py:190} INFO - [2025-04-14T16:25:46.658+0000] {dag.py:4180} INFO - Setting next_dagrun for example_python_operator to None, run_after=None
[2025-04-14T16:25:46.689+0000] {processor.py:208} INFO - Processing /home/airflow/.local/lib/python3.12/site-packages/airflow/example_dags/example_python_operator.py took 0.125 seconds
[2025-04-14T16:26:18.256+0000] {processor.py:186} INFO - Started process (PID=232) to work on /home/airflow/.local/lib/python3.12/site-packages/airflow/example_dags/example_python_operator.py
[2025-04-14T16:26:18.263+0000] {processor.py:914} INFO - Processing file /home/airflow/.local/lib/python3.12/site-packages/airflow/example_dags/example_python_operator.py for tasks to queue
[2025-04-14T16:26:18.283+0000] {logging_mixin.py:190} INFO - [2025-04-14T16:26:18.280+0000] {dagbag.py:588} INFO - Filling up the DagBag from /home/airflow/.local/lib/python3.12/site-packages/airflow/example_dags/example_python_operator.py
[2025-04-14T16:26:18.409+0000] {processor.py:925} INFO - DAG(s) 'example_python_operator' retrieved from /home/airflow/.local/lib/python3.12/site-packages/airflow/example_dags/example_python_operator.py
[2025-04-14T16:26:18.701+0000] {logging_mixin.py:190} INFO - [2025-04-14T16:26:18.699+0000] {dag.py:3239} INFO - Sync 1 DAGs
[2025-04-14T16:26:19.021+0000] {logging_mixin.py:190} INFO - [2025-04-14T16:26:19.016+0000] {dag.py:4180} INFO - Setting next_dagrun for example_python_operator to None, run_after=None
[2025-04-14T16:26:19.444+0000] {processor.py:208} INFO - Processing /home/airflow/.local/lib/python3.12/site-packages/airflow/example_dags/example_python_operator.py took 1.228 seconds
[2025-04-14T16:26:55.546+0000] {processor.py:186} INFO - Started process (PID=295) to work on /home/airflow/.local/lib/python3.12/site-packages/airflow/example_dags/example_python_operator.py
[2025-04-14T16:26:55.547+0000] {processor.py:914} INFO - Processing file /home/airflow/.local/lib/python3.12/site-packages/airflow/example_dags/example_python_operator.py for tasks to queue
[2025-04-14T16:26:55.550+0000] {logging_mixin.py:190} INFO - [2025-04-14T16:26:55.550+0000] {dagbag.py:588} INFO - Filling up the DagBag from /home/airflow/.local/lib/python3.12/site-packages/airflow/example_dags/example_python_operator.py
[2025-04-14T16:26:55.564+0000] {processor.py:925} INFO - DAG(s) 'example_python_operator' retrieved from /home/airflow/.local/lib/python3.12/site-packages/airflow/example_dags/example_python_operator.py
[2025-04-14T16:26:55.592+0000] {logging_mixin.py:190} INFO - [2025-04-14T16:26:55.592+0000] {dag.py:3239} INFO - Sync 1 DAGs
[2025-04-14T16:26:55.607+0000] {logging_mixin.py:190} INFO - [2025-04-14T16:26:55.607+0000] {dag.py:4180} INFO - Setting next_dagrun for example_python_operator to None, run_after=None
[2025-04-14T16:26:55.628+0000] {processor.py:208} INFO - Processing /home/airflow/.local/lib/python3.12/site-packages/airflow/example_dags/example_python_operator.py took 0.090 seconds
