[2025-04-14T16:24:58.009+0000] {processor.py:186} INFO - Started process (PID=78) to work on /home/airflow/.local/lib/python3.12/site-packages/airflow/example_dags/example_xcomargs.py
[2025-04-14T16:24:58.012+0000] {processor.py:914} INFO - Processing file /home/airflow/.local/lib/python3.12/site-packages/airflow/example_dags/example_xcomargs.py for tasks to queue
[2025-04-14T16:24:58.019+0000] {logging_mixin.py:190} INFO - [2025-04-14T16:24:58.018+0000] {dagbag.py:588} INFO - Filling up the DagBag from /home/airflow/.local/lib/python3.12/site-packages/airflow/example_dags/example_xcomargs.py
[2025-04-14T16:24:58.041+0000] {processor.py:925} INFO - DAG(s) 'example_xcom_args', 'example_xcom_args_with_operators' retrieved from /home/airflow/.local/lib/python3.12/site-packages/airflow/example_dags/example_xcomargs.py
[2025-04-14T16:24:58.257+0000] {logging_mixin.py:190} INFO - [2025-04-14T16:24:58.257+0000] {dag.py:3239} INFO - Sync 2 DAGs
[2025-04-14T16:24:58.274+0000] {logging_mixin.py:190} INFO - [2025-04-14T16:24:58.274+0000] {dag.py:4180} INFO - Setting next_dagrun for example_xcom_args to None, run_after=None
[2025-04-14T16:24:58.280+0000] {logging_mixin.py:190} INFO - [2025-04-14T16:24:58.279+0000] {dag.py:4180} INFO - Setting next_dagrun for example_xcom_args_with_operators to None, run_after=None
[2025-04-14T16:24:58.312+0000] {processor.py:208} INFO - Processing /home/airflow/.local/lib/python3.12/site-packages/airflow/example_dags/example_xcomargs.py took 0.319 seconds
[2025-04-14T16:25:31.344+0000] {processor.py:186} INFO - Started process (PID=142) to work on /home/airflow/.local/lib/python3.12/site-packages/airflow/example_dags/example_xcomargs.py
[2025-04-14T16:25:31.354+0000] {processor.py:914} INFO - Processing file /home/airflow/.local/lib/python3.12/site-packages/airflow/example_dags/example_xcomargs.py for tasks to queue
[2025-04-14T16:25:31.381+0000] {logging_mixin.py:190} INFO - [2025-04-14T16:25:31.379+0000] {dagbag.py:588} INFO - Filling up the DagBag from /home/airflow/.local/lib/python3.12/site-packages/airflow/example_dags/example_xcomargs.py
[2025-04-14T16:25:31.607+0000] {processor.py:925} INFO - DAG(s) 'example_xcom_args', 'example_xcom_args_with_operators' retrieved from /home/airflow/.local/lib/python3.12/site-packages/airflow/example_dags/example_xcomargs.py
[2025-04-14T16:25:31.966+0000] {logging_mixin.py:190} INFO - [2025-04-14T16:25:31.962+0000] {dag.py:3239} INFO - Sync 2 DAGs
[2025-04-14T16:25:32.350+0000] {logging_mixin.py:190} INFO - [2025-04-14T16:25:32.349+0000] {dag.py:4180} INFO - Setting next_dagrun for example_xcom_args to None, run_after=None
[2025-04-14T16:25:32.479+0000] {logging_mixin.py:190} INFO - [2025-04-14T16:25:32.477+0000] {dag.py:4180} INFO - Setting next_dagrun for example_xcom_args_with_operators to None, run_after=None
[2025-04-14T16:25:32.716+0000] {processor.py:208} INFO - Processing /home/airflow/.local/lib/python3.12/site-packages/airflow/example_dags/example_xcomargs.py took 1.595 seconds
[2025-04-14T16:26:03.536+0000] {processor.py:186} INFO - Started process (PID=205) to work on /home/airflow/.local/lib/python3.12/site-packages/airflow/example_dags/example_xcomargs.py
[2025-04-14T16:26:03.540+0000] {processor.py:914} INFO - Processing file /home/airflow/.local/lib/python3.12/site-packages/airflow/example_dags/example_xcomargs.py for tasks to queue
[2025-04-14T16:26:03.548+0000] {logging_mixin.py:190} INFO - [2025-04-14T16:26:03.547+0000] {dagbag.py:588} INFO - Filling up the DagBag from /home/airflow/.local/lib/python3.12/site-packages/airflow/example_dags/example_xcomargs.py
[2025-04-14T16:26:03.585+0000] {processor.py:925} INFO - DAG(s) 'example_xcom_args', 'example_xcom_args_with_operators' retrieved from /home/airflow/.local/lib/python3.12/site-packages/airflow/example_dags/example_xcomargs.py
[2025-04-14T16:26:03.670+0000] {logging_mixin.py:190} INFO - [2025-04-14T16:26:03.670+0000] {dag.py:3239} INFO - Sync 2 DAGs
[2025-04-14T16:26:03.714+0000] {logging_mixin.py:190} INFO - [2025-04-14T16:26:03.714+0000] {dag.py:4180} INFO - Setting next_dagrun for example_xcom_args to None, run_after=None
[2025-04-14T16:26:03.724+0000] {logging_mixin.py:190} INFO - [2025-04-14T16:26:03.724+0000] {dag.py:4180} INFO - Setting next_dagrun for example_xcom_args_with_operators to None, run_after=None
[2025-04-14T16:26:03.766+0000] {processor.py:208} INFO - Processing /home/airflow/.local/lib/python3.12/site-packages/airflow/example_dags/example_xcomargs.py took 0.252 seconds
[2025-04-14T16:26:52.535+0000] {processor.py:186} INFO - Started process (PID=274) to work on /home/airflow/.local/lib/python3.12/site-packages/airflow/example_dags/example_xcomargs.py
[2025-04-14T16:26:52.543+0000] {processor.py:914} INFO - Processing file /home/airflow/.local/lib/python3.12/site-packages/airflow/example_dags/example_xcomargs.py for tasks to queue
[2025-04-14T16:26:52.579+0000] {logging_mixin.py:190} INFO - [2025-04-14T16:26:52.577+0000] {dagbag.py:588} INFO - Filling up the DagBag from /home/airflow/.local/lib/python3.12/site-packages/airflow/example_dags/example_xcomargs.py
[2025-04-14T16:26:52.671+0000] {processor.py:925} INFO - DAG(s) 'example_xcom_args_with_operators', 'example_xcom_args' retrieved from /home/airflow/.local/lib/python3.12/site-packages/airflow/example_dags/example_xcomargs.py
[2025-04-14T16:26:52.728+0000] {logging_mixin.py:190} INFO - [2025-04-14T16:26:52.727+0000] {dag.py:3239} INFO - Sync 2 DAGs
[2025-04-14T16:26:52.766+0000] {logging_mixin.py:190} INFO - [2025-04-14T16:26:52.765+0000] {dag.py:4180} INFO - Setting next_dagrun for example_xcom_args to None, run_after=None
[2025-04-14T16:26:52.775+0000] {logging_mixin.py:190} INFO - [2025-04-14T16:26:52.774+0000] {dag.py:4180} INFO - Setting next_dagrun for example_xcom_args_with_operators to None, run_after=None
[2025-04-14T16:26:52.807+0000] {processor.py:208} INFO - Processing /home/airflow/.local/lib/python3.12/site-packages/airflow/example_dags/example_xcomargs.py took 0.337 seconds
