[2025-04-14T16:25:17.275+0000] {processor.py:186} INFO - Started process (PID=112) to work on /home/airflow/.local/lib/python3.12/site-packages/airflow/example_dags/example_complex.py
[2025-04-14T16:25:17.277+0000] {processor.py:914} INFO - Processing file /home/airflow/.local/lib/python3.12/site-packages/airflow/example_dags/example_complex.py for tasks to queue
[2025-04-14T16:25:17.280+0000] {logging_mixin.py:190} INFO - [2025-04-14T16:25:17.280+0000] {dagbag.py:588} INFO - Filling up the DagBag from /home/airflow/.local/lib/python3.12/site-packages/airflow/example_dags/example_complex.py
[2025-04-14T16:25:17.306+0000] {processor.py:925} INFO - DAG(s) 'example_complex' retrieved from /home/airflow/.local/lib/python3.12/site-packages/airflow/example_dags/example_complex.py
[2025-04-14T16:25:17.533+0000] {logging_mixin.py:190} INFO - [2025-04-14T16:25:17.533+0000] {dag.py:3239} INFO - Sync 1 DAGs
[2025-04-14T16:25:17.554+0000] {logging_mixin.py:190} INFO - [2025-04-14T16:25:17.554+0000] {dag.py:4180} INFO - Setting next_dagrun for example_complex to None, run_after=None
[2025-04-14T16:25:17.586+0000] {processor.py:208} INFO - Processing /home/airflow/.local/lib/python3.12/site-packages/airflow/example_dags/example_complex.py took 0.319 seconds
[2025-04-14T16:25:48.347+0000] {processor.py:186} INFO - Started process (PID=175) to work on /home/airflow/.local/lib/python3.12/site-packages/airflow/example_dags/example_complex.py
[2025-04-14T16:25:48.349+0000] {processor.py:914} INFO - Processing file /home/airflow/.local/lib/python3.12/site-packages/airflow/example_dags/example_complex.py for tasks to queue
[2025-04-14T16:25:48.354+0000] {logging_mixin.py:190} INFO - [2025-04-14T16:25:48.354+0000] {dagbag.py:588} INFO - Filling up the DagBag from /home/airflow/.local/lib/python3.12/site-packages/airflow/example_dags/example_complex.py
[2025-04-14T16:25:48.413+0000] {processor.py:925} INFO - DAG(s) 'example_complex' retrieved from /home/airflow/.local/lib/python3.12/site-packages/airflow/example_dags/example_complex.py
[2025-04-14T16:25:48.493+0000] {logging_mixin.py:190} INFO - [2025-04-14T16:25:48.493+0000] {dag.py:3239} INFO - Sync 1 DAGs
[2025-04-14T16:25:48.519+0000] {logging_mixin.py:190} INFO - [2025-04-14T16:25:48.519+0000] {dag.py:4180} INFO - Setting next_dagrun for example_complex to None, run_after=None
[2025-04-14T16:25:48.551+0000] {processor.py:208} INFO - Processing /home/airflow/.local/lib/python3.12/site-packages/airflow/example_dags/example_complex.py took 0.219 seconds
[2025-04-14T16:26:23.276+0000] {processor.py:186} INFO - Started process (PID=238) to work on /home/airflow/.local/lib/python3.12/site-packages/airflow/example_dags/example_complex.py
[2025-04-14T16:26:23.279+0000] {processor.py:914} INFO - Processing file /home/airflow/.local/lib/python3.12/site-packages/airflow/example_dags/example_complex.py for tasks to queue
[2025-04-14T16:26:23.284+0000] {logging_mixin.py:190} INFO - [2025-04-14T16:26:23.284+0000] {dagbag.py:588} INFO - Filling up the DagBag from /home/airflow/.local/lib/python3.12/site-packages/airflow/example_dags/example_complex.py
[2025-04-14T16:26:23.314+0000] {processor.py:925} INFO - DAG(s) 'example_complex' retrieved from /home/airflow/.local/lib/python3.12/site-packages/airflow/example_dags/example_complex.py
[2025-04-14T16:26:23.401+0000] {logging_mixin.py:190} INFO - [2025-04-14T16:26:23.401+0000] {dag.py:3239} INFO - Sync 1 DAGs
[2025-04-14T16:26:23.481+0000] {logging_mixin.py:190} INFO - [2025-04-14T16:26:23.481+0000] {dag.py:4180} INFO - Setting next_dagrun for example_complex to None, run_after=None
[2025-04-14T16:26:23.516+0000] {processor.py:208} INFO - Processing /home/airflow/.local/lib/python3.12/site-packages/airflow/example_dags/example_complex.py took 0.256 seconds
[2025-04-14T16:26:56.050+0000] {processor.py:186} INFO - Started process (PID=301) to work on /home/airflow/.local/lib/python3.12/site-packages/airflow/example_dags/example_complex.py
[2025-04-14T16:26:56.051+0000] {processor.py:914} INFO - Processing file /home/airflow/.local/lib/python3.12/site-packages/airflow/example_dags/example_complex.py for tasks to queue
[2025-04-14T16:26:56.054+0000] {logging_mixin.py:190} INFO - [2025-04-14T16:26:56.053+0000] {dagbag.py:588} INFO - Filling up the DagBag from /home/airflow/.local/lib/python3.12/site-packages/airflow/example_dags/example_complex.py
[2025-04-14T16:26:56.068+0000] {processor.py:925} INFO - DAG(s) 'example_complex' retrieved from /home/airflow/.local/lib/python3.12/site-packages/airflow/example_dags/example_complex.py
[2025-04-14T16:26:56.107+0000] {logging_mixin.py:190} INFO - [2025-04-14T16:26:56.106+0000] {dag.py:3239} INFO - Sync 1 DAGs
[2025-04-14T16:26:56.123+0000] {logging_mixin.py:190} INFO - [2025-04-14T16:26:56.122+0000] {dag.py:4180} INFO - Setting next_dagrun for example_complex to None, run_after=None
[2025-04-14T16:26:56.143+0000] {processor.py:208} INFO - Processing /home/airflow/.local/lib/python3.12/site-packages/airflow/example_dags/example_complex.py took 0.099 seconds
