[2025-04-14T16:25:17.598+0000] {processor.py:186} INFO - Started process (PID=114) to work on /home/airflow/.local/lib/python3.12/site-packages/airflow/example_dags/example_python_decorator.py
[2025-04-14T16:25:17.600+0000] {processor.py:914} INFO - Processing file /home/airflow/.local/lib/python3.12/site-packages/airflow/example_dags/example_python_decorator.py for tasks to queue
[2025-04-14T16:25:17.604+0000] {logging_mixin.py:190} INFO - [2025-04-14T16:25:17.603+0000] {dagbag.py:588} INFO - Filling up the DagBag from /home/airflow/.local/lib/python3.12/site-packages/airflow/example_dags/example_python_decorator.py
[2025-04-14T16:25:17.631+0000] {processor.py:925} INFO - DAG(s) 'example_python_decorator' retrieved from /home/airflow/.local/lib/python3.12/site-packages/airflow/example_dags/example_python_decorator.py
[2025-04-14T16:25:17.836+0000] {logging_mixin.py:190} INFO - [2025-04-14T16:25:17.835+0000] {dag.py:3239} INFO - Sync 1 DAGs
[2025-04-14T16:25:17.861+0000] {logging_mixin.py:190} INFO - [2025-04-14T16:25:17.861+0000] {dag.py:4180} INFO - Setting next_dagrun for example_python_decorator to None, run_after=None
[2025-04-14T16:25:17.894+0000] {processor.py:208} INFO - Processing /home/airflow/.local/lib/python3.12/site-packages/airflow/example_dags/example_python_decorator.py took 0.306 seconds
[2025-04-14T16:25:48.607+0000] {processor.py:186} INFO - Started process (PID=177) to work on /home/airflow/.local/lib/python3.12/site-packages/airflow/example_dags/example_python_decorator.py
[2025-04-14T16:25:48.610+0000] {processor.py:914} INFO - Processing file /home/airflow/.local/lib/python3.12/site-packages/airflow/example_dags/example_python_decorator.py for tasks to queue
[2025-04-14T16:25:48.614+0000] {logging_mixin.py:190} INFO - [2025-04-14T16:25:48.614+0000] {dagbag.py:588} INFO - Filling up the DagBag from /home/airflow/.local/lib/python3.12/site-packages/airflow/example_dags/example_python_decorator.py
[2025-04-14T16:25:48.640+0000] {processor.py:925} INFO - DAG(s) 'example_python_decorator' retrieved from /home/airflow/.local/lib/python3.12/site-packages/airflow/example_dags/example_python_decorator.py
[2025-04-14T16:25:48.684+0000] {logging_mixin.py:190} INFO - [2025-04-14T16:25:48.684+0000] {dag.py:3239} INFO - Sync 1 DAGs
[2025-04-14T16:25:48.715+0000] {logging_mixin.py:190} INFO - [2025-04-14T16:25:48.715+0000] {dag.py:4180} INFO - Setting next_dagrun for example_python_decorator to None, run_after=None
[2025-04-14T16:25:48.742+0000] {processor.py:208} INFO - Processing /home/airflow/.local/lib/python3.12/site-packages/airflow/example_dags/example_python_decorator.py took 0.146 seconds
[2025-04-14T16:26:23.579+0000] {processor.py:186} INFO - Started process (PID=240) to work on /home/airflow/.local/lib/python3.12/site-packages/airflow/example_dags/example_python_decorator.py
[2025-04-14T16:26:23.580+0000] {processor.py:914} INFO - Processing file /home/airflow/.local/lib/python3.12/site-packages/airflow/example_dags/example_python_decorator.py for tasks to queue
[2025-04-14T16:26:23.584+0000] {logging_mixin.py:190} INFO - [2025-04-14T16:26:23.583+0000] {dagbag.py:588} INFO - Filling up the DagBag from /home/airflow/.local/lib/python3.12/site-packages/airflow/example_dags/example_python_decorator.py
[2025-04-14T16:26:23.615+0000] {processor.py:925} INFO - DAG(s) 'example_python_decorator' retrieved from /home/airflow/.local/lib/python3.12/site-packages/airflow/example_dags/example_python_decorator.py
[2025-04-14T16:26:23.655+0000] {logging_mixin.py:190} INFO - [2025-04-14T16:26:23.655+0000] {dag.py:3239} INFO - Sync 1 DAGs
[2025-04-14T16:26:23.695+0000] {logging_mixin.py:190} INFO - [2025-04-14T16:26:23.694+0000] {dag.py:4180} INFO - Setting next_dagrun for example_python_decorator to None, run_after=None
[2025-04-14T16:26:23.731+0000] {processor.py:208} INFO - Processing /home/airflow/.local/lib/python3.12/site-packages/airflow/example_dags/example_python_decorator.py took 0.165 seconds
[2025-04-14T16:26:56.342+0000] {processor.py:186} INFO - Started process (PID=303) to work on /home/airflow/.local/lib/python3.12/site-packages/airflow/example_dags/example_python_decorator.py
[2025-04-14T16:26:56.343+0000] {processor.py:914} INFO - Processing file /home/airflow/.local/lib/python3.12/site-packages/airflow/example_dags/example_python_decorator.py for tasks to queue
[2025-04-14T16:26:56.348+0000] {logging_mixin.py:190} INFO - [2025-04-14T16:26:56.347+0000] {dagbag.py:588} INFO - Filling up the DagBag from /home/airflow/.local/lib/python3.12/site-packages/airflow/example_dags/example_python_decorator.py
[2025-04-14T16:26:56.365+0000] {processor.py:925} INFO - DAG(s) 'example_python_decorator' retrieved from /home/airflow/.local/lib/python3.12/site-packages/airflow/example_dags/example_python_decorator.py
[2025-04-14T16:26:56.392+0000] {logging_mixin.py:190} INFO - [2025-04-14T16:26:56.392+0000] {dag.py:3239} INFO - Sync 1 DAGs
[2025-04-14T16:26:56.409+0000] {logging_mixin.py:190} INFO - [2025-04-14T16:26:56.409+0000] {dag.py:4180} INFO - Setting next_dagrun for example_python_decorator to None, run_after=None
[2025-04-14T16:26:56.444+0000] {processor.py:208} INFO - Processing /home/airflow/.local/lib/python3.12/site-packages/airflow/example_dags/example_python_decorator.py took 0.111 seconds
