[2025-04-14T16:25:21.143+0000] {processor.py:186} INFO - Started process (PID=129) to work on /home/airflow/.local/lib/python3.12/site-packages/airflow/example_dags/example_inlet_event_extra.py
[2025-04-14T16:25:21.144+0000] {processor.py:914} INFO - Processing file /home/airflow/.local/lib/python3.12/site-packages/airflow/example_dags/example_inlet_event_extra.py for tasks to queue
[2025-04-14T16:25:21.148+0000] {logging_mixin.py:190} INFO - [2025-04-14T16:25:21.147+0000] {dagbag.py:588} INFO - Filling up the DagBag from /home/airflow/.local/lib/python3.12/site-packages/airflow/example_dags/example_inlet_event_extra.py
[2025-04-14T16:25:21.926+0000] {processor.py:925} INFO - DAG(s) 'read_dataset_event', 'read_dataset_event_from_classic' retrieved from /home/airflow/.local/lib/python3.12/site-packages/airflow/example_dags/example_inlet_event_extra.py
[2025-04-14T16:25:22.109+0000] {logging_mixin.py:190} INFO - [2025-04-14T16:25:22.108+0000] {dag.py:3239} INFO - Sync 2 DAGs
[2025-04-14T16:25:22.144+0000] {logging_mixin.py:190} INFO - [2025-04-14T16:25:22.143+0000] {dag.py:4180} INFO - Setting next_dagrun for read_dataset_event to 2025-04-13 00:00:00+00:00, run_after=2025-04-14 00:00:00+00:00
[2025-04-14T16:25:22.149+0000] {logging_mixin.py:190} INFO - [2025-04-14T16:25:22.149+0000] {dag.py:4180} INFO - Setting next_dagrun for read_dataset_event_from_classic to 2025-04-13 00:00:00+00:00, run_after=2025-04-14 00:00:00+00:00
[2025-04-14T16:25:22.174+0000] {processor.py:208} INFO - Processing /home/airflow/.local/lib/python3.12/site-packages/airflow/example_dags/example_inlet_event_extra.py took 1.041 seconds
[2025-04-14T16:25:59.447+0000] {processor.py:186} INFO - Started process (PID=192) to work on /home/airflow/.local/lib/python3.12/site-packages/airflow/example_dags/example_inlet_event_extra.py
[2025-04-14T16:25:59.448+0000] {processor.py:914} INFO - Processing file /home/airflow/.local/lib/python3.12/site-packages/airflow/example_dags/example_inlet_event_extra.py for tasks to queue
[2025-04-14T16:25:59.452+0000] {logging_mixin.py:190} INFO - [2025-04-14T16:25:59.452+0000] {dagbag.py:588} INFO - Filling up the DagBag from /home/airflow/.local/lib/python3.12/site-packages/airflow/example_dags/example_inlet_event_extra.py
[2025-04-14T16:26:00.425+0000] {processor.py:925} INFO - DAG(s) 'read_dataset_event_from_classic', 'read_dataset_event' retrieved from /home/airflow/.local/lib/python3.12/site-packages/airflow/example_dags/example_inlet_event_extra.py
[2025-04-14T16:26:00.450+0000] {logging_mixin.py:190} INFO - [2025-04-14T16:26:00.450+0000] {dag.py:3239} INFO - Sync 2 DAGs
[2025-04-14T16:26:00.484+0000] {logging_mixin.py:190} INFO - [2025-04-14T16:26:00.484+0000] {dag.py:4180} INFO - Setting next_dagrun for read_dataset_event to 2025-04-13 00:00:00+00:00, run_after=2025-04-14 00:00:00+00:00
[2025-04-14T16:26:00.500+0000] {logging_mixin.py:190} INFO - [2025-04-14T16:26:00.500+0000] {dag.py:4180} INFO - Setting next_dagrun for read_dataset_event_from_classic to 2025-04-13 00:00:00+00:00, run_after=2025-04-14 00:00:00+00:00
[2025-04-14T16:26:00.526+0000] {processor.py:208} INFO - Processing /home/airflow/.local/lib/python3.12/site-packages/airflow/example_dags/example_inlet_event_extra.py took 1.093 seconds
[2025-04-14T16:26:35.923+0000] {processor.py:186} INFO - Started process (PID=259) to work on /home/airflow/.local/lib/python3.12/site-packages/airflow/example_dags/example_inlet_event_extra.py
[2025-04-14T16:26:35.927+0000] {processor.py:914} INFO - Processing file /home/airflow/.local/lib/python3.12/site-packages/airflow/example_dags/example_inlet_event_extra.py for tasks to queue
[2025-04-14T16:26:35.935+0000] {logging_mixin.py:190} INFO - [2025-04-14T16:26:35.934+0000] {dagbag.py:588} INFO - Filling up the DagBag from /home/airflow/.local/lib/python3.12/site-packages/airflow/example_dags/example_inlet_event_extra.py
[2025-04-14T16:26:42.770+0000] {processor.py:925} INFO - DAG(s) 'read_dataset_event', 'read_dataset_event_from_classic' retrieved from /home/airflow/.local/lib/python3.12/site-packages/airflow/example_dags/example_inlet_event_extra.py
[2025-04-14T16:26:42.808+0000] {logging_mixin.py:190} INFO - [2025-04-14T16:26:42.808+0000] {dag.py:3239} INFO - Sync 2 DAGs
[2025-04-14T16:26:42.853+0000] {logging_mixin.py:190} INFO - [2025-04-14T16:26:42.853+0000] {dag.py:4180} INFO - Setting next_dagrun for read_dataset_event to 2025-04-13 00:00:00+00:00, run_after=2025-04-14 00:00:00+00:00
[2025-04-14T16:26:42.862+0000] {logging_mixin.py:190} INFO - [2025-04-14T16:26:42.862+0000] {dag.py:4180} INFO - Setting next_dagrun for read_dataset_event_from_classic to 2025-04-13 00:00:00+00:00, run_after=2025-04-14 00:00:00+00:00
[2025-04-14T16:26:42.894+0000] {processor.py:208} INFO - Processing /home/airflow/.local/lib/python3.12/site-packages/airflow/example_dags/example_inlet_event_extra.py took 7.104 seconds
