[2025-04-14T16:25:00.335+0000] {processor.py:186} INFO - Started process (PID=89) to work on /home/airflow/.local/lib/python3.12/site-packages/airflow/example_dags/example_dataset_alias.py
[2025-04-14T16:25:00.336+0000] {processor.py:914} INFO - Processing file /home/airflow/.local/lib/python3.12/site-packages/airflow/example_dags/example_dataset_alias.py for tasks to queue
[2025-04-14T16:25:00.339+0000] {logging_mixin.py:190} INFO - [2025-04-14T16:25:00.339+0000] {dagbag.py:588} INFO - Filling up the DagBag from /home/airflow/.local/lib/python3.12/site-packages/airflow/example_dags/example_dataset_alias.py
[2025-04-14T16:25:11.014+0000] {processor.py:925} INFO - DAG(s) 'dataset_s3_bucket_consumer', 'dataset_alias_example_alias_consumer', 'dataset_alias_example_alias_producer', 'dataset_s3_bucket_producer' retrieved from /home/airflow/.local/lib/python3.12/site-packages/airflow/example_dags/example_dataset_alias.py
[2025-04-14T16:25:11.679+0000] {logging_mixin.py:190} INFO - [2025-04-14T16:25:11.678+0000] {dag.py:3239} INFO - Sync 4 DAGs
[2025-04-14T16:25:11.753+0000] {logging_mixin.py:190} INFO - [2025-04-14T16:25:11.752+0000] {dag.py:4180} INFO - Setting next_dagrun for dataset_alias_example_alias_consumer to None, run_after=None
[2025-04-14T16:25:11.771+0000] {logging_mixin.py:190} INFO - [2025-04-14T16:25:11.771+0000] {dag.py:4180} INFO - Setting next_dagrun for dataset_alias_example_alias_producer to None, run_after=None
[2025-04-14T16:25:11.778+0000] {logging_mixin.py:190} INFO - [2025-04-14T16:25:11.777+0000] {dag.py:4180} INFO - Setting next_dagrun for dataset_s3_bucket_consumer to None, run_after=None
[2025-04-14T16:25:11.786+0000] {logging_mixin.py:190} INFO - [2025-04-14T16:25:11.785+0000] {dag.py:4180} INFO - Setting next_dagrun for dataset_s3_bucket_producer to None, run_after=None
[2025-04-14T16:25:11.884+0000] {processor.py:208} INFO - Processing /home/airflow/.local/lib/python3.12/site-packages/airflow/example_dags/example_dataset_alias.py took 11.671 seconds
[2025-04-14T16:25:42.780+0000] {processor.py:186} INFO - Started process (PID=159) to work on /home/airflow/.local/lib/python3.12/site-packages/airflow/example_dags/example_dataset_alias.py
[2025-04-14T16:25:42.783+0000] {processor.py:914} INFO - Processing file /home/airflow/.local/lib/python3.12/site-packages/airflow/example_dags/example_dataset_alias.py for tasks to queue
[2025-04-14T16:25:42.789+0000] {logging_mixin.py:190} INFO - [2025-04-14T16:25:42.788+0000] {dagbag.py:588} INFO - Filling up the DagBag from /home/airflow/.local/lib/python3.12/site-packages/airflow/example_dags/example_dataset_alias.py
[2025-04-14T16:25:44.132+0000] {processor.py:925} INFO - DAG(s) 'dataset_s3_bucket_producer', 'dataset_s3_bucket_consumer', 'dataset_alias_example_alias_consumer', 'dataset_alias_example_alias_producer' retrieved from /home/airflow/.local/lib/python3.12/site-packages/airflow/example_dags/example_dataset_alias.py
[2025-04-14T16:25:44.165+0000] {logging_mixin.py:190} INFO - [2025-04-14T16:25:44.164+0000] {dag.py:3239} INFO - Sync 4 DAGs
[2025-04-14T16:25:44.230+0000] {logging_mixin.py:190} INFO - [2025-04-14T16:25:44.229+0000] {dag.py:4180} INFO - Setting next_dagrun for dataset_alias_example_alias_consumer to None, run_after=None
[2025-04-14T16:25:44.244+0000] {logging_mixin.py:190} INFO - [2025-04-14T16:25:44.244+0000] {dag.py:4180} INFO - Setting next_dagrun for dataset_alias_example_alias_producer to None, run_after=None
[2025-04-14T16:25:44.248+0000] {logging_mixin.py:190} INFO - [2025-04-14T16:25:44.248+0000] {dag.py:4180} INFO - Setting next_dagrun for dataset_s3_bucket_consumer to None, run_after=None
[2025-04-14T16:25:44.254+0000] {logging_mixin.py:190} INFO - [2025-04-14T16:25:44.253+0000] {dag.py:4180} INFO - Setting next_dagrun for dataset_s3_bucket_producer to None, run_after=None
[2025-04-14T16:25:44.351+0000] {processor.py:208} INFO - Processing /home/airflow/.local/lib/python3.12/site-packages/airflow/example_dags/example_dataset_alias.py took 1.589 seconds
[2025-04-14T16:26:14.459+0000] {processor.py:186} INFO - Started process (PID=225) to work on /home/airflow/.local/lib/python3.12/site-packages/airflow/example_dags/example_dataset_alias.py
[2025-04-14T16:26:14.461+0000] {processor.py:914} INFO - Processing file /home/airflow/.local/lib/python3.12/site-packages/airflow/example_dags/example_dataset_alias.py for tasks to queue
[2025-04-14T16:26:14.464+0000] {logging_mixin.py:190} INFO - [2025-04-14T16:26:14.463+0000] {dagbag.py:588} INFO - Filling up the DagBag from /home/airflow/.local/lib/python3.12/site-packages/airflow/example_dags/example_dataset_alias.py
[2025-04-14T16:26:15.561+0000] {processor.py:925} INFO - DAG(s) 'dataset_alias_example_alias_consumer', 'dataset_s3_bucket_producer', 'dataset_s3_bucket_consumer', 'dataset_alias_example_alias_producer' retrieved from /home/airflow/.local/lib/python3.12/site-packages/airflow/example_dags/example_dataset_alias.py
[2025-04-14T16:26:15.627+0000] {logging_mixin.py:190} INFO - [2025-04-14T16:26:15.624+0000] {dag.py:3239} INFO - Sync 4 DAGs
[2025-04-14T16:26:15.662+0000] {logging_mixin.py:190} INFO - [2025-04-14T16:26:15.662+0000] {dag.py:4180} INFO - Setting next_dagrun for dataset_alias_example_alias_consumer to None, run_after=None
[2025-04-14T16:26:15.668+0000] {logging_mixin.py:190} INFO - [2025-04-14T16:26:15.667+0000] {dag.py:4180} INFO - Setting next_dagrun for dataset_alias_example_alias_producer to None, run_after=None
[2025-04-14T16:26:15.673+0000] {logging_mixin.py:190} INFO - [2025-04-14T16:26:15.672+0000] {dag.py:4180} INFO - Setting next_dagrun for dataset_s3_bucket_consumer to None, run_after=None
[2025-04-14T16:26:15.675+0000] {logging_mixin.py:190} INFO - [2025-04-14T16:26:15.675+0000] {dag.py:4180} INFO - Setting next_dagrun for dataset_s3_bucket_producer to None, run_after=None
[2025-04-14T16:26:15.711+0000] {processor.py:208} INFO - Processing /home/airflow/.local/lib/python3.12/site-packages/airflow/example_dags/example_dataset_alias.py took 1.262 seconds
[2025-04-14T16:26:53.898+0000] {processor.py:186} INFO - Started process (PID=285) to work on /home/airflow/.local/lib/python3.12/site-packages/airflow/example_dags/example_dataset_alias.py
[2025-04-14T16:26:53.899+0000] {processor.py:914} INFO - Processing file /home/airflow/.local/lib/python3.12/site-packages/airflow/example_dags/example_dataset_alias.py for tasks to queue
[2025-04-14T16:26:53.902+0000] {logging_mixin.py:190} INFO - [2025-04-14T16:26:53.902+0000] {dagbag.py:588} INFO - Filling up the DagBag from /home/airflow/.local/lib/python3.12/site-packages/airflow/example_dags/example_dataset_alias.py
[2025-04-14T16:26:54.857+0000] {processor.py:925} INFO - DAG(s) 'dataset_alias_example_alias_consumer', 'dataset_alias_example_alias_producer', 'dataset_s3_bucket_producer', 'dataset_s3_bucket_consumer' retrieved from /home/airflow/.local/lib/python3.12/site-packages/airflow/example_dags/example_dataset_alias.py
[2025-04-14T16:26:54.892+0000] {logging_mixin.py:190} INFO - [2025-04-14T16:26:54.892+0000] {dag.py:3239} INFO - Sync 4 DAGs
[2025-04-14T16:26:54.929+0000] {logging_mixin.py:190} INFO - [2025-04-14T16:26:54.929+0000] {dag.py:4180} INFO - Setting next_dagrun for dataset_alias_example_alias_consumer to None, run_after=None
[2025-04-14T16:26:54.935+0000] {logging_mixin.py:190} INFO - [2025-04-14T16:26:54.934+0000] {dag.py:4180} INFO - Setting next_dagrun for dataset_alias_example_alias_producer to None, run_after=None
[2025-04-14T16:26:54.938+0000] {logging_mixin.py:190} INFO - [2025-04-14T16:26:54.938+0000] {dag.py:4180} INFO - Setting next_dagrun for dataset_s3_bucket_consumer to None, run_after=None
[2025-04-14T16:26:54.940+0000] {logging_mixin.py:190} INFO - [2025-04-14T16:26:54.940+0000] {dag.py:4180} INFO - Setting next_dagrun for dataset_s3_bucket_producer to None, run_after=None
[2025-04-14T16:26:54.976+0000] {processor.py:208} INFO - Processing /home/airflow/.local/lib/python3.12/site-packages/airflow/example_dags/example_dataset_alias.py took 1.086 seconds
