[2025-04-14T16:25:16.596+0000] {processor.py:186} INFO - Started process (PID=110) to work on /home/airflow/.local/lib/python3.12/site-packages/airflow/example_dags/example_bash_decorator.py
[2025-04-14T16:25:16.598+0000] {processor.py:914} INFO - Processing file /home/airflow/.local/lib/python3.12/site-packages/airflow/example_dags/example_bash_decorator.py for tasks to queue
[2025-04-14T16:25:16.601+0000] {logging_mixin.py:190} INFO - [2025-04-14T16:25:16.600+0000] {dagbag.py:588} INFO - Filling up the DagBag from /home/airflow/.local/lib/python3.12/site-packages/airflow/example_dags/example_bash_decorator.py
[2025-04-14T16:25:16.625+0000] {processor.py:925} INFO - DAG(s) 'example_bash_decorator' retrieved from /home/airflow/.local/lib/python3.12/site-packages/airflow/example_dags/example_bash_decorator.py
[2025-04-14T16:25:16.822+0000] {logging_mixin.py:190} INFO - [2025-04-14T16:25:16.821+0000] {dag.py:3239} INFO - Sync 1 DAGs
[2025-04-14T16:25:16.840+0000] {logging_mixin.py:190} INFO - [2025-04-14T16:25:16.839+0000] {dag.py:4180} INFO - Setting next_dagrun for example_bash_decorator to None, run_after=None
[2025-04-14T16:25:16.870+0000] {processor.py:208} INFO - Processing /home/airflow/.local/lib/python3.12/site-packages/airflow/example_dags/example_bash_decorator.py took 0.281 seconds
[2025-04-14T16:25:47.460+0000] {processor.py:186} INFO - Started process (PID=173) to work on /home/airflow/.local/lib/python3.12/site-packages/airflow/example_dags/example_bash_decorator.py
[2025-04-14T16:25:47.463+0000] {processor.py:914} INFO - Processing file /home/airflow/.local/lib/python3.12/site-packages/airflow/example_dags/example_bash_decorator.py for tasks to queue
[2025-04-14T16:25:47.469+0000] {logging_mixin.py:190} INFO - [2025-04-14T16:25:47.469+0000] {dagbag.py:588} INFO - Filling up the DagBag from /home/airflow/.local/lib/python3.12/site-packages/airflow/example_dags/example_bash_decorator.py
[2025-04-14T16:25:47.548+0000] {processor.py:925} INFO - DAG(s) 'example_bash_decorator' retrieved from /home/airflow/.local/lib/python3.12/site-packages/airflow/example_dags/example_bash_decorator.py
[2025-04-14T16:25:47.683+0000] {logging_mixin.py:190} INFO - [2025-04-14T16:25:47.683+0000] {dag.py:3239} INFO - Sync 1 DAGs
[2025-04-14T16:25:47.809+0000] {logging_mixin.py:190} INFO - [2025-04-14T16:25:47.808+0000] {dag.py:4180} INFO - Setting next_dagrun for example_bash_decorator to None, run_after=None
[2025-04-14T16:25:47.921+0000] {processor.py:208} INFO - Processing /home/airflow/.local/lib/python3.12/site-packages/airflow/example_dags/example_bash_decorator.py took 0.492 seconds
[2025-04-14T16:26:22.942+0000] {processor.py:186} INFO - Started process (PID=236) to work on /home/airflow/.local/lib/python3.12/site-packages/airflow/example_dags/example_bash_decorator.py
[2025-04-14T16:26:22.943+0000] {processor.py:914} INFO - Processing file /home/airflow/.local/lib/python3.12/site-packages/airflow/example_dags/example_bash_decorator.py for tasks to queue
[2025-04-14T16:26:22.947+0000] {logging_mixin.py:190} INFO - [2025-04-14T16:26:22.947+0000] {dagbag.py:588} INFO - Filling up the DagBag from /home/airflow/.local/lib/python3.12/site-packages/airflow/example_dags/example_bash_decorator.py
[2025-04-14T16:26:22.992+0000] {processor.py:925} INFO - DAG(s) 'example_bash_decorator' retrieved from /home/airflow/.local/lib/python3.12/site-packages/airflow/example_dags/example_bash_decorator.py
[2025-04-14T16:26:23.073+0000] {logging_mixin.py:190} INFO - [2025-04-14T16:26:23.073+0000] {dag.py:3239} INFO - Sync 1 DAGs
[2025-04-14T16:26:23.127+0000] {logging_mixin.py:190} INFO - [2025-04-14T16:26:23.127+0000] {dag.py:4180} INFO - Setting next_dagrun for example_bash_decorator to None, run_after=None
[2025-04-14T16:26:23.187+0000] {processor.py:208} INFO - Processing /home/airflow/.local/lib/python3.12/site-packages/airflow/example_dags/example_bash_decorator.py took 0.266 seconds
[2025-04-14T16:26:55.921+0000] {processor.py:186} INFO - Started process (PID=299) to work on /home/airflow/.local/lib/python3.12/site-packages/airflow/example_dags/example_bash_decorator.py
[2025-04-14T16:26:55.923+0000] {processor.py:914} INFO - Processing file /home/airflow/.local/lib/python3.12/site-packages/airflow/example_dags/example_bash_decorator.py for tasks to queue
[2025-04-14T16:26:55.926+0000] {logging_mixin.py:190} INFO - [2025-04-14T16:26:55.925+0000] {dagbag.py:588} INFO - Filling up the DagBag from /home/airflow/.local/lib/python3.12/site-packages/airflow/example_dags/example_bash_decorator.py
[2025-04-14T16:26:55.943+0000] {processor.py:925} INFO - DAG(s) 'example_bash_decorator' retrieved from /home/airflow/.local/lib/python3.12/site-packages/airflow/example_dags/example_bash_decorator.py
[2025-04-14T16:26:55.972+0000] {logging_mixin.py:190} INFO - [2025-04-14T16:26:55.972+0000] {dag.py:3239} INFO - Sync 1 DAGs
[2025-04-14T16:26:55.986+0000] {logging_mixin.py:190} INFO - [2025-04-14T16:26:55.986+0000] {dag.py:4180} INFO - Setting next_dagrun for example_bash_decorator to None, run_after=None
[2025-04-14T16:26:56.007+0000] {processor.py:208} INFO - Processing /home/airflow/.local/lib/python3.12/site-packages/airflow/example_dags/example_bash_decorator.py took 0.092 seconds
