[2025-04-14T16:25:16.251+0000] {processor.py:186} INFO - Started process (PID=109) to work on /home/airflow/.local/lib/python3.12/site-packages/airflow/example_dags/example_subdag_operator.py
[2025-04-14T16:25:16.252+0000] {processor.py:914} INFO - Processing file /home/airflow/.local/lib/python3.12/site-packages/airflow/example_dags/example_subdag_operator.py for tasks to queue
[2025-04-14T16:25:16.255+0000] {logging_mixin.py:190} INFO - [2025-04-14T16:25:16.254+0000] {dagbag.py:588} INFO - Filling up the DagBag from /home/airflow/.local/lib/python3.12/site-packages/airflow/example_dags/example_subdag_operator.py
[2025-04-14T16:25:16.292+0000] {processor.py:925} INFO - DAG(s) 'example_subdag_operator.section-1', 'example_subdag_operator.section-2', 'example_subdag_operator' retrieved from /home/airflow/.local/lib/python3.12/site-packages/airflow/example_dags/example_subdag_operator.py
[2025-04-14T16:25:16.469+0000] {logging_mixin.py:190} INFO - [2025-04-14T16:25:16.469+0000] {dag.py:3239} INFO - Sync 3 DAGs
[2025-04-14T16:25:16.507+0000] {logging_mixin.py:190} INFO - [2025-04-14T16:25:16.507+0000] {dag.py:4180} INFO - Setting next_dagrun for example_subdag_operator to 2022-01-01 00:00:00+00:00, run_after=2022-01-01 00:00:00+00:00
[2025-04-14T16:25:16.511+0000] {logging_mixin.py:190} INFO - [2025-04-14T16:25:16.511+0000] {dag.py:4180} INFO - Setting next_dagrun for example_subdag_operator.section-1 to None, run_after=None
[2025-04-14T16:25:16.513+0000] {logging_mixin.py:190} INFO - [2025-04-14T16:25:16.513+0000] {dag.py:4180} INFO - Setting next_dagrun for example_subdag_operator.section-2 to None, run_after=None
[2025-04-14T16:25:16.525+0000] {logging_mixin.py:190} INFO - [2025-04-14T16:25:16.524+0000] {dag.py:3239} INFO - Sync 2 DAGs
[2025-04-14T16:25:16.534+0000] {logging_mixin.py:190} INFO - [2025-04-14T16:25:16.533+0000] {dag.py:4180} INFO - Setting next_dagrun for example_subdag_operator.section-1 to None, run_after=None
[2025-04-14T16:25:16.534+0000] {logging_mixin.py:190} INFO - [2025-04-14T16:25:16.534+0000] {dag.py:4180} INFO - Setting next_dagrun for example_subdag_operator.section-2 to None, run_after=None
[2025-04-14T16:25:16.553+0000] {processor.py:208} INFO - Processing /home/airflow/.local/lib/python3.12/site-packages/airflow/example_dags/example_subdag_operator.py took 0.311 seconds
[2025-04-14T16:25:46.784+0000] {processor.py:186} INFO - Started process (PID=171) to work on /home/airflow/.local/lib/python3.12/site-packages/airflow/example_dags/example_subdag_operator.py
[2025-04-14T16:25:46.790+0000] {processor.py:914} INFO - Processing file /home/airflow/.local/lib/python3.12/site-packages/airflow/example_dags/example_subdag_operator.py for tasks to queue
[2025-04-14T16:25:46.796+0000] {logging_mixin.py:190} INFO - [2025-04-14T16:25:46.795+0000] {dagbag.py:588} INFO - Filling up the DagBag from /home/airflow/.local/lib/python3.12/site-packages/airflow/example_dags/example_subdag_operator.py
[2025-04-14T16:25:46.944+0000] {processor.py:925} INFO - DAG(s) 'example_subdag_operator.section-1', 'example_subdag_operator.section-2', 'example_subdag_operator' retrieved from /home/airflow/.local/lib/python3.12/site-packages/airflow/example_dags/example_subdag_operator.py
[2025-04-14T16:25:47.018+0000] {logging_mixin.py:190} INFO - [2025-04-14T16:25:47.017+0000] {dag.py:3239} INFO - Sync 3 DAGs
[2025-04-14T16:25:47.148+0000] {logging_mixin.py:190} INFO - [2025-04-14T16:25:47.147+0000] {dag.py:4180} INFO - Setting next_dagrun for example_subdag_operator to 2022-01-01 00:00:00+00:00, run_after=2022-01-01 00:00:00+00:00
[2025-04-14T16:25:47.161+0000] {logging_mixin.py:190} INFO - [2025-04-14T16:25:47.160+0000] {dag.py:4180} INFO - Setting next_dagrun for example_subdag_operator.section-1 to None, run_after=None
[2025-04-14T16:25:47.172+0000] {logging_mixin.py:190} INFO - [2025-04-14T16:25:47.171+0000] {dag.py:4180} INFO - Setting next_dagrun for example_subdag_operator.section-2 to None, run_after=None
[2025-04-14T16:25:47.213+0000] {logging_mixin.py:190} INFO - [2025-04-14T16:25:47.212+0000] {dag.py:3239} INFO - Sync 2 DAGs
[2025-04-14T16:25:47.252+0000] {logging_mixin.py:190} INFO - [2025-04-14T16:25:47.252+0000] {dag.py:4180} INFO - Setting next_dagrun for example_subdag_operator.section-1 to None, run_after=None
[2025-04-14T16:25:47.257+0000] {logging_mixin.py:190} INFO - [2025-04-14T16:25:47.257+0000] {dag.py:4180} INFO - Setting next_dagrun for example_subdag_operator.section-2 to None, run_after=None
[2025-04-14T16:25:47.312+0000] {processor.py:208} INFO - Processing /home/airflow/.local/lib/python3.12/site-packages/airflow/example_dags/example_subdag_operator.py took 0.559 seconds
[2025-04-14T16:26:21.091+0000] {processor.py:186} INFO - Started process (PID=235) to work on /home/airflow/.local/lib/python3.12/site-packages/airflow/example_dags/example_subdag_operator.py
[2025-04-14T16:26:21.098+0000] {processor.py:914} INFO - Processing file /home/airflow/.local/lib/python3.12/site-packages/airflow/example_dags/example_subdag_operator.py for tasks to queue
[2025-04-14T16:26:21.119+0000] {logging_mixin.py:190} INFO - [2025-04-14T16:26:21.117+0000] {dagbag.py:588} INFO - Filling up the DagBag from /home/airflow/.local/lib/python3.12/site-packages/airflow/example_dags/example_subdag_operator.py
[2025-04-14T16:26:21.522+0000] {processor.py:925} INFO - DAG(s) 'example_subdag_operator.section-1', 'example_subdag_operator.section-2', 'example_subdag_operator' retrieved from /home/airflow/.local/lib/python3.12/site-packages/airflow/example_dags/example_subdag_operator.py
[2025-04-14T16:26:21.807+0000] {logging_mixin.py:190} INFO - [2025-04-14T16:26:21.802+0000] {dag.py:3239} INFO - Sync 3 DAGs
[2025-04-14T16:26:22.247+0000] {logging_mixin.py:190} INFO - [2025-04-14T16:26:22.246+0000] {dag.py:4180} INFO - Setting next_dagrun for example_subdag_operator to 2022-01-01 00:00:00+00:00, run_after=2022-01-01 00:00:00+00:00
[2025-04-14T16:26:22.315+0000] {logging_mixin.py:190} INFO - [2025-04-14T16:26:22.308+0000] {dag.py:4180} INFO - Setting next_dagrun for example_subdag_operator.section-1 to None, run_after=None
[2025-04-14T16:26:22.344+0000] {logging_mixin.py:190} INFO - [2025-04-14T16:26:22.343+0000] {dag.py:4180} INFO - Setting next_dagrun for example_subdag_operator.section-2 to None, run_after=None
[2025-04-14T16:26:22.524+0000] {logging_mixin.py:190} INFO - [2025-04-14T16:26:22.519+0000] {dag.py:3239} INFO - Sync 2 DAGs
[2025-04-14T16:26:22.773+0000] {logging_mixin.py:190} INFO - [2025-04-14T16:26:22.771+0000] {dag.py:4180} INFO - Setting next_dagrun for example_subdag_operator.section-1 to None, run_after=None
[2025-04-14T16:26:22.778+0000] {logging_mixin.py:190} INFO - [2025-04-14T16:26:22.776+0000] {dag.py:4180} INFO - Setting next_dagrun for example_subdag_operator.section-2 to None, run_after=None
[2025-04-14T16:26:22.819+0000] {processor.py:208} INFO - Processing /home/airflow/.local/lib/python3.12/site-packages/airflow/example_dags/example_subdag_operator.py took 1.853 seconds
[2025-04-14T16:26:55.735+0000] {processor.py:186} INFO - Started process (PID=298) to work on /home/airflow/.local/lib/python3.12/site-packages/airflow/example_dags/example_subdag_operator.py
[2025-04-14T16:26:55.736+0000] {processor.py:914} INFO - Processing file /home/airflow/.local/lib/python3.12/site-packages/airflow/example_dags/example_subdag_operator.py for tasks to queue
[2025-04-14T16:26:55.739+0000] {logging_mixin.py:190} INFO - [2025-04-14T16:26:55.739+0000] {dagbag.py:588} INFO - Filling up the DagBag from /home/airflow/.local/lib/python3.12/site-packages/airflow/example_dags/example_subdag_operator.py
[2025-04-14T16:26:55.772+0000] {processor.py:925} INFO - DAG(s) 'example_subdag_operator.section-1', 'example_subdag_operator.section-2', 'example_subdag_operator' retrieved from /home/airflow/.local/lib/python3.12/site-packages/airflow/example_dags/example_subdag_operator.py
[2025-04-14T16:26:55.793+0000] {logging_mixin.py:190} INFO - [2025-04-14T16:26:55.793+0000] {dag.py:3239} INFO - Sync 3 DAGs
[2025-04-14T16:26:55.823+0000] {logging_mixin.py:190} INFO - [2025-04-14T16:26:55.823+0000] {dag.py:4180} INFO - Setting next_dagrun for example_subdag_operator to 2022-01-01 00:00:00+00:00, run_after=2022-01-01 00:00:00+00:00
[2025-04-14T16:26:55.828+0000] {logging_mixin.py:190} INFO - [2025-04-14T16:26:55.828+0000] {dag.py:4180} INFO - Setting next_dagrun for example_subdag_operator.section-1 to None, run_after=None
[2025-04-14T16:26:55.832+0000] {logging_mixin.py:190} INFO - [2025-04-14T16:26:55.831+0000] {dag.py:4180} INFO - Setting next_dagrun for example_subdag_operator.section-2 to None, run_after=None
[2025-04-14T16:26:55.841+0000] {logging_mixin.py:190} INFO - [2025-04-14T16:26:55.840+0000] {dag.py:3239} INFO - Sync 2 DAGs
[2025-04-14T16:26:55.848+0000] {logging_mixin.py:190} INFO - [2025-04-14T16:26:55.848+0000] {dag.py:4180} INFO - Setting next_dagrun for example_subdag_operator.section-1 to None, run_after=None
[2025-04-14T16:26:55.849+0000] {logging_mixin.py:190} INFO - [2025-04-14T16:26:55.849+0000] {dag.py:4180} INFO - Setting next_dagrun for example_subdag_operator.section-2 to None, run_after=None
[2025-04-14T16:26:55.867+0000] {processor.py:208} INFO - Processing /home/airflow/.local/lib/python3.12/site-packages/airflow/example_dags/example_subdag_operator.py took 0.139 seconds
