[2025-04-14T16:25:19.328+0000] {processor.py:186} INFO - Started process (PID=123) to work on /home/airflow/.local/lib/python3.12/site-packages/airflow/example_dags/example_branch_python_dop_operator_3.py
[2025-04-14T16:25:19.330+0000] {processor.py:914} INFO - Processing file /home/airflow/.local/lib/python3.12/site-packages/airflow/example_dags/example_branch_python_dop_operator_3.py for tasks to queue
[2025-04-14T16:25:19.348+0000] {logging_mixin.py:190} INFO - [2025-04-14T16:25:19.341+0000] {dagbag.py:588} INFO - Filling up the DagBag from /home/airflow/.local/lib/python3.12/site-packages/airflow/example_dags/example_branch_python_dop_operator_3.py
[2025-04-14T16:25:19.384+0000] {processor.py:925} INFO - DAG(s) 'example_branch_dop_operator_v3' retrieved from /home/airflow/.local/lib/python3.12/site-packages/airflow/example_dags/example_branch_python_dop_operator_3.py
[2025-04-14T16:25:19.781+0000] {logging_mixin.py:190} INFO - [2025-04-14T16:25:19.780+0000] {dag.py:3239} INFO - Sync 1 DAGs
[2025-04-14T16:25:19.894+0000] {logging_mixin.py:190} INFO - [2025-04-14T16:25:19.893+0000] {dag.py:4180} INFO - Setting next_dagrun for example_branch_dop_operator_v3 to 2025-04-14 16:24:00+00:00, run_after=2025-04-14 16:25:00+00:00
[2025-04-14T16:25:19.956+0000] {processor.py:208} INFO - Processing /home/airflow/.local/lib/python3.12/site-packages/airflow/example_dags/example_branch_python_dop_operator_3.py took 0.650 seconds
[2025-04-14T16:25:52.948+0000] {processor.py:186} INFO - Started process (PID=186) to work on /home/airflow/.local/lib/python3.12/site-packages/airflow/example_dags/example_branch_python_dop_operator_3.py
[2025-04-14T16:25:52.952+0000] {processor.py:914} INFO - Processing file /home/airflow/.local/lib/python3.12/site-packages/airflow/example_dags/example_branch_python_dop_operator_3.py for tasks to queue
[2025-04-14T16:25:52.973+0000] {logging_mixin.py:190} INFO - [2025-04-14T16:25:52.970+0000] {dagbag.py:588} INFO - Filling up the DagBag from /home/airflow/.local/lib/python3.12/site-packages/airflow/example_dags/example_branch_python_dop_operator_3.py
[2025-04-14T16:25:53.059+0000] {processor.py:925} INFO - DAG(s) 'example_branch_dop_operator_v3' retrieved from /home/airflow/.local/lib/python3.12/site-packages/airflow/example_dags/example_branch_python_dop_operator_3.py
[2025-04-14T16:25:53.160+0000] {logging_mixin.py:190} INFO - [2025-04-14T16:25:53.159+0000] {dag.py:3239} INFO - Sync 1 DAGs
[2025-04-14T16:25:53.399+0000] {logging_mixin.py:190} INFO - [2025-04-14T16:25:53.397+0000] {dag.py:4180} INFO - Setting next_dagrun for example_branch_dop_operator_v3 to 2025-04-14 16:24:00+00:00, run_after=2025-04-14 16:25:00+00:00
[2025-04-14T16:25:53.545+0000] {processor.py:208} INFO - Processing /home/airflow/.local/lib/python3.12/site-packages/airflow/example_dags/example_branch_python_dop_operator_3.py took 0.640 seconds
[2025-04-14T16:26:24.496+0000] {processor.py:186} INFO - Started process (PID=249) to work on /home/airflow/.local/lib/python3.12/site-packages/airflow/example_dags/example_branch_python_dop_operator_3.py
[2025-04-14T16:26:24.498+0000] {processor.py:914} INFO - Processing file /home/airflow/.local/lib/python3.12/site-packages/airflow/example_dags/example_branch_python_dop_operator_3.py for tasks to queue
[2025-04-14T16:26:24.503+0000] {logging_mixin.py:190} INFO - [2025-04-14T16:26:24.502+0000] {dagbag.py:588} INFO - Filling up the DagBag from /home/airflow/.local/lib/python3.12/site-packages/airflow/example_dags/example_branch_python_dop_operator_3.py
[2025-04-14T16:26:24.521+0000] {processor.py:925} INFO - DAG(s) 'example_branch_dop_operator_v3' retrieved from /home/airflow/.local/lib/python3.12/site-packages/airflow/example_dags/example_branch_python_dop_operator_3.py
[2025-04-14T16:26:24.556+0000] {logging_mixin.py:190} INFO - [2025-04-14T16:26:24.556+0000] {dag.py:3239} INFO - Sync 1 DAGs
[2025-04-14T16:26:24.655+0000] {logging_mixin.py:190} INFO - [2025-04-14T16:26:24.655+0000] {dag.py:4180} INFO - Setting next_dagrun for example_branch_dop_operator_v3 to 2025-04-14 16:25:00+00:00, run_after=2025-04-14 16:26:00+00:00
[2025-04-14T16:26:24.697+0000] {processor.py:208} INFO - Processing /home/airflow/.local/lib/python3.12/site-packages/airflow/example_dags/example_branch_python_dop_operator_3.py took 0.210 seconds
[2025-04-14T16:26:57.850+0000] {processor.py:186} INFO - Started process (PID=312) to work on /home/airflow/.local/lib/python3.12/site-packages/airflow/example_dags/example_branch_python_dop_operator_3.py
[2025-04-14T16:26:57.853+0000] {processor.py:914} INFO - Processing file /home/airflow/.local/lib/python3.12/site-packages/airflow/example_dags/example_branch_python_dop_operator_3.py for tasks to queue
[2025-04-14T16:26:57.864+0000] {logging_mixin.py:190} INFO - [2025-04-14T16:26:57.863+0000] {dagbag.py:588} INFO - Filling up the DagBag from /home/airflow/.local/lib/python3.12/site-packages/airflow/example_dags/example_branch_python_dop_operator_3.py
[2025-04-14T16:26:57.898+0000] {processor.py:925} INFO - DAG(s) 'example_branch_dop_operator_v3' retrieved from /home/airflow/.local/lib/python3.12/site-packages/airflow/example_dags/example_branch_python_dop_operator_3.py
[2025-04-14T16:26:59.022+0000] {logging_mixin.py:190} INFO - [2025-04-14T16:26:59.021+0000] {process_utils.py:266} INFO - Waiting up to 5 seconds for processes to exit...
