[2025-04-14T16:25:00.045+0000] {processor.py:186} INFO - Started process (PID=88) to work on /home/airflow/.local/lib/python3.12/site-packages/airflow/example_dags/example_display_name.py
[2025-04-14T16:25:00.046+0000] {processor.py:914} INFO - Processing file /home/airflow/.local/lib/python3.12/site-packages/airflow/example_dags/example_display_name.py for tasks to queue
[2025-04-14T16:25:00.049+0000] {logging_mixin.py:190} INFO - [2025-04-14T16:25:00.049+0000] {dagbag.py:588} INFO - Filling up the DagBag from /home/airflow/.local/lib/python3.12/site-packages/airflow/example_dags/example_display_name.py
[2025-04-14T16:25:00.060+0000] {processor.py:925} INFO - DAG(s) 'example_display_name' retrieved from /home/airflow/.local/lib/python3.12/site-packages/airflow/example_dags/example_display_name.py
[2025-04-14T16:25:00.226+0000] {logging_mixin.py:190} INFO - [2025-04-14T16:25:00.226+0000] {dag.py:3239} INFO - Sync 1 DAGs
[2025-04-14T16:25:00.251+0000] {logging_mixin.py:190} INFO - [2025-04-14T16:25:00.250+0000] {dag.py:4180} INFO - Setting next_dagrun for example_display_name to None, run_after=None
[2025-04-14T16:25:00.290+0000] {processor.py:208} INFO - Processing /home/airflow/.local/lib/python3.12/site-packages/airflow/example_dags/example_display_name.py took 0.253 seconds
[2025-04-14T16:25:37.120+0000] {processor.py:186} INFO - Started process (PID=151) to work on /home/airflow/.local/lib/python3.12/site-packages/airflow/example_dags/example_display_name.py
[2025-04-14T16:25:37.122+0000] {processor.py:914} INFO - Processing file /home/airflow/.local/lib/python3.12/site-packages/airflow/example_dags/example_display_name.py for tasks to queue
[2025-04-14T16:25:37.137+0000] {logging_mixin.py:190} INFO - [2025-04-14T16:25:37.136+0000] {dagbag.py:588} INFO - Filling up the DagBag from /home/airflow/.local/lib/python3.12/site-packages/airflow/example_dags/example_display_name.py
[2025-04-14T16:25:37.175+0000] {processor.py:925} INFO - DAG(s) 'example_display_name' retrieved from /home/airflow/.local/lib/python3.12/site-packages/airflow/example_dags/example_display_name.py
[2025-04-14T16:25:37.265+0000] {logging_mixin.py:190} INFO - [2025-04-14T16:25:37.264+0000] {dag.py:3239} INFO - Sync 1 DAGs
[2025-04-14T16:25:37.353+0000] {logging_mixin.py:190} INFO - [2025-04-14T16:25:37.353+0000] {dag.py:4180} INFO - Setting next_dagrun for example_display_name to None, run_after=None
[2025-04-14T16:25:37.492+0000] {processor.py:208} INFO - Processing /home/airflow/.local/lib/python3.12/site-packages/airflow/example_dags/example_display_name.py took 0.412 seconds
[2025-04-14T16:26:09.444+0000] {processor.py:186} INFO - Started process (PID=220) to work on /home/airflow/.local/lib/python3.12/site-packages/airflow/example_dags/example_display_name.py
[2025-04-14T16:26:09.500+0000] {processor.py:914} INFO - Processing file /home/airflow/.local/lib/python3.12/site-packages/airflow/example_dags/example_display_name.py for tasks to queue
[2025-04-14T16:26:09.565+0000] {logging_mixin.py:190} INFO - [2025-04-14T16:26:09.562+0000] {dagbag.py:588} INFO - Filling up the DagBag from /home/airflow/.local/lib/python3.12/site-packages/airflow/example_dags/example_display_name.py
[2025-04-14T16:26:09.704+0000] {processor.py:925} INFO - DAG(s) 'example_display_name' retrieved from /home/airflow/.local/lib/python3.12/site-packages/airflow/example_dags/example_display_name.py
[2025-04-14T16:26:10.040+0000] {logging_mixin.py:190} INFO - [2025-04-14T16:26:10.038+0000] {dag.py:3239} INFO - Sync 1 DAGs
[2025-04-14T16:26:10.349+0000] {logging_mixin.py:190} INFO - [2025-04-14T16:26:10.348+0000] {dag.py:4180} INFO - Setting next_dagrun for example_display_name to None, run_after=None
[2025-04-14T16:26:10.675+0000] {processor.py:208} INFO - Processing /home/airflow/.local/lib/python3.12/site-packages/airflow/example_dags/example_display_name.py took 1.367 seconds
[2025-04-14T16:26:53.750+0000] {processor.py:186} INFO - Started process (PID=284) to work on /home/airflow/.local/lib/python3.12/site-packages/airflow/example_dags/example_display_name.py
[2025-04-14T16:26:53.754+0000] {processor.py:914} INFO - Processing file /home/airflow/.local/lib/python3.12/site-packages/airflow/example_dags/example_display_name.py for tasks to queue
[2025-04-14T16:26:53.759+0000] {logging_mixin.py:190} INFO - [2025-04-14T16:26:53.758+0000] {dagbag.py:588} INFO - Filling up the DagBag from /home/airflow/.local/lib/python3.12/site-packages/airflow/example_dags/example_display_name.py
[2025-04-14T16:26:53.770+0000] {processor.py:925} INFO - DAG(s) 'example_display_name' retrieved from /home/airflow/.local/lib/python3.12/site-packages/airflow/example_dags/example_display_name.py
[2025-04-14T16:26:53.801+0000] {logging_mixin.py:190} INFO - [2025-04-14T16:26:53.800+0000] {dag.py:3239} INFO - Sync 1 DAGs
[2025-04-14T16:26:53.824+0000] {logging_mixin.py:190} INFO - [2025-04-14T16:26:53.824+0000] {dag.py:4180} INFO - Setting next_dagrun for example_display_name to None, run_after=None
[2025-04-14T16:26:53.853+0000] {processor.py:208} INFO - Processing /home/airflow/.local/lib/python3.12/site-packages/airflow/example_dags/example_display_name.py took 0.114 seconds
