[2025-04-14T16:25:12.089+0000] {processor.py:186} INFO - Started process (PID=98) to work on /home/airflow/.local/lib/python3.12/site-packages/airflow/example_dags/example_branch_operator.py
[2025-04-14T16:25:12.191+0000] {processor.py:914} INFO - Processing file /home/airflow/.local/lib/python3.12/site-packages/airflow/example_dags/example_branch_operator.py for tasks to queue
[2025-04-14T16:25:12.209+0000] {logging_mixin.py:190} INFO - [2025-04-14T16:25:12.208+0000] {dagbag.py:588} INFO - Filling up the DagBag from /home/airflow/.local/lib/python3.12/site-packages/airflow/example_dags/example_branch_operator.py
[2025-04-14T16:25:12.414+0000] {processor.py:925} INFO - DAG(s) 'example_branch_operator' retrieved from /home/airflow/.local/lib/python3.12/site-packages/airflow/example_dags/example_branch_operator.py
[2025-04-14T16:25:12.979+0000] {logging_mixin.py:190} INFO - [2025-04-14T16:25:12.978+0000] {dag.py:3239} INFO - Sync 1 DAGs
[2025-04-14T16:25:13.174+0000] {logging_mixin.py:190} INFO - [2025-04-14T16:25:13.174+0000] {dag.py:4180} INFO - Setting next_dagrun for example_branch_operator to 2025-04-13 00:00:00+00:00, run_after=2025-04-14 00:00:00+00:00
[2025-04-14T16:25:13.247+0000] {processor.py:208} INFO - Processing /home/airflow/.local/lib/python3.12/site-packages/airflow/example_dags/example_branch_operator.py took 1.203 seconds
[2025-04-14T16:25:43.513+0000] {processor.py:186} INFO - Started process (PID=161) to work on /home/airflow/.local/lib/python3.12/site-packages/airflow/example_dags/example_branch_operator.py
[2025-04-14T16:25:43.516+0000] {processor.py:914} INFO - Processing file /home/airflow/.local/lib/python3.12/site-packages/airflow/example_dags/example_branch_operator.py for tasks to queue
[2025-04-14T16:25:43.522+0000] {logging_mixin.py:190} INFO - [2025-04-14T16:25:43.521+0000] {dagbag.py:588} INFO - Filling up the DagBag from /home/airflow/.local/lib/python3.12/site-packages/airflow/example_dags/example_branch_operator.py
[2025-04-14T16:25:43.565+0000] {processor.py:925} INFO - DAG(s) 'example_branch_operator' retrieved from /home/airflow/.local/lib/python3.12/site-packages/airflow/example_dags/example_branch_operator.py
[2025-04-14T16:25:43.669+0000] {logging_mixin.py:190} INFO - [2025-04-14T16:25:43.669+0000] {dag.py:3239} INFO - Sync 1 DAGs
[2025-04-14T16:25:43.742+0000] {logging_mixin.py:190} INFO - [2025-04-14T16:25:43.742+0000] {dag.py:4180} INFO - Setting next_dagrun for example_branch_operator to 2025-04-13 00:00:00+00:00, run_after=2025-04-14 00:00:00+00:00
[2025-04-14T16:25:43.774+0000] {processor.py:208} INFO - Processing /home/airflow/.local/lib/python3.12/site-packages/airflow/example_dags/example_branch_operator.py took 0.278 seconds
[2025-04-14T16:26:13.998+0000] {processor.py:186} INFO - Started process (PID=223) to work on /home/airflow/.local/lib/python3.12/site-packages/airflow/example_dags/example_branch_operator.py
[2025-04-14T16:26:13.999+0000] {processor.py:914} INFO - Processing file /home/airflow/.local/lib/python3.12/site-packages/airflow/example_dags/example_branch_operator.py for tasks to queue
[2025-04-14T16:26:14.002+0000] {logging_mixin.py:190} INFO - [2025-04-14T16:26:14.002+0000] {dagbag.py:588} INFO - Filling up the DagBag from /home/airflow/.local/lib/python3.12/site-packages/airflow/example_dags/example_branch_operator.py
[2025-04-14T16:26:14.031+0000] {processor.py:925} INFO - DAG(s) 'example_branch_operator' retrieved from /home/airflow/.local/lib/python3.12/site-packages/airflow/example_dags/example_branch_operator.py
[2025-04-14T16:26:14.088+0000] {logging_mixin.py:190} INFO - [2025-04-14T16:26:14.087+0000] {dag.py:3239} INFO - Sync 1 DAGs
[2025-04-14T16:26:14.132+0000] {logging_mixin.py:190} INFO - [2025-04-14T16:26:14.132+0000] {dag.py:4180} INFO - Setting next_dagrun for example_branch_operator to 2025-04-13 00:00:00+00:00, run_after=2025-04-14 00:00:00+00:00
[2025-04-14T16:26:14.179+0000] {processor.py:208} INFO - Processing /home/airflow/.local/lib/python3.12/site-packages/airflow/example_dags/example_branch_operator.py took 0.193 seconds
[2025-04-14T16:26:54.894+0000] {processor.py:186} INFO - Started process (PID=287) to work on /home/airflow/.local/lib/python3.12/site-packages/airflow/example_dags/example_branch_operator.py
[2025-04-14T16:26:54.895+0000] {processor.py:914} INFO - Processing file /home/airflow/.local/lib/python3.12/site-packages/airflow/example_dags/example_branch_operator.py for tasks to queue
[2025-04-14T16:26:54.899+0000] {logging_mixin.py:190} INFO - [2025-04-14T16:26:54.898+0000] {dagbag.py:588} INFO - Filling up the DagBag from /home/airflow/.local/lib/python3.12/site-packages/airflow/example_dags/example_branch_operator.py
[2025-04-14T16:26:54.928+0000] {processor.py:925} INFO - DAG(s) 'example_branch_operator' retrieved from /home/airflow/.local/lib/python3.12/site-packages/airflow/example_dags/example_branch_operator.py
[2025-04-14T16:26:54.982+0000] {logging_mixin.py:190} INFO - [2025-04-14T16:26:54.981+0000] {dag.py:3239} INFO - Sync 1 DAGs
[2025-04-14T16:26:55.021+0000] {logging_mixin.py:190} INFO - [2025-04-14T16:26:55.021+0000] {dag.py:4180} INFO - Setting next_dagrun for example_branch_operator to 2025-04-13 00:00:00+00:00, run_after=2025-04-14 00:00:00+00:00
[2025-04-14T16:26:55.052+0000] {processor.py:208} INFO - Processing /home/airflow/.local/lib/python3.12/site-packages/airflow/example_dags/example_branch_operator.py took 0.167 seconds
