[2025-04-14T16:25:17.278+0000] {processor.py:186} INFO - Started process (PID=113) to work on /home/airflow/.local/lib/python3.12/site-packages/airflow/example_dags/example_latest_only_with_trigger.py
[2025-04-14T16:25:17.280+0000] {processor.py:914} INFO - Processing file /home/airflow/.local/lib/python3.12/site-packages/airflow/example_dags/example_latest_only_with_trigger.py for tasks to queue
[2025-04-14T16:25:17.283+0000] {logging_mixin.py:190} INFO - [2025-04-14T16:25:17.282+0000] {dagbag.py:588} INFO - Filling up the DagBag from /home/airflow/.local/lib/python3.12/site-packages/airflow/example_dags/example_latest_only_with_trigger.py
[2025-04-14T16:25:17.294+0000] {processor.py:925} INFO - DAG(s) 'latest_only_with_trigger' retrieved from /home/airflow/.local/lib/python3.12/site-packages/airflow/example_dags/example_latest_only_with_trigger.py
[2025-04-14T16:25:17.482+0000] {logging_mixin.py:190} INFO - [2025-04-14T16:25:17.482+0000] {dag.py:3239} INFO - Sync 1 DAGs
[2025-04-14T16:25:17.519+0000] {logging_mixin.py:190} INFO - [2025-04-14T16:25:17.519+0000] {dag.py:4180} INFO - Setting next_dagrun for latest_only_with_trigger to 2025-04-14 12:00:00+00:00, run_after=2025-04-14 16:00:00+00:00
[2025-04-14T16:25:17.549+0000] {processor.py:208} INFO - Processing /home/airflow/.local/lib/python3.12/site-packages/airflow/example_dags/example_latest_only_with_trigger.py took 0.280 seconds
[2025-04-14T16:25:48.529+0000] {processor.py:186} INFO - Started process (PID=176) to work on /home/airflow/.local/lib/python3.12/site-packages/airflow/example_dags/example_latest_only_with_trigger.py
[2025-04-14T16:25:48.531+0000] {processor.py:914} INFO - Processing file /home/airflow/.local/lib/python3.12/site-packages/airflow/example_dags/example_latest_only_with_trigger.py for tasks to queue
[2025-04-14T16:25:48.536+0000] {logging_mixin.py:190} INFO - [2025-04-14T16:25:48.536+0000] {dagbag.py:588} INFO - Filling up the DagBag from /home/airflow/.local/lib/python3.12/site-packages/airflow/example_dags/example_latest_only_with_trigger.py
[2025-04-14T16:25:48.548+0000] {processor.py:925} INFO - DAG(s) 'latest_only_with_trigger' retrieved from /home/airflow/.local/lib/python3.12/site-packages/airflow/example_dags/example_latest_only_with_trigger.py
[2025-04-14T16:25:48.588+0000] {logging_mixin.py:190} INFO - [2025-04-14T16:25:48.588+0000] {dag.py:3239} INFO - Sync 1 DAGs
[2025-04-14T16:25:48.634+0000] {logging_mixin.py:190} INFO - [2025-04-14T16:25:48.633+0000] {dag.py:4180} INFO - Setting next_dagrun for latest_only_with_trigger to 2025-04-14 12:00:00+00:00, run_after=2025-04-14 16:00:00+00:00
[2025-04-14T16:25:48.671+0000] {processor.py:208} INFO - Processing /home/airflow/.local/lib/python3.12/site-packages/airflow/example_dags/example_latest_only_with_trigger.py took 0.155 seconds
[2025-04-14T16:26:23.472+0000] {processor.py:186} INFO - Started process (PID=239) to work on /home/airflow/.local/lib/python3.12/site-packages/airflow/example_dags/example_latest_only_with_trigger.py
[2025-04-14T16:26:23.474+0000] {processor.py:914} INFO - Processing file /home/airflow/.local/lib/python3.12/site-packages/airflow/example_dags/example_latest_only_with_trigger.py for tasks to queue
[2025-04-14T16:26:23.479+0000] {logging_mixin.py:190} INFO - [2025-04-14T16:26:23.478+0000] {dagbag.py:588} INFO - Filling up the DagBag from /home/airflow/.local/lib/python3.12/site-packages/airflow/example_dags/example_latest_only_with_trigger.py
[2025-04-14T16:26:23.496+0000] {processor.py:925} INFO - DAG(s) 'latest_only_with_trigger' retrieved from /home/airflow/.local/lib/python3.12/site-packages/airflow/example_dags/example_latest_only_with_trigger.py
[2025-04-14T16:26:23.546+0000] {logging_mixin.py:190} INFO - [2025-04-14T16:26:23.545+0000] {dag.py:3239} INFO - Sync 1 DAGs
[2025-04-14T16:26:23.606+0000] {logging_mixin.py:190} INFO - [2025-04-14T16:26:23.605+0000] {dag.py:4180} INFO - Setting next_dagrun for latest_only_with_trigger to 2025-04-14 12:00:00+00:00, run_after=2025-04-14 16:00:00+00:00
[2025-04-14T16:26:23.642+0000] {processor.py:208} INFO - Processing /home/airflow/.local/lib/python3.12/site-packages/airflow/example_dags/example_latest_only_with_trigger.py took 0.186 seconds
[2025-04-14T16:26:56.182+0000] {processor.py:186} INFO - Started process (PID=302) to work on /home/airflow/.local/lib/python3.12/site-packages/airflow/example_dags/example_latest_only_with_trigger.py
[2025-04-14T16:26:56.184+0000] {processor.py:914} INFO - Processing file /home/airflow/.local/lib/python3.12/site-packages/airflow/example_dags/example_latest_only_with_trigger.py for tasks to queue
[2025-04-14T16:26:56.186+0000] {logging_mixin.py:190} INFO - [2025-04-14T16:26:56.186+0000] {dagbag.py:588} INFO - Filling up the DagBag from /home/airflow/.local/lib/python3.12/site-packages/airflow/example_dags/example_latest_only_with_trigger.py
[2025-04-14T16:26:56.194+0000] {processor.py:925} INFO - DAG(s) 'latest_only_with_trigger' retrieved from /home/airflow/.local/lib/python3.12/site-packages/airflow/example_dags/example_latest_only_with_trigger.py
[2025-04-14T16:26:56.215+0000] {logging_mixin.py:190} INFO - [2025-04-14T16:26:56.215+0000] {dag.py:3239} INFO - Sync 1 DAGs
[2025-04-14T16:26:56.239+0000] {logging_mixin.py:190} INFO - [2025-04-14T16:26:56.239+0000] {dag.py:4180} INFO - Setting next_dagrun for latest_only_with_trigger to 2025-04-14 12:00:00+00:00, run_after=2025-04-14 16:00:00+00:00
[2025-04-14T16:26:56.278+0000] {processor.py:208} INFO - Processing /home/airflow/.local/lib/python3.12/site-packages/airflow/example_dags/example_latest_only_with_trigger.py took 0.102 seconds
