[2025-04-14T16:25:13.919+0000] {processor.py:186} INFO - Started process (PID=101) to work on /home/airflow/.local/lib/python3.12/site-packages/airflow/example_dags/example_setup_teardown.py
[2025-04-14T16:25:13.924+0000] {processor.py:914} INFO - Processing file /home/airflow/.local/lib/python3.12/site-packages/airflow/example_dags/example_setup_teardown.py for tasks to queue
[2025-04-14T16:25:13.931+0000] {logging_mixin.py:190} INFO - [2025-04-14T16:25:13.930+0000] {dagbag.py:588} INFO - Filling up the DagBag from /home/airflow/.local/lib/python3.12/site-packages/airflow/example_dags/example_setup_teardown.py
[2025-04-14T16:25:13.956+0000] {processor.py:925} INFO - DAG(s) 'example_setup_teardown' retrieved from /home/airflow/.local/lib/python3.12/site-packages/airflow/example_dags/example_setup_teardown.py
[2025-04-14T16:25:14.558+0000] {logging_mixin.py:190} INFO - [2025-04-14T16:25:14.556+0000] {dag.py:3239} INFO - Sync 1 DAGs
[2025-04-14T16:25:14.611+0000] {logging_mixin.py:190} INFO - [2025-04-14T16:25:14.610+0000] {dag.py:4180} INFO - Setting next_dagrun for example_setup_teardown to None, run_after=None
[2025-04-14T16:25:14.688+0000] {processor.py:208} INFO - Processing /home/airflow/.local/lib/python3.12/site-packages/airflow/example_dags/example_setup_teardown.py took 0.791 seconds
[2025-04-14T16:25:45.082+0000] {processor.py:186} INFO - Started process (PID=164) to work on /home/airflow/.local/lib/python3.12/site-packages/airflow/example_dags/example_setup_teardown.py
[2025-04-14T16:25:45.085+0000] {processor.py:914} INFO - Processing file /home/airflow/.local/lib/python3.12/site-packages/airflow/example_dags/example_setup_teardown.py for tasks to queue
[2025-04-14T16:25:45.098+0000] {logging_mixin.py:190} INFO - [2025-04-14T16:25:45.097+0000] {dagbag.py:588} INFO - Filling up the DagBag from /home/airflow/.local/lib/python3.12/site-packages/airflow/example_dags/example_setup_teardown.py
[2025-04-14T16:25:45.127+0000] {processor.py:925} INFO - DAG(s) 'example_setup_teardown' retrieved from /home/airflow/.local/lib/python3.12/site-packages/airflow/example_dags/example_setup_teardown.py
[2025-04-14T16:25:45.184+0000] {logging_mixin.py:190} INFO - [2025-04-14T16:25:45.184+0000] {dag.py:3239} INFO - Sync 1 DAGs
[2025-04-14T16:25:45.235+0000] {logging_mixin.py:190} INFO - [2025-04-14T16:25:45.234+0000] {dag.py:4180} INFO - Setting next_dagrun for example_setup_teardown to None, run_after=None
[2025-04-14T16:25:45.292+0000] {processor.py:208} INFO - Processing /home/airflow/.local/lib/python3.12/site-packages/airflow/example_dags/example_setup_teardown.py took 0.233 seconds
[2025-04-14T16:26:15.672+0000] {processor.py:186} INFO - Started process (PID=227) to work on /home/airflow/.local/lib/python3.12/site-packages/airflow/example_dags/example_setup_teardown.py
[2025-04-14T16:26:15.674+0000] {processor.py:914} INFO - Processing file /home/airflow/.local/lib/python3.12/site-packages/airflow/example_dags/example_setup_teardown.py for tasks to queue
[2025-04-14T16:26:15.677+0000] {logging_mixin.py:190} INFO - [2025-04-14T16:26:15.677+0000] {dagbag.py:588} INFO - Filling up the DagBag from /home/airflow/.local/lib/python3.12/site-packages/airflow/example_dags/example_setup_teardown.py
[2025-04-14T16:26:15.693+0000] {processor.py:925} INFO - DAG(s) 'example_setup_teardown' retrieved from /home/airflow/.local/lib/python3.12/site-packages/airflow/example_dags/example_setup_teardown.py
[2025-04-14T16:26:15.725+0000] {logging_mixin.py:190} INFO - [2025-04-14T16:26:15.725+0000] {dag.py:3239} INFO - Sync 1 DAGs
[2025-04-14T16:26:15.752+0000] {logging_mixin.py:190} INFO - [2025-04-14T16:26:15.752+0000] {dag.py:4180} INFO - Setting next_dagrun for example_setup_teardown to None, run_after=None
[2025-04-14T16:26:15.781+0000] {processor.py:208} INFO - Processing /home/airflow/.local/lib/python3.12/site-packages/airflow/example_dags/example_setup_teardown.py took 0.121 seconds
[2025-04-14T16:26:55.185+0000] {processor.py:186} INFO - Started process (PID=290) to work on /home/airflow/.local/lib/python3.12/site-packages/airflow/example_dags/example_setup_teardown.py
[2025-04-14T16:26:55.187+0000] {processor.py:914} INFO - Processing file /home/airflow/.local/lib/python3.12/site-packages/airflow/example_dags/example_setup_teardown.py for tasks to queue
[2025-04-14T16:26:55.191+0000] {logging_mixin.py:190} INFO - [2025-04-14T16:26:55.191+0000] {dagbag.py:588} INFO - Filling up the DagBag from /home/airflow/.local/lib/python3.12/site-packages/airflow/example_dags/example_setup_teardown.py
[2025-04-14T16:26:55.207+0000] {processor.py:925} INFO - DAG(s) 'example_setup_teardown' retrieved from /home/airflow/.local/lib/python3.12/site-packages/airflow/example_dags/example_setup_teardown.py
[2025-04-14T16:26:55.248+0000] {logging_mixin.py:190} INFO - [2025-04-14T16:26:55.247+0000] {dag.py:3239} INFO - Sync 1 DAGs
[2025-04-14T16:26:55.272+0000] {logging_mixin.py:190} INFO - [2025-04-14T16:26:55.272+0000] {dag.py:4180} INFO - Setting next_dagrun for example_setup_teardown to None, run_after=None
[2025-04-14T16:26:55.296+0000] {processor.py:208} INFO - Processing /home/airflow/.local/lib/python3.12/site-packages/airflow/example_dags/example_setup_teardown.py took 0.122 seconds
