[2025-04-14T16:24:57.466+0000] {processor.py:186} INFO - Started process (PID=76) to work on /home/airflow/.local/lib/python3.12/site-packages/airflow/example_dags/example_latest_only.py
[2025-04-14T16:24:57.468+0000] {processor.py:914} INFO - Processing file /home/airflow/.local/lib/python3.12/site-packages/airflow/example_dags/example_latest_only.py for tasks to queue
[2025-04-14T16:24:57.472+0000] {logging_mixin.py:190} INFO - [2025-04-14T16:24:57.471+0000] {dagbag.py:588} INFO - Filling up the DagBag from /home/airflow/.local/lib/python3.12/site-packages/airflow/example_dags/example_latest_only.py
[2025-04-14T16:24:57.498+0000] {processor.py:925} INFO - DAG(s) 'latest_only' retrieved from /home/airflow/.local/lib/python3.12/site-packages/airflow/example_dags/example_latest_only.py
[2025-04-14T16:24:57.869+0000] {logging_mixin.py:190} INFO - [2025-04-14T16:24:57.869+0000] {dag.py:3239} INFO - Sync 1 DAGs
[2025-04-14T16:24:57.901+0000] {logging_mixin.py:190} INFO - [2025-04-14T16:24:57.901+0000] {dag.py:4180} INFO - Setting next_dagrun for latest_only to 2025-04-14 12:00:00+00:00, run_after=2025-04-14 16:00:00+00:00
[2025-04-14T16:24:57.928+0000] {processor.py:208} INFO - Processing /home/airflow/.local/lib/python3.12/site-packages/airflow/example_dags/example_latest_only.py took 0.472 seconds
[2025-04-14T16:25:28.816+0000] {processor.py:186} INFO - Started process (PID=140) to work on /home/airflow/.local/lib/python3.12/site-packages/airflow/example_dags/example_latest_only.py
[2025-04-14T16:25:28.842+0000] {processor.py:914} INFO - Processing file /home/airflow/.local/lib/python3.12/site-packages/airflow/example_dags/example_latest_only.py for tasks to queue
[2025-04-14T16:25:28.931+0000] {logging_mixin.py:190} INFO - [2025-04-14T16:25:28.893+0000] {dagbag.py:588} INFO - Filling up the DagBag from /home/airflow/.local/lib/python3.12/site-packages/airflow/example_dags/example_latest_only.py
[2025-04-14T16:25:29.029+0000] {processor.py:925} INFO - DAG(s) 'latest_only' retrieved from /home/airflow/.local/lib/python3.12/site-packages/airflow/example_dags/example_latest_only.py
[2025-04-14T16:25:29.339+0000] {logging_mixin.py:190} INFO - [2025-04-14T16:25:29.336+0000] {dag.py:3239} INFO - Sync 1 DAGs
[2025-04-14T16:25:30.034+0000] {logging_mixin.py:190} INFO - [2025-04-14T16:25:30.033+0000] {dag.py:4180} INFO - Setting next_dagrun for latest_only to 2025-04-14 12:00:00+00:00, run_after=2025-04-14 16:00:00+00:00
[2025-04-14T16:25:30.507+0000] {processor.py:208} INFO - Processing /home/airflow/.local/lib/python3.12/site-packages/airflow/example_dags/example_latest_only.py took 1.875 seconds
[2025-04-14T16:26:01.291+0000] {processor.py:186} INFO - Started process (PID=204) to work on /home/airflow/.local/lib/python3.12/site-packages/airflow/example_dags/example_latest_only.py
[2025-04-14T16:26:01.292+0000] {processor.py:914} INFO - Processing file /home/airflow/.local/lib/python3.12/site-packages/airflow/example_dags/example_latest_only.py for tasks to queue
[2025-04-14T16:26:01.295+0000] {logging_mixin.py:190} INFO - [2025-04-14T16:26:01.295+0000] {dagbag.py:588} INFO - Filling up the DagBag from /home/airflow/.local/lib/python3.12/site-packages/airflow/example_dags/example_latest_only.py
[2025-04-14T16:26:01.304+0000] {processor.py:925} INFO - DAG(s) 'latest_only' retrieved from /home/airflow/.local/lib/python3.12/site-packages/airflow/example_dags/example_latest_only.py
[2025-04-14T16:26:01.333+0000] {logging_mixin.py:190} INFO - [2025-04-14T16:26:01.332+0000] {dag.py:3239} INFO - Sync 1 DAGs
[2025-04-14T16:26:01.373+0000] {logging_mixin.py:190} INFO - [2025-04-14T16:26:01.372+0000] {dag.py:4180} INFO - Setting next_dagrun for latest_only to 2025-04-14 12:00:00+00:00, run_after=2025-04-14 16:00:00+00:00
[2025-04-14T16:26:01.411+0000] {processor.py:208} INFO - Processing /home/airflow/.local/lib/python3.12/site-packages/airflow/example_dags/example_latest_only.py took 0.129 seconds
[2025-04-14T16:26:35.124+0000] {processor.py:186} INFO - Started process (PID=257) to work on /home/airflow/.local/lib/python3.12/site-packages/airflow/example_dags/example_latest_only.py
[2025-04-14T16:26:35.140+0000] {processor.py:914} INFO - Processing file /home/airflow/.local/lib/python3.12/site-packages/airflow/example_dags/example_latest_only.py for tasks to queue
[2025-04-14T16:26:35.154+0000] {logging_mixin.py:190} INFO - [2025-04-14T16:26:35.154+0000] {dagbag.py:588} INFO - Filling up the DagBag from /home/airflow/.local/lib/python3.12/site-packages/airflow/example_dags/example_latest_only.py
[2025-04-14T16:26:35.180+0000] {processor.py:925} INFO - DAG(s) 'latest_only' retrieved from /home/airflow/.local/lib/python3.12/site-packages/airflow/example_dags/example_latest_only.py
[2025-04-14T16:26:35.226+0000] {logging_mixin.py:190} INFO - [2025-04-14T16:26:35.226+0000] {dag.py:3239} INFO - Sync 1 DAGs
[2025-04-14T16:26:35.314+0000] {logging_mixin.py:190} INFO - [2025-04-14T16:26:35.313+0000] {dag.py:4180} INFO - Setting next_dagrun for latest_only to 2025-04-14 12:00:00+00:00, run_after=2025-04-14 16:00:00+00:00
[2025-04-14T16:26:35.395+0000] {processor.py:208} INFO - Processing /home/airflow/.local/lib/python3.12/site-packages/airflow/example_dags/example_latest_only.py took 0.328 seconds
