[2025-04-14T16:24:57.530+0000] {processor.py:186} INFO - Started process (PID=77) to work on /home/airflow/.local/lib/python3.12/site-packages/airflow/example_dags/example_dynamic_task_mapping.py
[2025-04-14T16:24:57.532+0000] {processor.py:914} INFO - Processing file /home/airflow/.local/lib/python3.12/site-packages/airflow/example_dags/example_dynamic_task_mapping.py for tasks to queue
[2025-04-14T16:24:57.535+0000] {logging_mixin.py:190} INFO - [2025-04-14T16:24:57.535+0000] {dagbag.py:588} INFO - Filling up the DagBag from /home/airflow/.local/lib/python3.12/site-packages/airflow/example_dags/example_dynamic_task_mapping.py
[2025-04-14T16:24:57.560+0000] {processor.py:925} INFO - DAG(s) 'example_dynamic_task_mapping' retrieved from /home/airflow/.local/lib/python3.12/site-packages/airflow/example_dags/example_dynamic_task_mapping.py
[2025-04-14T16:24:57.871+0000] {logging_mixin.py:190} INFO - [2025-04-14T16:24:57.871+0000] {dag.py:3239} INFO - Sync 1 DAGs
[2025-04-14T16:24:57.889+0000] {logging_mixin.py:190} INFO - [2025-04-14T16:24:57.888+0000] {dag.py:4180} INFO - Setting next_dagrun for example_dynamic_task_mapping to None, run_after=None
[2025-04-14T16:24:57.918+0000] {processor.py:208} INFO - Processing /home/airflow/.local/lib/python3.12/site-packages/airflow/example_dags/example_dynamic_task_mapping.py took 0.400 seconds
[2025-04-14T16:25:28.811+0000] {processor.py:186} INFO - Started process (PID=141) to work on /home/airflow/.local/lib/python3.12/site-packages/airflow/example_dags/example_dynamic_task_mapping.py
[2025-04-14T16:25:28.844+0000] {processor.py:914} INFO - Processing file /home/airflow/.local/lib/python3.12/site-packages/airflow/example_dags/example_dynamic_task_mapping.py for tasks to queue
[2025-04-14T16:25:28.891+0000] {logging_mixin.py:190} INFO - [2025-04-14T16:25:28.889+0000] {dagbag.py:588} INFO - Filling up the DagBag from /home/airflow/.local/lib/python3.12/site-packages/airflow/example_dags/example_dynamic_task_mapping.py
[2025-04-14T16:25:29.014+0000] {processor.py:925} INFO - DAG(s) 'example_dynamic_task_mapping' retrieved from /home/airflow/.local/lib/python3.12/site-packages/airflow/example_dags/example_dynamic_task_mapping.py
[2025-04-14T16:25:29.375+0000] {logging_mixin.py:190} INFO - [2025-04-14T16:25:29.373+0000] {dag.py:3239} INFO - Sync 1 DAGs
[2025-04-14T16:25:29.809+0000] {logging_mixin.py:190} INFO - [2025-04-14T16:25:29.797+0000] {dag.py:4180} INFO - Setting next_dagrun for example_dynamic_task_mapping to None, run_after=None
[2025-04-14T16:25:30.288+0000] {processor.py:208} INFO - Processing /home/airflow/.local/lib/python3.12/site-packages/airflow/example_dags/example_dynamic_task_mapping.py took 1.600 seconds
[2025-04-14T16:26:00.578+0000] {processor.py:186} INFO - Started process (PID=196) to work on /home/airflow/.local/lib/python3.12/site-packages/airflow/example_dags/example_dynamic_task_mapping.py
[2025-04-14T16:26:00.579+0000] {processor.py:914} INFO - Processing file /home/airflow/.local/lib/python3.12/site-packages/airflow/example_dags/example_dynamic_task_mapping.py for tasks to queue
[2025-04-14T16:26:00.582+0000] {logging_mixin.py:190} INFO - [2025-04-14T16:26:00.582+0000] {dagbag.py:588} INFO - Filling up the DagBag from /home/airflow/.local/lib/python3.12/site-packages/airflow/example_dags/example_dynamic_task_mapping.py
[2025-04-14T16:26:00.592+0000] {processor.py:925} INFO - DAG(s) 'example_dynamic_task_mapping' retrieved from /home/airflow/.local/lib/python3.12/site-packages/airflow/example_dags/example_dynamic_task_mapping.py
[2025-04-14T16:26:00.625+0000] {logging_mixin.py:190} INFO - [2025-04-14T16:26:00.625+0000] {dag.py:3239} INFO - Sync 1 DAGs
[2025-04-14T16:26:00.649+0000] {logging_mixin.py:190} INFO - [2025-04-14T16:26:00.648+0000] {dag.py:4180} INFO - Setting next_dagrun for example_dynamic_task_mapping to None, run_after=None
[2025-04-14T16:26:00.678+0000] {processor.py:208} INFO - Processing /home/airflow/.local/lib/python3.12/site-packages/airflow/example_dags/example_dynamic_task_mapping.py took 0.108 seconds
[2025-04-14T16:26:35.523+0000] {processor.py:186} INFO - Started process (PID=258) to work on /home/airflow/.local/lib/python3.12/site-packages/airflow/example_dags/example_dynamic_task_mapping.py
[2025-04-14T16:26:35.525+0000] {processor.py:914} INFO - Processing file /home/airflow/.local/lib/python3.12/site-packages/airflow/example_dags/example_dynamic_task_mapping.py for tasks to queue
[2025-04-14T16:26:35.532+0000] {logging_mixin.py:190} INFO - [2025-04-14T16:26:35.532+0000] {dagbag.py:588} INFO - Filling up the DagBag from /home/airflow/.local/lib/python3.12/site-packages/airflow/example_dags/example_dynamic_task_mapping.py
[2025-04-14T16:26:35.560+0000] {processor.py:925} INFO - DAG(s) 'example_dynamic_task_mapping' retrieved from /home/airflow/.local/lib/python3.12/site-packages/airflow/example_dags/example_dynamic_task_mapping.py
[2025-04-14T16:26:35.623+0000] {logging_mixin.py:190} INFO - [2025-04-14T16:26:35.621+0000] {dag.py:3239} INFO - Sync 1 DAGs
[2025-04-14T16:26:35.675+0000] {logging_mixin.py:190} INFO - [2025-04-14T16:26:35.674+0000] {dag.py:4180} INFO - Setting next_dagrun for example_dynamic_task_mapping to None, run_after=None
[2025-04-14T16:26:35.814+0000] {processor.py:208} INFO - Processing /home/airflow/.local/lib/python3.12/site-packages/airflow/example_dags/example_dynamic_task_mapping.py took 0.319 seconds
