[2025-04-14T16:25:14.843+0000] {processor.py:186} INFO - Started process (PID=103) to work on /home/airflow/.local/lib/python3.12/site-packages/airflow/example_dags/example_external_task_marker_dag.py
[2025-04-14T16:25:14.845+0000] {processor.py:914} INFO - Processing file /home/airflow/.local/lib/python3.12/site-packages/airflow/example_dags/example_external_task_marker_dag.py for tasks to queue
[2025-04-14T16:25:14.853+0000] {logging_mixin.py:190} INFO - [2025-04-14T16:25:14.852+0000] {dagbag.py:588} INFO - Filling up the DagBag from /home/airflow/.local/lib/python3.12/site-packages/airflow/example_dags/example_external_task_marker_dag.py
[2025-04-14T16:25:14.879+0000] {processor.py:925} INFO - DAG(s) 'example_external_task_marker_child', 'example_external_task_marker_parent' retrieved from /home/airflow/.local/lib/python3.12/site-packages/airflow/example_dags/example_external_task_marker_dag.py
[2025-04-14T16:25:15.344+0000] {logging_mixin.py:190} INFO - [2025-04-14T16:25:15.344+0000] {dag.py:3239} INFO - Sync 2 DAGs
[2025-04-14T16:25:15.388+0000] {logging_mixin.py:190} INFO - [2025-04-14T16:25:15.387+0000] {dag.py:4180} INFO - Setting next_dagrun for example_external_task_marker_child to None, run_after=None
[2025-04-14T16:25:15.400+0000] {logging_mixin.py:190} INFO - [2025-04-14T16:25:15.399+0000] {dag.py:4180} INFO - Setting next_dagrun for example_external_task_marker_parent to None, run_after=None
[2025-04-14T16:25:15.451+0000] {processor.py:208} INFO - Processing /home/airflow/.local/lib/python3.12/site-packages/airflow/example_dags/example_external_task_marker_dag.py took 0.639 seconds
[2025-04-14T16:25:45.859+0000] {processor.py:186} INFO - Started process (PID=166) to work on /home/airflow/.local/lib/python3.12/site-packages/airflow/example_dags/example_external_task_marker_dag.py
[2025-04-14T16:25:45.865+0000] {processor.py:914} INFO - Processing file /home/airflow/.local/lib/python3.12/site-packages/airflow/example_dags/example_external_task_marker_dag.py for tasks to queue
[2025-04-14T16:25:45.869+0000] {logging_mixin.py:190} INFO - [2025-04-14T16:25:45.869+0000] {dagbag.py:588} INFO - Filling up the DagBag from /home/airflow/.local/lib/python3.12/site-packages/airflow/example_dags/example_external_task_marker_dag.py
[2025-04-14T16:25:45.887+0000] {processor.py:925} INFO - DAG(s) 'example_external_task_marker_child', 'example_external_task_marker_parent' retrieved from /home/airflow/.local/lib/python3.12/site-packages/airflow/example_dags/example_external_task_marker_dag.py
[2025-04-14T16:25:45.962+0000] {logging_mixin.py:190} INFO - [2025-04-14T16:25:45.962+0000] {dag.py:3239} INFO - Sync 2 DAGs
[2025-04-14T16:25:46.013+0000] {logging_mixin.py:190} INFO - [2025-04-14T16:25:46.012+0000] {dag.py:4180} INFO - Setting next_dagrun for example_external_task_marker_child to None, run_after=None
[2025-04-14T16:25:46.035+0000] {logging_mixin.py:190} INFO - [2025-04-14T16:25:46.035+0000] {dag.py:4180} INFO - Setting next_dagrun for example_external_task_marker_parent to None, run_after=None
[2025-04-14T16:25:46.099+0000] {processor.py:208} INFO - Processing /home/airflow/.local/lib/python3.12/site-packages/airflow/example_dags/example_external_task_marker_dag.py took 0.261 seconds
[2025-04-14T16:26:17.018+0000] {processor.py:186} INFO - Started process (PID=229) to work on /home/airflow/.local/lib/python3.12/site-packages/airflow/example_dags/example_external_task_marker_dag.py
[2025-04-14T16:26:17.022+0000] {processor.py:914} INFO - Processing file /home/airflow/.local/lib/python3.12/site-packages/airflow/example_dags/example_external_task_marker_dag.py for tasks to queue
[2025-04-14T16:26:17.037+0000] {logging_mixin.py:190} INFO - [2025-04-14T16:26:17.036+0000] {dagbag.py:588} INFO - Filling up the DagBag from /home/airflow/.local/lib/python3.12/site-packages/airflow/example_dags/example_external_task_marker_dag.py
[2025-04-14T16:26:17.099+0000] {processor.py:925} INFO - DAG(s) 'example_external_task_marker_parent', 'example_external_task_marker_child' retrieved from /home/airflow/.local/lib/python3.12/site-packages/airflow/example_dags/example_external_task_marker_dag.py
[2025-04-14T16:26:17.282+0000] {logging_mixin.py:190} INFO - [2025-04-14T16:26:17.280+0000] {dag.py:3239} INFO - Sync 2 DAGs
[2025-04-14T16:26:17.509+0000] {logging_mixin.py:190} INFO - [2025-04-14T16:26:17.508+0000] {dag.py:4180} INFO - Setting next_dagrun for example_external_task_marker_child to None, run_after=None
[2025-04-14T16:26:17.568+0000] {logging_mixin.py:190} INFO - [2025-04-14T16:26:17.557+0000] {dag.py:4180} INFO - Setting next_dagrun for example_external_task_marker_parent to None, run_after=None
[2025-04-14T16:26:17.795+0000] {processor.py:208} INFO - Processing /home/airflow/.local/lib/python3.12/site-packages/airflow/example_dags/example_external_task_marker_dag.py took 0.822 seconds
[2025-04-14T16:26:55.339+0000] {processor.py:186} INFO - Started process (PID=292) to work on /home/airflow/.local/lib/python3.12/site-packages/airflow/example_dags/example_external_task_marker_dag.py
[2025-04-14T16:26:55.340+0000] {processor.py:914} INFO - Processing file /home/airflow/.local/lib/python3.12/site-packages/airflow/example_dags/example_external_task_marker_dag.py for tasks to queue
[2025-04-14T16:26:55.344+0000] {logging_mixin.py:190} INFO - [2025-04-14T16:26:55.343+0000] {dagbag.py:588} INFO - Filling up the DagBag from /home/airflow/.local/lib/python3.12/site-packages/airflow/example_dags/example_external_task_marker_dag.py
[2025-04-14T16:26:55.355+0000] {processor.py:925} INFO - DAG(s) 'example_external_task_marker_parent', 'example_external_task_marker_child' retrieved from /home/airflow/.local/lib/python3.12/site-packages/airflow/example_dags/example_external_task_marker_dag.py
[2025-04-14T16:26:55.388+0000] {logging_mixin.py:190} INFO - [2025-04-14T16:26:55.387+0000] {dag.py:3239} INFO - Sync 2 DAGs
[2025-04-14T16:26:55.413+0000] {logging_mixin.py:190} INFO - [2025-04-14T16:26:55.413+0000] {dag.py:4180} INFO - Setting next_dagrun for example_external_task_marker_child to None, run_after=None
[2025-04-14T16:26:55.417+0000] {logging_mixin.py:190} INFO - [2025-04-14T16:26:55.417+0000] {dag.py:4180} INFO - Setting next_dagrun for example_external_task_marker_parent to None, run_after=None
[2025-04-14T16:26:55.436+0000] {processor.py:208} INFO - Processing /home/airflow/.local/lib/python3.12/site-packages/airflow/example_dags/example_external_task_marker_dag.py took 0.105 seconds
