[2025-04-14T16:24:59.121+0000] {processor.py:186} INFO - Started process (PID=83) to work on /home/airflow/.local/lib/python3.12/site-packages/airflow/example_dags/example_sensors.py
[2025-04-14T16:24:59.123+0000] {processor.py:914} INFO - Processing file /home/airflow/.local/lib/python3.12/site-packages/airflow/example_dags/example_sensors.py for tasks to queue
[2025-04-14T16:24:59.127+0000] {logging_mixin.py:190} INFO - [2025-04-14T16:24:59.127+0000] {dagbag.py:588} INFO - Filling up the DagBag from /home/airflow/.local/lib/python3.12/site-packages/airflow/example_dags/example_sensors.py
[2025-04-14T16:24:59.173+0000] {processor.py:925} INFO - DAG(s) 'example_sensors' retrieved from /home/airflow/.local/lib/python3.12/site-packages/airflow/example_dags/example_sensors.py
[2025-04-14T16:24:59.432+0000] {logging_mixin.py:190} INFO - [2025-04-14T16:24:59.432+0000] {dag.py:3239} INFO - Sync 1 DAGs
[2025-04-14T16:24:59.452+0000] {logging_mixin.py:190} INFO - [2025-04-14T16:24:59.452+0000] {dag.py:4180} INFO - Setting next_dagrun for example_sensors to None, run_after=None
[2025-04-14T16:24:59.478+0000] {processor.py:208} INFO - Processing /home/airflow/.local/lib/python3.12/site-packages/airflow/example_dags/example_sensors.py took 0.373 seconds
[2025-04-14T16:25:35.739+0000] {processor.py:186} INFO - Started process (PID=147) to work on /home/airflow/.local/lib/python3.12/site-packages/airflow/example_dags/example_sensors.py
[2025-04-14T16:25:35.742+0000] {processor.py:914} INFO - Processing file /home/airflow/.local/lib/python3.12/site-packages/airflow/example_dags/example_sensors.py for tasks to queue
[2025-04-14T16:25:35.748+0000] {logging_mixin.py:190} INFO - [2025-04-14T16:25:35.747+0000] {dagbag.py:588} INFO - Filling up the DagBag from /home/airflow/.local/lib/python3.12/site-packages/airflow/example_dags/example_sensors.py
[2025-04-14T16:25:35.784+0000] {processor.py:925} INFO - DAG(s) 'example_sensors' retrieved from /home/airflow/.local/lib/python3.12/site-packages/airflow/example_dags/example_sensors.py
[2025-04-14T16:25:35.889+0000] {logging_mixin.py:190} INFO - [2025-04-14T16:25:35.888+0000] {dag.py:3239} INFO - Sync 1 DAGs
[2025-04-14T16:25:35.945+0000] {logging_mixin.py:190} INFO - [2025-04-14T16:25:35.944+0000] {dag.py:4180} INFO - Setting next_dagrun for example_sensors to None, run_after=None
[2025-04-14T16:25:36.015+0000] {processor.py:208} INFO - Processing /home/airflow/.local/lib/python3.12/site-packages/airflow/example_dags/example_sensors.py took 0.303 seconds
[2025-04-14T16:26:06.264+0000] {processor.py:186} INFO - Started process (PID=210) to work on /home/airflow/.local/lib/python3.12/site-packages/airflow/example_dags/example_sensors.py
[2025-04-14T16:26:06.266+0000] {processor.py:914} INFO - Processing file /home/airflow/.local/lib/python3.12/site-packages/airflow/example_dags/example_sensors.py for tasks to queue
[2025-04-14T16:26:06.270+0000] {logging_mixin.py:190} INFO - [2025-04-14T16:26:06.269+0000] {dagbag.py:588} INFO - Filling up the DagBag from /home/airflow/.local/lib/python3.12/site-packages/airflow/example_dags/example_sensors.py
[2025-04-14T16:26:06.135+0000] {processor.py:925} INFO - DAG(s) 'example_sensors' retrieved from /home/airflow/.local/lib/python3.12/site-packages/airflow/example_dags/example_sensors.py
[2025-04-14T16:26:06.183+0000] {logging_mixin.py:190} INFO - [2025-04-14T16:26:06.183+0000] {dag.py:3239} INFO - Sync 1 DAGs
[2025-04-14T16:26:06.213+0000] {logging_mixin.py:190} INFO - [2025-04-14T16:26:06.213+0000] {dag.py:4180} INFO - Setting next_dagrun for example_sensors to None, run_after=None
[2025-04-14T16:26:06.246+0000] {processor.py:208} INFO - Processing /home/airflow/.local/lib/python3.12/site-packages/airflow/example_dags/example_sensors.py took 0.154 seconds
[2025-04-14T16:26:53.233+0000] {processor.py:186} INFO - Started process (PID=279) to work on /home/airflow/.local/lib/python3.12/site-packages/airflow/example_dags/example_sensors.py
[2025-04-14T16:26:53.235+0000] {processor.py:914} INFO - Processing file /home/airflow/.local/lib/python3.12/site-packages/airflow/example_dags/example_sensors.py for tasks to queue
[2025-04-14T16:26:53.239+0000] {logging_mixin.py:190} INFO - [2025-04-14T16:26:53.239+0000] {dagbag.py:588} INFO - Filling up the DagBag from /home/airflow/.local/lib/python3.12/site-packages/airflow/example_dags/example_sensors.py
[2025-04-14T16:26:53.264+0000] {processor.py:925} INFO - DAG(s) 'example_sensors' retrieved from /home/airflow/.local/lib/python3.12/site-packages/airflow/example_dags/example_sensors.py
[2025-04-14T16:26:53.315+0000] {logging_mixin.py:190} INFO - [2025-04-14T16:26:53.315+0000] {dag.py:3239} INFO - Sync 1 DAGs
[2025-04-14T16:26:53.341+0000] {logging_mixin.py:190} INFO - [2025-04-14T16:26:53.341+0000] {dag.py:4180} INFO - Setting next_dagrun for example_sensors to None, run_after=None
[2025-04-14T16:26:53.374+0000] {processor.py:208} INFO - Processing /home/airflow/.local/lib/python3.12/site-packages/airflow/example_dags/example_sensors.py took 0.152 seconds
