[2025-04-14T16:25:18.002+0000] {processor.py:186} INFO - Started process (PID=117) to work on /home/airflow/.local/lib/python3.12/site-packages/airflow/example_dags/example_branch_datetime_operator.py
[2025-04-14T16:25:18.004+0000] {processor.py:914} INFO - Processing file /home/airflow/.local/lib/python3.12/site-packages/airflow/example_dags/example_branch_datetime_operator.py for tasks to queue
[2025-04-14T16:25:18.008+0000] {logging_mixin.py:190} INFO - [2025-04-14T16:25:18.008+0000] {dagbag.py:588} INFO - Filling up the DagBag from /home/airflow/.local/lib/python3.12/site-packages/airflow/example_dags/example_branch_datetime_operator.py
[2025-04-14T16:25:18.034+0000] {processor.py:925} INFO - DAG(s) 'example_branch_datetime_operator_2', 'example_branch_datetime_operator', 'example_branch_datetime_operator_3' retrieved from /home/airflow/.local/lib/python3.12/site-packages/airflow/example_dags/example_branch_datetime_operator.py
[2025-04-14T16:25:18.321+0000] {logging_mixin.py:190} INFO - [2025-04-14T16:25:18.321+0000] {dag.py:3239} INFO - Sync 3 DAGs
[2025-04-14T16:25:18.356+0000] {logging_mixin.py:190} INFO - [2025-04-14T16:25:18.356+0000] {dag.py:4180} INFO - Setting next_dagrun for example_branch_datetime_operator to 2025-04-13 00:00:00+00:00, run_after=2025-04-14 00:00:00+00:00
[2025-04-14T16:25:18.362+0000] {logging_mixin.py:190} INFO - [2025-04-14T16:25:18.362+0000] {dag.py:4180} INFO - Setting next_dagrun for example_branch_datetime_operator_2 to 2025-04-13 00:00:00+00:00, run_after=2025-04-14 00:00:00+00:00
[2025-04-14T16:25:18.365+0000] {logging_mixin.py:190} INFO - [2025-04-14T16:25:18.365+0000] {dag.py:4180} INFO - Setting next_dagrun for example_branch_datetime_operator_3 to 2025-04-13 00:00:00+00:00, run_after=2025-04-14 00:00:00+00:00
[2025-04-14T16:25:18.393+0000] {processor.py:208} INFO - Processing /home/airflow/.local/lib/python3.12/site-packages/airflow/example_dags/example_branch_datetime_operator.py took 0.401 seconds
[2025-04-14T16:25:49.782+0000] {processor.py:186} INFO - Started process (PID=180) to work on /home/airflow/.local/lib/python3.12/site-packages/airflow/example_dags/example_branch_datetime_operator.py
[2025-04-14T16:25:49.789+0000] {processor.py:914} INFO - Processing file /home/airflow/.local/lib/python3.12/site-packages/airflow/example_dags/example_branch_datetime_operator.py for tasks to queue
[2025-04-14T16:25:49.808+0000] {logging_mixin.py:190} INFO - [2025-04-14T16:25:49.807+0000] {dagbag.py:588} INFO - Filling up the DagBag from /home/airflow/.local/lib/python3.12/site-packages/airflow/example_dags/example_branch_datetime_operator.py
[2025-04-14T16:25:49.877+0000] {processor.py:925} INFO - DAG(s) 'example_branch_datetime_operator_3', 'example_branch_datetime_operator_2', 'example_branch_datetime_operator' retrieved from /home/airflow/.local/lib/python3.12/site-packages/airflow/example_dags/example_branch_datetime_operator.py
[2025-04-14T16:25:50.020+0000] {logging_mixin.py:190} INFO - [2025-04-14T16:25:50.019+0000] {dag.py:3239} INFO - Sync 3 DAGs
[2025-04-14T16:25:50.191+0000] {logging_mixin.py:190} INFO - [2025-04-14T16:25:50.185+0000] {dag.py:4180} INFO - Setting next_dagrun for example_branch_datetime_operator to 2025-04-13 00:00:00+00:00, run_after=2025-04-14 00:00:00+00:00
[2025-04-14T16:25:50.272+0000] {logging_mixin.py:190} INFO - [2025-04-14T16:25:50.271+0000] {dag.py:4180} INFO - Setting next_dagrun for example_branch_datetime_operator_2 to 2025-04-13 00:00:00+00:00, run_after=2025-04-14 00:00:00+00:00
[2025-04-14T16:25:50.331+0000] {logging_mixin.py:190} INFO - [2025-04-14T16:25:50.330+0000] {dag.py:4180} INFO - Setting next_dagrun for example_branch_datetime_operator_3 to 2025-04-13 00:00:00+00:00, run_after=2025-04-14 00:00:00+00:00
[2025-04-14T16:25:50.749+0000] {processor.py:208} INFO - Processing /home/airflow/.local/lib/python3.12/site-packages/airflow/example_dags/example_branch_datetime_operator.py took 1.002 seconds
[2025-04-14T16:26:23.940+0000] {processor.py:186} INFO - Started process (PID=243) to work on /home/airflow/.local/lib/python3.12/site-packages/airflow/example_dags/example_branch_datetime_operator.py
[2025-04-14T16:26:23.944+0000] {processor.py:914} INFO - Processing file /home/airflow/.local/lib/python3.12/site-packages/airflow/example_dags/example_branch_datetime_operator.py for tasks to queue
[2025-04-14T16:26:23.948+0000] {logging_mixin.py:190} INFO - [2025-04-14T16:26:23.948+0000] {dagbag.py:588} INFO - Filling up the DagBag from /home/airflow/.local/lib/python3.12/site-packages/airflow/example_dags/example_branch_datetime_operator.py
[2025-04-14T16:26:23.972+0000] {processor.py:925} INFO - DAG(s) 'example_branch_datetime_operator_3', 'example_branch_datetime_operator_2', 'example_branch_datetime_operator' retrieved from /home/airflow/.local/lib/python3.12/site-packages/airflow/example_dags/example_branch_datetime_operator.py
[2025-04-14T16:26:24.021+0000] {logging_mixin.py:190} INFO - [2025-04-14T16:26:24.020+0000] {dag.py:3239} INFO - Sync 3 DAGs
[2025-04-14T16:26:24.059+0000] {logging_mixin.py:190} INFO - [2025-04-14T16:26:24.059+0000] {dag.py:4180} INFO - Setting next_dagrun for example_branch_datetime_operator to 2025-04-13 00:00:00+00:00, run_after=2025-04-14 00:00:00+00:00
[2025-04-14T16:26:24.069+0000] {logging_mixin.py:190} INFO - [2025-04-14T16:26:24.069+0000] {dag.py:4180} INFO - Setting next_dagrun for example_branch_datetime_operator_2 to 2025-04-13 00:00:00+00:00, run_after=2025-04-14 00:00:00+00:00
[2025-04-14T16:26:24.072+0000] {logging_mixin.py:190} INFO - [2025-04-14T16:26:24.072+0000] {dag.py:4180} INFO - Setting next_dagrun for example_branch_datetime_operator_3 to 2025-04-13 00:00:00+00:00, run_after=2025-04-14 00:00:00+00:00
[2025-04-14T16:26:24.097+0000] {processor.py:208} INFO - Processing /home/airflow/.local/lib/python3.12/site-packages/airflow/example_dags/example_branch_datetime_operator.py took 0.168 seconds
[2025-04-14T16:26:56.675+0000] {processor.py:186} INFO - Started process (PID=306) to work on /home/airflow/.local/lib/python3.12/site-packages/airflow/example_dags/example_branch_datetime_operator.py
[2025-04-14T16:26:56.676+0000] {processor.py:914} INFO - Processing file /home/airflow/.local/lib/python3.12/site-packages/airflow/example_dags/example_branch_datetime_operator.py for tasks to queue
[2025-04-14T16:26:56.680+0000] {logging_mixin.py:190} INFO - [2025-04-14T16:26:56.679+0000] {dagbag.py:588} INFO - Filling up the DagBag from /home/airflow/.local/lib/python3.12/site-packages/airflow/example_dags/example_branch_datetime_operator.py
[2025-04-14T16:26:56.702+0000] {processor.py:925} INFO - DAG(s) 'example_branch_datetime_operator_2', 'example_branch_datetime_operator', 'example_branch_datetime_operator_3' retrieved from /home/airflow/.local/lib/python3.12/site-packages/airflow/example_dags/example_branch_datetime_operator.py
[2025-04-14T16:26:56.755+0000] {logging_mixin.py:190} INFO - [2025-04-14T16:26:56.754+0000] {dag.py:3239} INFO - Sync 3 DAGs
[2025-04-14T16:26:56.851+0000] {logging_mixin.py:190} INFO - [2025-04-14T16:26:56.851+0000] {dag.py:4180} INFO - Setting next_dagrun for example_branch_datetime_operator to 2025-04-13 00:00:00+00:00, run_after=2025-04-14 00:00:00+00:00
[2025-04-14T16:26:56.861+0000] {logging_mixin.py:190} INFO - [2025-04-14T16:26:56.861+0000] {dag.py:4180} INFO - Setting next_dagrun for example_branch_datetime_operator_2 to 2025-04-13 00:00:00+00:00, run_after=2025-04-14 00:00:00+00:00
[2025-04-14T16:26:56.865+0000] {logging_mixin.py:190} INFO - [2025-04-14T16:26:56.865+0000] {dag.py:4180} INFO - Setting next_dagrun for example_branch_datetime_operator_3 to 2025-04-13 00:00:00+00:00, run_after=2025-04-14 00:00:00+00:00
[2025-04-14T16:26:56.912+0000] {processor.py:208} INFO - Processing /home/airflow/.local/lib/python3.12/site-packages/airflow/example_dags/example_branch_datetime_operator.py took 0.247 seconds
