[2025-04-14T16:25:18.653+0000] {processor.py:186} INFO - Started process (PID=120) to work on /home/airflow/.local/lib/python3.12/site-packages/airflow/example_dags/example_nested_branch_dag.py
[2025-04-14T16:25:18.655+0000] {processor.py:914} INFO - Processing file /home/airflow/.local/lib/python3.12/site-packages/airflow/example_dags/example_nested_branch_dag.py for tasks to queue
[2025-04-14T16:25:18.658+0000] {logging_mixin.py:190} INFO - [2025-04-14T16:25:18.657+0000] {dagbag.py:588} INFO - Filling up the DagBag from /home/airflow/.local/lib/python3.12/site-packages/airflow/example_dags/example_nested_branch_dag.py
[2025-04-14T16:25:18.676+0000] {processor.py:925} INFO - DAG(s) 'example_nested_branch_dag' retrieved from /home/airflow/.local/lib/python3.12/site-packages/airflow/example_dags/example_nested_branch_dag.py
[2025-04-14T16:25:18.875+0000] {logging_mixin.py:190} INFO - [2025-04-14T16:25:18.875+0000] {dag.py:3239} INFO - Sync 1 DAGs
[2025-04-14T16:25:18.916+0000] {logging_mixin.py:190} INFO - [2025-04-14T16:25:18.916+0000] {dag.py:4180} INFO - Setting next_dagrun for example_nested_branch_dag to 2025-04-13 00:00:00+00:00, run_after=2025-04-14 00:00:00+00:00
[2025-04-14T16:25:18.965+0000] {processor.py:208} INFO - Processing /home/airflow/.local/lib/python3.12/site-packages/airflow/example_dags/example_nested_branch_dag.py took 0.323 seconds
[2025-04-14T16:25:51.966+0000] {processor.py:186} INFO - Started process (PID=183) to work on /home/airflow/.local/lib/python3.12/site-packages/airflow/example_dags/example_nested_branch_dag.py
[2025-04-14T16:25:51.973+0000] {processor.py:914} INFO - Processing file /home/airflow/.local/lib/python3.12/site-packages/airflow/example_dags/example_nested_branch_dag.py for tasks to queue
[2025-04-14T16:25:51.994+0000] {logging_mixin.py:190} INFO - [2025-04-14T16:25:51.990+0000] {dagbag.py:588} INFO - Filling up the DagBag from /home/airflow/.local/lib/python3.12/site-packages/airflow/example_dags/example_nested_branch_dag.py
[2025-04-14T16:25:52.089+0000] {processor.py:925} INFO - DAG(s) 'example_nested_branch_dag' retrieved from /home/airflow/.local/lib/python3.12/site-packages/airflow/example_dags/example_nested_branch_dag.py
[2025-04-14T16:25:52.220+0000] {logging_mixin.py:190} INFO - [2025-04-14T16:25:52.219+0000] {dag.py:3239} INFO - Sync 1 DAGs
[2025-04-14T16:25:52.381+0000] {logging_mixin.py:190} INFO - [2025-04-14T16:25:52.380+0000] {dag.py:4180} INFO - Setting next_dagrun for example_nested_branch_dag to 2025-04-13 00:00:00+00:00, run_after=2025-04-14 00:00:00+00:00
[2025-04-14T16:25:52.469+0000] {processor.py:208} INFO - Processing /home/airflow/.local/lib/python3.12/site-packages/airflow/example_dags/example_nested_branch_dag.py took 0.533 seconds
[2025-04-14T16:26:24.185+0000] {processor.py:186} INFO - Started process (PID=246) to work on /home/airflow/.local/lib/python3.12/site-packages/airflow/example_dags/example_nested_branch_dag.py
[2025-04-14T16:26:24.187+0000] {processor.py:914} INFO - Processing file /home/airflow/.local/lib/python3.12/site-packages/airflow/example_dags/example_nested_branch_dag.py for tasks to queue
[2025-04-14T16:26:24.189+0000] {logging_mixin.py:190} INFO - [2025-04-14T16:26:24.189+0000] {dagbag.py:588} INFO - Filling up the DagBag from /home/airflow/.local/lib/python3.12/site-packages/airflow/example_dags/example_nested_branch_dag.py
[2025-04-14T16:26:24.206+0000] {processor.py:925} INFO - DAG(s) 'example_nested_branch_dag' retrieved from /home/airflow/.local/lib/python3.12/site-packages/airflow/example_dags/example_nested_branch_dag.py
[2025-04-14T16:26:24.236+0000] {logging_mixin.py:190} INFO - [2025-04-14T16:26:24.236+0000] {dag.py:3239} INFO - Sync 1 DAGs
[2025-04-14T16:26:24.274+0000] {logging_mixin.py:190} INFO - [2025-04-14T16:26:24.273+0000] {dag.py:4180} INFO - Setting next_dagrun for example_nested_branch_dag to 2025-04-13 00:00:00+00:00, run_after=2025-04-14 00:00:00+00:00
[2025-04-14T16:26:24.301+0000] {processor.py:208} INFO - Processing /home/airflow/.local/lib/python3.12/site-packages/airflow/example_dags/example_nested_branch_dag.py took 0.124 seconds
[2025-04-14T16:26:57.008+0000] {processor.py:186} INFO - Started process (PID=309) to work on /home/airflow/.local/lib/python3.12/site-packages/airflow/example_dags/example_nested_branch_dag.py
[2025-04-14T16:26:57.011+0000] {processor.py:914} INFO - Processing file /home/airflow/.local/lib/python3.12/site-packages/airflow/example_dags/example_nested_branch_dag.py for tasks to queue
[2025-04-14T16:26:57.016+0000] {logging_mixin.py:190} INFO - [2025-04-14T16:26:57.015+0000] {dagbag.py:588} INFO - Filling up the DagBag from /home/airflow/.local/lib/python3.12/site-packages/airflow/example_dags/example_nested_branch_dag.py
[2025-04-14T16:26:57.041+0000] {processor.py:925} INFO - DAG(s) 'example_nested_branch_dag' retrieved from /home/airflow/.local/lib/python3.12/site-packages/airflow/example_dags/example_nested_branch_dag.py
[2025-04-14T16:26:57.132+0000] {logging_mixin.py:190} INFO - [2025-04-14T16:26:57.132+0000] {dag.py:3239} INFO - Sync 1 DAGs
[2025-04-14T16:26:57.229+0000] {logging_mixin.py:190} INFO - [2025-04-14T16:26:57.229+0000] {dag.py:4180} INFO - Setting next_dagrun for example_nested_branch_dag to 2025-04-13 00:00:00+00:00, run_after=2025-04-14 00:00:00+00:00
[2025-04-14T16:26:57.276+0000] {processor.py:208} INFO - Processing /home/airflow/.local/lib/python3.12/site-packages/airflow/example_dags/example_nested_branch_dag.py took 0.284 seconds
