[2025-04-14T16:25:21.510+0000] {processor.py:186} INFO - Started process (PID=130) to work on /home/airflow/.local/lib/python3.12/site-packages/airflow/example_dags/example_sla_dag.py
[2025-04-14T16:25:21.512+0000] {processor.py:914} INFO - Processing file /home/airflow/.local/lib/python3.12/site-packages/airflow/example_dags/example_sla_dag.py for tasks to queue
[2025-04-14T16:25:21.515+0000] {logging_mixin.py:190} INFO - [2025-04-14T16:25:21.514+0000] {dagbag.py:588} INFO - Filling up the DagBag from /home/airflow/.local/lib/python3.12/site-packages/airflow/example_dags/example_sla_dag.py
[2025-04-14T16:25:21.529+0000] {processor.py:925} INFO - DAG(s) 'example_sla_dag' retrieved from /home/airflow/.local/lib/python3.12/site-packages/airflow/example_dags/example_sla_dag.py
[2025-04-14T16:25:21.705+0000] {logging_mixin.py:190} INFO - [2025-04-14T16:25:21.705+0000] {dag.py:3239} INFO - Sync 1 DAGs
[2025-04-14T16:25:21.741+0000] {logging_mixin.py:190} INFO - [2025-04-14T16:25:21.741+0000] {dag.py:4180} INFO - Setting next_dagrun for example_sla_dag to 2025-04-14 16:22:00+00:00, run_after=2025-04-14 16:24:00+00:00
[2025-04-14T16:25:21.783+0000] {processor.py:208} INFO - Processing /home/airflow/.local/lib/python3.12/site-packages/airflow/example_dags/example_sla_dag.py took 0.281 seconds
[2025-04-14T16:26:00.204+0000] {processor.py:186} INFO - Started process (PID=193) to work on /home/airflow/.local/lib/python3.12/site-packages/airflow/example_dags/example_sla_dag.py
[2025-04-14T16:26:00.205+0000] {processor.py:914} INFO - Processing file /home/airflow/.local/lib/python3.12/site-packages/airflow/example_dags/example_sla_dag.py for tasks to queue
[2025-04-14T16:26:00.210+0000] {logging_mixin.py:190} INFO - [2025-04-14T16:26:00.210+0000] {dagbag.py:588} INFO - Filling up the DagBag from /home/airflow/.local/lib/python3.12/site-packages/airflow/example_dags/example_sla_dag.py
[2025-04-14T16:26:00.223+0000] {processor.py:925} INFO - DAG(s) 'example_sla_dag' retrieved from /home/airflow/.local/lib/python3.12/site-packages/airflow/example_dags/example_sla_dag.py
[2025-04-14T16:26:00.247+0000] {logging_mixin.py:190} INFO - [2025-04-14T16:26:00.246+0000] {dag.py:3239} INFO - Sync 1 DAGs
[2025-04-14T16:26:00.290+0000] {logging_mixin.py:190} INFO - [2025-04-14T16:26:00.289+0000] {dag.py:4180} INFO - Setting next_dagrun for example_sla_dag to 2025-04-14 16:24:00+00:00, run_after=2025-04-14 16:26:00+00:00
[2025-04-14T16:26:00.319+0000] {processor.py:208} INFO - Processing /home/airflow/.local/lib/python3.12/site-packages/airflow/example_dags/example_sla_dag.py took 0.126 seconds
[2025-04-14T16:26:31.650+0000] {processor.py:186} INFO - Started process (PID=255) to work on /home/airflow/.local/lib/python3.12/site-packages/airflow/example_dags/example_sla_dag.py
[2025-04-14T16:26:31.657+0000] {processor.py:914} INFO - Processing file /home/airflow/.local/lib/python3.12/site-packages/airflow/example_dags/example_sla_dag.py for tasks to queue
[2025-04-14T16:26:31.678+0000] {logging_mixin.py:190} INFO - [2025-04-14T16:26:31.675+0000] {dagbag.py:588} INFO - Filling up the DagBag from /home/airflow/.local/lib/python3.12/site-packages/airflow/example_dags/example_sla_dag.py
[2025-04-14T16:26:31.759+0000] {processor.py:925} INFO - DAG(s) 'example_sla_dag' retrieved from /home/airflow/.local/lib/python3.12/site-packages/airflow/example_dags/example_sla_dag.py
[2025-04-14T16:26:31.958+0000] {logging_mixin.py:190} INFO - [2025-04-14T16:26:31.956+0000] {dag.py:3239} INFO - Sync 1 DAGs
[2025-04-14T16:26:32.443+0000] {logging_mixin.py:190} INFO - [2025-04-14T16:26:32.441+0000] {dag.py:4180} INFO - Setting next_dagrun for example_sla_dag to 2025-04-14 16:24:00+00:00, run_after=2025-04-14 16:26:00+00:00
[2025-04-14T16:26:32.667+0000] {processor.py:208} INFO - Processing /home/airflow/.local/lib/python3.12/site-packages/airflow/example_dags/example_sla_dag.py took 1.054 seconds
