[2025-04-14T16:25:18.316+0000] {processor.py:186} INFO - Started process (PID=118) to work on /home/airflow/.local/lib/python3.12/site-packages/airflow/example_dags/example_kubernetes_executor.py
[2025-04-14T16:25:18.317+0000] {processor.py:914} INFO - Processing file /home/airflow/.local/lib/python3.12/site-packages/airflow/example_dags/example_kubernetes_executor.py for tasks to queue
[2025-04-14T16:25:18.321+0000] {logging_mixin.py:190} INFO - [2025-04-14T16:25:18.321+0000] {dagbag.py:588} INFO - Filling up the DagBag from /home/airflow/.local/lib/python3.12/site-packages/airflow/example_dags/example_kubernetes_executor.py
[2025-04-14T16:25:18.350+0000] {processor.py:925} INFO - DAG(s) 'example_kubernetes_executor' retrieved from /home/airflow/.local/lib/python3.12/site-packages/airflow/example_dags/example_kubernetes_executor.py
[2025-04-14T16:25:18.561+0000] {logging_mixin.py:190} INFO - [2025-04-14T16:25:18.561+0000] {dag.py:3239} INFO - Sync 1 DAGs
[2025-04-14T16:25:18.580+0000] {logging_mixin.py:190} INFO - [2025-04-14T16:25:18.580+0000] {dag.py:4180} INFO - Setting next_dagrun for example_kubernetes_executor to None, run_after=None
[2025-04-14T16:25:18.605+0000] {processor.py:208} INFO - Processing /home/airflow/.local/lib/python3.12/site-packages/airflow/example_dags/example_kubernetes_executor.py took 0.300 seconds
[2025-04-14T16:25:49.976+0000] {processor.py:186} INFO - Started process (PID=181) to work on /home/airflow/.local/lib/python3.12/site-packages/airflow/example_dags/example_kubernetes_executor.py
[2025-04-14T16:25:49.978+0000] {processor.py:914} INFO - Processing file /home/airflow/.local/lib/python3.12/site-packages/airflow/example_dags/example_kubernetes_executor.py for tasks to queue
[2025-04-14T16:25:49.990+0000] {logging_mixin.py:190} INFO - [2025-04-14T16:25:49.989+0000] {dagbag.py:588} INFO - Filling up the DagBag from /home/airflow/.local/lib/python3.12/site-packages/airflow/example_dags/example_kubernetes_executor.py
[2025-04-14T16:25:50.074+0000] {processor.py:925} INFO - DAG(s) 'example_kubernetes_executor' retrieved from /home/airflow/.local/lib/python3.12/site-packages/airflow/example_dags/example_kubernetes_executor.py
[2025-04-14T16:25:50.315+0000] {logging_mixin.py:190} INFO - [2025-04-14T16:25:50.314+0000] {dag.py:3239} INFO - Sync 1 DAGs
[2025-04-14T16:25:50.637+0000] {logging_mixin.py:190} INFO - [2025-04-14T16:25:50.637+0000] {dag.py:4180} INFO - Setting next_dagrun for example_kubernetes_executor to None, run_after=None
[2025-04-14T16:25:51.004+0000] {processor.py:208} INFO - Processing /home/airflow/.local/lib/python3.12/site-packages/airflow/example_dags/example_kubernetes_executor.py took 1.061 seconds
[2025-04-14T16:26:24.025+0000] {processor.py:186} INFO - Started process (PID=244) to work on /home/airflow/.local/lib/python3.12/site-packages/airflow/example_dags/example_kubernetes_executor.py
[2025-04-14T16:26:24.028+0000] {processor.py:914} INFO - Processing file /home/airflow/.local/lib/python3.12/site-packages/airflow/example_dags/example_kubernetes_executor.py for tasks to queue
[2025-04-14T16:26:24.031+0000] {logging_mixin.py:190} INFO - [2025-04-14T16:26:24.031+0000] {dagbag.py:588} INFO - Filling up the DagBag from /home/airflow/.local/lib/python3.12/site-packages/airflow/example_dags/example_kubernetes_executor.py
[2025-04-14T16:26:24.052+0000] {processor.py:925} INFO - DAG(s) 'example_kubernetes_executor' retrieved from /home/airflow/.local/lib/python3.12/site-packages/airflow/example_dags/example_kubernetes_executor.py
[2025-04-14T16:26:24.087+0000] {logging_mixin.py:190} INFO - [2025-04-14T16:26:24.087+0000] {dag.py:3239} INFO - Sync 1 DAGs
[2025-04-14T16:26:24.108+0000] {logging_mixin.py:190} INFO - [2025-04-14T16:26:24.107+0000] {dag.py:4180} INFO - Setting next_dagrun for example_kubernetes_executor to None, run_after=None
[2025-04-14T16:26:24.136+0000] {processor.py:208} INFO - Processing /home/airflow/.local/lib/python3.12/site-packages/airflow/example_dags/example_kubernetes_executor.py took 0.122 seconds
[2025-04-14T16:26:56.676+0000] {processor.py:186} INFO - Started process (PID=307) to work on /home/airflow/.local/lib/python3.12/site-packages/airflow/example_dags/example_kubernetes_executor.py
[2025-04-14T16:26:56.677+0000] {processor.py:914} INFO - Processing file /home/airflow/.local/lib/python3.12/site-packages/airflow/example_dags/example_kubernetes_executor.py for tasks to queue
[2025-04-14T16:26:56.680+0000] {logging_mixin.py:190} INFO - [2025-04-14T16:26:56.680+0000] {dagbag.py:588} INFO - Filling up the DagBag from /home/airflow/.local/lib/python3.12/site-packages/airflow/example_dags/example_kubernetes_executor.py
[2025-04-14T16:26:56.708+0000] {processor.py:925} INFO - DAG(s) 'example_kubernetes_executor' retrieved from /home/airflow/.local/lib/python3.12/site-packages/airflow/example_dags/example_kubernetes_executor.py
[2025-04-14T16:26:56.754+0000] {logging_mixin.py:190} INFO - [2025-04-14T16:26:56.753+0000] {dag.py:3239} INFO - Sync 1 DAGs
[2025-04-14T16:26:56.825+0000] {logging_mixin.py:190} INFO - [2025-04-14T16:26:56.825+0000] {dag.py:4180} INFO - Setting next_dagrun for example_kubernetes_executor to None, run_after=None
[2025-04-14T16:26:56.864+0000] {processor.py:208} INFO - Processing /home/airflow/.local/lib/python3.12/site-packages/airflow/example_dags/example_kubernetes_executor.py took 0.199 seconds
