[2025-04-14T16:24:58.374+0000] {processor.py:186} INFO - Started process (PID=80) to work on /home/airflow/.local/lib/python3.12/site-packages/airflow/example_dags/example_branch_operator_decorator.py
[2025-04-14T16:24:58.376+0000] {processor.py:914} INFO - Processing file /home/airflow/.local/lib/python3.12/site-packages/airflow/example_dags/example_branch_operator_decorator.py for tasks to queue
[2025-04-14T16:24:58.380+0000] {logging_mixin.py:190} INFO - [2025-04-14T16:24:58.380+0000] {dagbag.py:588} INFO - Filling up the DagBag from /home/airflow/.local/lib/python3.12/site-packages/airflow/example_dags/example_branch_operator_decorator.py
[2025-04-14T16:24:58.435+0000] {processor.py:925} INFO - DAG(s) 'example_branch_python_operator_decorator' retrieved from /home/airflow/.local/lib/python3.12/site-packages/airflow/example_dags/example_branch_operator_decorator.py
[2025-04-14T16:24:58.639+0000] {logging_mixin.py:190} INFO - [2025-04-14T16:24:58.639+0000] {dag.py:3239} INFO - Sync 1 DAGs
[2025-04-14T16:24:58.682+0000] {logging_mixin.py:190} INFO - [2025-04-14T16:24:58.682+0000] {dag.py:4180} INFO - Setting next_dagrun for example_branch_python_operator_decorator to 2025-04-13 00:00:00+00:00, run_after=2025-04-14 00:00:00+00:00
[2025-04-14T16:24:58.722+0000] {processor.py:208} INFO - Processing /home/airflow/.local/lib/python3.12/site-packages/airflow/example_dags/example_branch_operator_decorator.py took 0.356 seconds
[2025-04-14T16:25:33.535+0000] {processor.py:186} INFO - Started process (PID=144) to work on /home/airflow/.local/lib/python3.12/site-packages/airflow/example_dags/example_branch_operator_decorator.py
[2025-04-14T16:25:33.546+0000] {processor.py:914} INFO - Processing file /home/airflow/.local/lib/python3.12/site-packages/airflow/example_dags/example_branch_operator_decorator.py for tasks to queue
[2025-04-14T16:25:33.571+0000] {logging_mixin.py:190} INFO - [2025-04-14T16:25:33.565+0000] {dagbag.py:588} INFO - Filling up the DagBag from /home/airflow/.local/lib/python3.12/site-packages/airflow/example_dags/example_branch_operator_decorator.py
[2025-04-14T16:25:33.903+0000] {processor.py:925} INFO - DAG(s) 'example_branch_python_operator_decorator' retrieved from /home/airflow/.local/lib/python3.12/site-packages/airflow/example_dags/example_branch_operator_decorator.py
[2025-04-14T16:25:34.605+0000] {logging_mixin.py:190} INFO - [2025-04-14T16:25:34.603+0000] {dag.py:3239} INFO - Sync 1 DAGs
[2025-04-14T16:25:35.031+0000] {logging_mixin.py:190} INFO - [2025-04-14T16:25:35.030+0000] {dag.py:4180} INFO - Setting next_dagrun for example_branch_python_operator_decorator to 2025-04-13 00:00:00+00:00, run_after=2025-04-14 00:00:00+00:00
[2025-04-14T16:25:35.214+0000] {processor.py:208} INFO - Processing /home/airflow/.local/lib/python3.12/site-packages/airflow/example_dags/example_branch_operator_decorator.py took 1.858 seconds
[2025-04-14T16:26:05.988+0000] {processor.py:186} INFO - Started process (PID=207) to work on /home/airflow/.local/lib/python3.12/site-packages/airflow/example_dags/example_branch_operator_decorator.py
[2025-04-14T16:26:05.992+0000] {processor.py:914} INFO - Processing file /home/airflow/.local/lib/python3.12/site-packages/airflow/example_dags/example_branch_operator_decorator.py for tasks to queue
[2025-04-14T16:26:06.001+0000] {logging_mixin.py:190} INFO - [2025-04-14T16:26:06.000+0000] {dagbag.py:588} INFO - Filling up the DagBag from /home/airflow/.local/lib/python3.12/site-packages/airflow/example_dags/example_branch_operator_decorator.py
[2025-04-14T16:26:06.077+0000] {processor.py:925} INFO - DAG(s) 'example_branch_python_operator_decorator' retrieved from /home/airflow/.local/lib/python3.12/site-packages/airflow/example_dags/example_branch_operator_decorator.py
[2025-04-14T16:26:06.129+0000] {logging_mixin.py:190} INFO - [2025-04-14T16:26:06.129+0000] {dag.py:3239} INFO - Sync 1 DAGs
[2025-04-14T16:26:06.169+0000] {logging_mixin.py:190} INFO - [2025-04-14T16:26:06.169+0000] {dag.py:4180} INFO - Setting next_dagrun for example_branch_python_operator_decorator to 2025-04-13 00:00:00+00:00, run_after=2025-04-14 00:00:00+00:00
[2025-04-14T16:26:06.204+0000] {processor.py:208} INFO - Processing /home/airflow/.local/lib/python3.12/site-packages/airflow/example_dags/example_branch_operator_decorator.py took 0.238 seconds
[2025-04-14T16:26:52.856+0000] {processor.py:186} INFO - Started process (PID=276) to work on /home/airflow/.local/lib/python3.12/site-packages/airflow/example_dags/example_branch_operator_decorator.py
[2025-04-14T16:26:52.858+0000] {processor.py:914} INFO - Processing file /home/airflow/.local/lib/python3.12/site-packages/airflow/example_dags/example_branch_operator_decorator.py for tasks to queue
[2025-04-14T16:26:52.862+0000] {logging_mixin.py:190} INFO - [2025-04-14T16:26:52.862+0000] {dagbag.py:588} INFO - Filling up the DagBag from /home/airflow/.local/lib/python3.12/site-packages/airflow/example_dags/example_branch_operator_decorator.py
[2025-04-14T16:26:52.914+0000] {processor.py:925} INFO - DAG(s) 'example_branch_python_operator_decorator' retrieved from /home/airflow/.local/lib/python3.12/site-packages/airflow/example_dags/example_branch_operator_decorator.py
[2025-04-14T16:26:52.990+0000] {logging_mixin.py:190} INFO - [2025-04-14T16:26:52.990+0000] {dag.py:3239} INFO - Sync 1 DAGs
[2025-04-14T16:26:53.058+0000] {logging_mixin.py:190} INFO - [2025-04-14T16:26:53.057+0000] {dag.py:4180} INFO - Setting next_dagrun for example_branch_python_operator_decorator to 2025-04-13 00:00:00+00:00, run_after=2025-04-14 00:00:00+00:00
[2025-04-14T16:26:53.106+0000] {processor.py:208} INFO - Processing /home/airflow/.local/lib/python3.12/site-packages/airflow/example_dags/example_branch_operator_decorator.py took 0.259 seconds
