[2025-04-14T16:25:15.332+0000] {processor.py:186} INFO - Started process (PID=104) to work on /home/airflow/.local/lib/python3.12/site-packages/airflow/example_dags/tutorial_taskflow_api.py
[2025-04-14T16:25:15.334+0000] {processor.py:914} INFO - Processing file /home/airflow/.local/lib/python3.12/site-packages/airflow/example_dags/tutorial_taskflow_api.py for tasks to queue
[2025-04-14T16:25:15.346+0000] {logging_mixin.py:190} INFO - [2025-04-14T16:25:15.345+0000] {dagbag.py:588} INFO - Filling up the DagBag from /home/airflow/.local/lib/python3.12/site-packages/airflow/example_dags/tutorial_taskflow_api.py
[2025-04-14T16:25:15.373+0000] {processor.py:925} INFO - DAG(s) 'tutorial_taskflow_api' retrieved from /home/airflow/.local/lib/python3.12/site-packages/airflow/example_dags/tutorial_taskflow_api.py
[2025-04-14T16:25:15.633+0000] {logging_mixin.py:190} INFO - [2025-04-14T16:25:15.633+0000] {dag.py:3239} INFO - Sync 1 DAGs
[2025-04-14T16:25:15.651+0000] {logging_mixin.py:190} INFO - [2025-04-14T16:25:15.651+0000] {dag.py:4180} INFO - Setting next_dagrun for tutorial_taskflow_api to None, run_after=None
[2025-04-14T16:25:15.682+0000] {processor.py:208} INFO - Processing /home/airflow/.local/lib/python3.12/site-packages/airflow/example_dags/tutorial_taskflow_api.py took 0.367 seconds
[2025-04-14T16:25:45.854+0000] {processor.py:186} INFO - Started process (PID=167) to work on /home/airflow/.local/lib/python3.12/site-packages/airflow/example_dags/tutorial_taskflow_api.py
[2025-04-14T16:25:45.861+0000] {processor.py:914} INFO - Processing file /home/airflow/.local/lib/python3.12/site-packages/airflow/example_dags/tutorial_taskflow_api.py for tasks to queue
[2025-04-14T16:25:45.866+0000] {logging_mixin.py:190} INFO - [2025-04-14T16:25:45.865+0000] {dagbag.py:588} INFO - Filling up the DagBag from /home/airflow/.local/lib/python3.12/site-packages/airflow/example_dags/tutorial_taskflow_api.py
[2025-04-14T16:25:45.886+0000] {processor.py:925} INFO - DAG(s) 'tutorial_taskflow_api' retrieved from /home/airflow/.local/lib/python3.12/site-packages/airflow/example_dags/tutorial_taskflow_api.py
[2025-04-14T16:25:45.937+0000] {logging_mixin.py:190} INFO - [2025-04-14T16:25:45.937+0000] {dag.py:3239} INFO - Sync 1 DAGs
[2025-04-14T16:25:45.986+0000] {logging_mixin.py:190} INFO - [2025-04-14T16:25:45.985+0000] {dag.py:4180} INFO - Setting next_dagrun for tutorial_taskflow_api to None, run_after=None
[2025-04-14T16:25:46.057+0000] {processor.py:208} INFO - Processing /home/airflow/.local/lib/python3.12/site-packages/airflow/example_dags/tutorial_taskflow_api.py took 0.220 seconds
[2025-04-14T16:26:17.022+0000] {processor.py:186} INFO - Started process (PID=230) to work on /home/airflow/.local/lib/python3.12/site-packages/airflow/example_dags/tutorial_taskflow_api.py
[2025-04-14T16:26:17.028+0000] {processor.py:914} INFO - Processing file /home/airflow/.local/lib/python3.12/site-packages/airflow/example_dags/tutorial_taskflow_api.py for tasks to queue
[2025-04-14T16:26:17.046+0000] {logging_mixin.py:190} INFO - [2025-04-14T16:26:17.044+0000] {dagbag.py:588} INFO - Filling up the DagBag from /home/airflow/.local/lib/python3.12/site-packages/airflow/example_dags/tutorial_taskflow_api.py
[2025-04-14T16:26:17.115+0000] {processor.py:925} INFO - DAG(s) 'tutorial_taskflow_api' retrieved from /home/airflow/.local/lib/python3.12/site-packages/airflow/example_dags/tutorial_taskflow_api.py
[2025-04-14T16:26:17.248+0000] {logging_mixin.py:190} INFO - [2025-04-14T16:26:17.246+0000] {dag.py:3239} INFO - Sync 1 DAGs
[2025-04-14T16:26:17.507+0000] {logging_mixin.py:190} INFO - [2025-04-14T16:26:17.505+0000] {dag.py:4180} INFO - Setting next_dagrun for tutorial_taskflow_api to None, run_after=None
[2025-04-14T16:26:17.725+0000] {processor.py:208} INFO - Processing /home/airflow/.local/lib/python3.12/site-packages/airflow/example_dags/tutorial_taskflow_api.py took 0.741 seconds
[2025-04-14T16:26:55.426+0000] {processor.py:186} INFO - Started process (PID=293) to work on /home/airflow/.local/lib/python3.12/site-packages/airflow/example_dags/tutorial_taskflow_api.py
[2025-04-14T16:26:55.427+0000] {processor.py:914} INFO - Processing file /home/airflow/.local/lib/python3.12/site-packages/airflow/example_dags/tutorial_taskflow_api.py for tasks to queue
[2025-04-14T16:26:55.430+0000] {logging_mixin.py:190} INFO - [2025-04-14T16:26:55.429+0000] {dagbag.py:588} INFO - Filling up the DagBag from /home/airflow/.local/lib/python3.12/site-packages/airflow/example_dags/tutorial_taskflow_api.py
[2025-04-14T16:26:55.439+0000] {processor.py:925} INFO - DAG(s) 'tutorial_taskflow_api' retrieved from /home/airflow/.local/lib/python3.12/site-packages/airflow/example_dags/tutorial_taskflow_api.py
[2025-04-14T16:26:55.462+0000] {logging_mixin.py:190} INFO - [2025-04-14T16:26:55.462+0000] {dag.py:3239} INFO - Sync 1 DAGs
[2025-04-14T16:26:55.479+0000] {logging_mixin.py:190} INFO - [2025-04-14T16:26:55.479+0000] {dag.py:4180} INFO - Setting next_dagrun for tutorial_taskflow_api to None, run_after=None
[2025-04-14T16:26:55.501+0000] {processor.py:208} INFO - Processing /home/airflow/.local/lib/python3.12/site-packages/airflow/example_dags/tutorial_taskflow_api.py took 0.081 seconds
