[2025-04-14T16:25:15.522+0000] {processor.py:186} INFO - Started process (PID=105) to work on /home/airflow/.local/lib/python3.12/site-packages/airflow/example_dags/tutorial_objectstorage.py
[2025-04-14T16:25:15.524+0000] {processor.py:914} INFO - Processing file /home/airflow/.local/lib/python3.12/site-packages/airflow/example_dags/tutorial_objectstorage.py for tasks to queue
[2025-04-14T16:25:15.527+0000] {logging_mixin.py:190} INFO - [2025-04-14T16:25:15.527+0000] {dagbag.py:588} INFO - Filling up the DagBag from /home/airflow/.local/lib/python3.12/site-packages/airflow/example_dags/tutorial_objectstorage.py
[2025-04-14T16:25:15.547+0000] {processor.py:925} INFO - DAG(s) 'tutorial_objectstorage' retrieved from /home/airflow/.local/lib/python3.12/site-packages/airflow/example_dags/tutorial_objectstorage.py
[2025-04-14T16:25:15.729+0000] {logging_mixin.py:190} INFO - [2025-04-14T16:25:15.729+0000] {dag.py:3239} INFO - Sync 1 DAGs
[2025-04-14T16:25:15.756+0000] {logging_mixin.py:190} INFO - [2025-04-14T16:25:15.755+0000] {dag.py:4180} INFO - Setting next_dagrun for tutorial_objectstorage to None, run_after=None
[2025-04-14T16:25:15.803+0000] {processor.py:208} INFO - Processing /home/airflow/.local/lib/python3.12/site-packages/airflow/example_dags/tutorial_objectstorage.py took 0.289 seconds
[2025-04-14T16:25:46.210+0000] {processor.py:186} INFO - Started process (PID=168) to work on /home/airflow/.local/lib/python3.12/site-packages/airflow/example_dags/tutorial_objectstorage.py
[2025-04-14T16:25:46.215+0000] {processor.py:914} INFO - Processing file /home/airflow/.local/lib/python3.12/site-packages/airflow/example_dags/tutorial_objectstorage.py for tasks to queue
[2025-04-14T16:25:46.221+0000] {logging_mixin.py:190} INFO - [2025-04-14T16:25:46.220+0000] {dagbag.py:588} INFO - Filling up the DagBag from /home/airflow/.local/lib/python3.12/site-packages/airflow/example_dags/tutorial_objectstorage.py
[2025-04-14T16:25:46.265+0000] {processor.py:925} INFO - DAG(s) 'tutorial_objectstorage' retrieved from /home/airflow/.local/lib/python3.12/site-packages/airflow/example_dags/tutorial_objectstorage.py
[2025-04-14T16:25:46.349+0000] {logging_mixin.py:190} INFO - [2025-04-14T16:25:46.349+0000] {dag.py:3239} INFO - Sync 1 DAGs
[2025-04-14T16:25:46.440+0000] {logging_mixin.py:190} INFO - [2025-04-14T16:25:46.440+0000] {dag.py:4180} INFO - Setting next_dagrun for tutorial_objectstorage to None, run_after=None
[2025-04-14T16:25:46.515+0000] {processor.py:208} INFO - Processing /home/airflow/.local/lib/python3.12/site-packages/airflow/example_dags/tutorial_objectstorage.py took 0.326 seconds
[2025-04-14T16:26:18.110+0000] {processor.py:186} INFO - Started process (PID=231) to work on /home/airflow/.local/lib/python3.12/site-packages/airflow/example_dags/tutorial_objectstorage.py
[2025-04-14T16:26:18.114+0000] {processor.py:914} INFO - Processing file /home/airflow/.local/lib/python3.12/site-packages/airflow/example_dags/tutorial_objectstorage.py for tasks to queue
[2025-04-14T16:26:18.136+0000] {logging_mixin.py:190} INFO - [2025-04-14T16:26:18.134+0000] {dagbag.py:588} INFO - Filling up the DagBag from /home/airflow/.local/lib/python3.12/site-packages/airflow/example_dags/tutorial_objectstorage.py
[2025-04-14T16:26:18.210+0000] {processor.py:925} INFO - DAG(s) 'tutorial_objectstorage' retrieved from /home/airflow/.local/lib/python3.12/site-packages/airflow/example_dags/tutorial_objectstorage.py
[2025-04-14T16:26:18.332+0000] {logging_mixin.py:190} INFO - [2025-04-14T16:26:18.331+0000] {dag.py:3239} INFO - Sync 1 DAGs
[2025-04-14T16:26:18.531+0000] {logging_mixin.py:190} INFO - [2025-04-14T16:26:18.530+0000] {dag.py:4180} INFO - Setting next_dagrun for tutorial_objectstorage to None, run_after=None
[2025-04-14T16:26:18.814+0000] {processor.py:208} INFO - Processing /home/airflow/.local/lib/python3.12/site-packages/airflow/example_dags/tutorial_objectstorage.py took 0.743 seconds
[2025-04-14T16:26:55.473+0000] {processor.py:186} INFO - Started process (PID=294) to work on /home/airflow/.local/lib/python3.12/site-packages/airflow/example_dags/tutorial_objectstorage.py
[2025-04-14T16:26:55.474+0000] {processor.py:914} INFO - Processing file /home/airflow/.local/lib/python3.12/site-packages/airflow/example_dags/tutorial_objectstorage.py for tasks to queue
[2025-04-14T16:26:55.476+0000] {logging_mixin.py:190} INFO - [2025-04-14T16:26:55.476+0000] {dagbag.py:588} INFO - Filling up the DagBag from /home/airflow/.local/lib/python3.12/site-packages/airflow/example_dags/tutorial_objectstorage.py
[2025-04-14T16:26:55.486+0000] {processor.py:925} INFO - DAG(s) 'tutorial_objectstorage' retrieved from /home/airflow/.local/lib/python3.12/site-packages/airflow/example_dags/tutorial_objectstorage.py
[2025-04-14T16:26:55.511+0000] {logging_mixin.py:190} INFO - [2025-04-14T16:26:55.510+0000] {dag.py:3239} INFO - Sync 1 DAGs
[2025-04-14T16:26:55.530+0000] {logging_mixin.py:190} INFO - [2025-04-14T16:26:55.530+0000] {dag.py:4180} INFO - Setting next_dagrun for tutorial_objectstorage to None, run_after=None
[2025-04-14T16:26:55.555+0000] {processor.py:208} INFO - Processing /home/airflow/.local/lib/python3.12/site-packages/airflow/example_dags/tutorial_objectstorage.py took 0.090 seconds
